Fri 06 Sep 2024 16:34:17 INFO  
General Hyper Parameters:
gpu_id = 0
use_gpu = True
seed = 2020
state = INFO
reproducibility = True
data_path = dataset/downstream/Allplan
checkpoint_dir = saved
show_progress = True
save_dataset = False
dataset_save_path = None
save_dataloaders = False
dataloaders_save_path = None
log_wandb = True

Training Hyper Parameters:
epochs = 300
train_batch_size = 1024
learner = adam
learning_rate = 0.001
train_neg_sample_args = {'distribution': 'none', 'sample_num': 'none', 'alpha': 'none', 'dynamic': False, 'candidate_num': 0}
eval_step = 1
stopping_step = 500
clip_grad_norm = None
weight_decay = 0.0
loss_decimal_place = 4

Evaluation Hyper Parameters:
eval_args = {'split': {'LS': 'valid_and_test'}, 'order': 'TO', 'group_by': 'user', 'mode': {'valid': 'full', 'test': 'full'}}
repeatable = True
metrics = ['HIT', 'NDCG']
topk = [5, 10]
valid_metric = NDCG@5
valid_metric_bigger = True
eval_batch_size = 1024
metric_decimal_place = 4

Dataset Hyper Parameters:
field_separator = 	
seq_separator =  
USER_ID_FIELD = user_id
ITEM_ID_FIELD = item_id
RATING_FIELD = rating
TIME_FIELD = timestamp
seq_len = None
LABEL_FIELD = label
threshold = None
NEG_PREFIX = neg_
load_col = {'inter': ['user_id', 'item_id_list', 'item_id']}
unload_col = None
unused_col = None
additional_feat_suffix = None
rm_dup_inter = None
val_interval = None
filter_inter_by_user_or_item = True
user_inter_num_interval = [0,inf)
item_inter_num_interval = [0,inf)
alias_of_user_id = None
alias_of_item_id = ['item_id_list']
alias_of_entity_id = None
alias_of_relation_id = None
preload_weight = None
normalize_field = None
normalize_all = None
ITEM_LIST_LENGTH_FIELD = item_length
LIST_SUFFIX = _list
MAX_ITEM_LIST_LENGTH = 50
POSITION_FIELD = position_id
HEAD_ENTITY_ID_FIELD = head_id
TAIL_ENTITY_ID_FIELD = tail_id
RELATION_ID_FIELD = relation_id
ENTITY_ID_FIELD = entity_id
benchmark_filename = ['train', 'valid', 'test']

Other Hyper Parameters: 
worker = 0
wandb_project = recbole
shuffle = True
require_pow = False
enable_amp = False
enable_scaler = False
transform = None
numerical_features = []
discretization = None
kg_reverse_r = False
entity_kg_num_interval = [0,inf)
relation_kg_num_interval = [0,inf)
MODEL_TYPE = ModelType.SEQUENTIAL
n_layers = 2
n_heads = 2
hidden_size = 300
inner_size = 256
hidden_dropout_prob = 0.5
attn_dropout_prob = 0.5
hidden_act = gelu
layer_norm_eps = 1e-12
initializer_range = 0.02
loss_type = CE
item_drop_ratio = 0.2
item_drop_coefficient = 0.9
lambda = 0.001
plm_suffix = feat1CLS
plm_suffix_aug = feat2CLS
train_stage = transductive_ft
plm_size = 768
adaptor_dropout_prob = 0.2
adaptor_layers = [768, 300]
temperature = 0.07
n_exps = 8
unisrec_transform = None
MODEL_INPUT_TYPE = InputType.POINTWISE
eval_type = EvaluatorType.RANKING
single_spec = True
local_rank = 0
device = cuda
valid_neg_sample_args = {'distribution': 'uniform', 'sample_num': 'none'}
test_neg_sample_args = {'distribution': 'uniform', 'sample_num': 'none'}


Fri 06 Sep 2024 16:34:35 INFO  Allplan
The number of users: 470
Average actions of users: 1602.6460554371001
The number of items: 1674
Average actions of items: 449.2773460848775
The number of inters: 751641
The sparsity of the dataset: 4.466178601387938%
Remain Fields: ['user_id', 'item_id_list', 'item_id', 'item_length']
Fri 06 Sep 2024 16:34:44 INFO  [Training]: train_batch_size = [1024] train_neg_sample_args: [{'distribution': 'none', 'sample_num': 'none', 'alpha': 'none', 'dynamic': False, 'candidate_num': 0}]
Fri 06 Sep 2024 16:34:44 INFO  [Evaluation]: eval_batch_size = [1024] eval_args: [{'split': {'LS': 'valid_and_test'}, 'order': 'TO', 'group_by': 'user', 'mode': {'valid': 'full', 'test': 'full'}}]
Fri 06 Sep 2024 16:34:44 INFO  Loading from saved/UniSRec-FHCKM-300.pth
Fri 06 Sep 2024 16:34:45 INFO  Transfer [FHCKM] -> [Allplan
The number of users: 470
Average actions of users: 1602.6460554371001
The number of items: 1674
Average actions of items: 449.2773460848775
The number of inters: 751641
The sparsity of the dataset: 4.466178601387938%
Remain Fields: ['user_id', 'item_id_list', 'item_id', 'item_length']]
Fri 06 Sep 2024 16:34:45 INFO  Fix encoder parameters.
Fri 06 Sep 2024 16:34:45 INFO  UniSRec(
  (item_embedding): Embedding(1674, 300, padding_idx=0)
  (position_embedding): Embedding(50, 300)
  (trm_encoder): TransformerEncoder(
    (layer): ModuleList(
      (0-1): 2 x TransformerLayer(
        (multi_head_attention): MultiHeadAttention(
          (query): Linear(in_features=300, out_features=300, bias=True)
          (key): Linear(in_features=300, out_features=300, bias=True)
          (value): Linear(in_features=300, out_features=300, bias=True)
          (softmax): Softmax(dim=-1)
          (attn_dropout): Dropout(p=0.5, inplace=False)
          (dense): Linear(in_features=300, out_features=300, bias=True)
          (LayerNorm): LayerNorm((300,), eps=1e-12, elementwise_affine=True)
          (out_dropout): Dropout(p=0.5, inplace=False)
        )
        (feed_forward): FeedForward(
          (dense_1): Linear(in_features=300, out_features=256, bias=True)
          (dense_2): Linear(in_features=256, out_features=300, bias=True)
          (LayerNorm): LayerNorm((300,), eps=1e-12, elementwise_affine=True)
          (dropout): Dropout(p=0.5, inplace=False)
        )
      )
    )
  )
  (LayerNorm): LayerNorm((300,), eps=1e-12, elementwise_affine=True)
  (dropout): Dropout(p=0.5, inplace=False)
  (loss_fct): CrossEntropyLoss()
  (plm_embedding): Embedding(1674, 768, padding_idx=0)
  (moe_adaptor): MoEAdaptorLayer(
    (experts): ModuleList(
      (0-7): 8 x PWLayer(
        (dropout): Dropout(p=0.2, inplace=False)
        (lin): Linear(in_features=768, out_features=300, bias=False)
      )
    )
  )
)
Trainable parameters: 2364432
Fri 06 Sep 2024 16:46:39 INFO  epoch 0 training [time: 708.62s, train loss: 2633.2054]
Fri 06 Sep 2024 16:46:39 INFO  epoch 0 evaluating [time: 0.16s, valid_score: 0.360900]
Fri 06 Sep 2024 16:46:39 INFO  valid result: 
hit@5 : 0.5181    hit@10 : 0.6482    ndcg@5 : 0.3609    ndcg@10 : 0.4034
Fri 06 Sep 2024 16:46:40 INFO  Saving current: saved\UniSRec-Sep-06-2024_16-34-48.pth
Fri 06 Sep 2024 16:58:12 INFO  epoch 1 training [time: 692.78s, train loss: 2322.7898]
Fri 06 Sep 2024 16:58:12 INFO  epoch 1 evaluating [time: 0.14s, valid_score: 0.372700]
Fri 06 Sep 2024 16:58:12 INFO  valid result: 
hit@5 : 0.5373    hit@10 : 0.6994    ndcg@5 : 0.3727    ndcg@10 : 0.425
Fri 06 Sep 2024 16:58:13 INFO  Saving current: saved\UniSRec-Sep-06-2024_16-34-48.pth
Fri 06 Sep 2024 17:09:49 INFO  epoch 2 training [time: 696.17s, train loss: 2260.6364]
Fri 06 Sep 2024 17:09:49 INFO  epoch 2 evaluating [time: 0.14s, valid_score: 0.388300]
Fri 06 Sep 2024 17:09:49 INFO  valid result: 
hit@5 : 0.565    hit@10 : 0.7122    ndcg@5 : 0.3883    ndcg@10 : 0.4359
Fri 06 Sep 2024 17:09:49 INFO  Saving current: saved\UniSRec-Sep-06-2024_16-34-48.pth
Fri 06 Sep 2024 17:21:39 INFO  epoch 3 training [time: 709.56s, train loss: 2224.8738]
Fri 06 Sep 2024 17:21:39 INFO  epoch 3 evaluating [time: 0.14s, valid_score: 0.396600]
Fri 06 Sep 2024 17:21:39 INFO  valid result: 
hit@5 : 0.5736    hit@10 : 0.6972    ndcg@5 : 0.3966    ndcg@10 : 0.4375
Fri 06 Sep 2024 17:21:39 INFO  Saving current: saved\UniSRec-Sep-06-2024_16-34-48.pth
Fri 06 Sep 2024 17:33:36 INFO  epoch 4 training [time: 716.83s, train loss: 2202.3170]
Fri 06 Sep 2024 17:33:36 INFO  epoch 4 evaluating [time: 0.14s, valid_score: 0.398900]
Fri 06 Sep 2024 17:33:36 INFO  valid result: 
hit@5 : 0.5736    hit@10 : 0.6951    ndcg@5 : 0.3989    ndcg@10 : 0.4385
Fri 06 Sep 2024 17:33:37 INFO  Saving current: saved\UniSRec-Sep-06-2024_16-34-48.pth
Fri 06 Sep 2024 17:45:26 INFO  epoch 5 training [time: 709.14s, train loss: 2184.8603]
Fri 06 Sep 2024 17:45:26 INFO  epoch 5 evaluating [time: 0.14s, valid_score: 0.410400]
Fri 06 Sep 2024 17:45:26 INFO  valid result: 
hit@5 : 0.5842    hit@10 : 0.7122    ndcg@5 : 0.4104    ndcg@10 : 0.4525
Fri 06 Sep 2024 17:45:26 INFO  Saving current: saved\UniSRec-Sep-06-2024_16-34-48.pth
Fri 06 Sep 2024 17:57:13 INFO  epoch 6 training [time: 706.78s, train loss: 2170.0147]
Fri 06 Sep 2024 17:57:13 INFO  epoch 6 evaluating [time: 0.14s, valid_score: 0.408200]
Fri 06 Sep 2024 17:57:13 INFO  valid result: 
hit@5 : 0.5757    hit@10 : 0.7036    ndcg@5 : 0.4082    ndcg@10 : 0.4504
Fri 06 Sep 2024 18:09:00 INFO  epoch 7 training [time: 707.07s, train loss: 2158.0507]
Fri 06 Sep 2024 18:09:00 INFO  epoch 7 evaluating [time: 0.14s, valid_score: 0.413300]
Fri 06 Sep 2024 18:09:00 INFO  valid result: 
hit@5 : 0.5928    hit@10 : 0.7228    ndcg@5 : 0.4133    ndcg@10 : 0.4564
Fri 06 Sep 2024 18:09:01 INFO  Saving current: saved\UniSRec-Sep-06-2024_16-34-48.pth
Fri 06 Sep 2024 18:20:49 INFO  epoch 8 training [time: 708.33s, train loss: 2147.8407]
Fri 06 Sep 2024 18:20:49 INFO  epoch 8 evaluating [time: 0.14s, valid_score: 0.412900]
Fri 06 Sep 2024 18:20:49 INFO  valid result: 
hit@5 : 0.5864    hit@10 : 0.7143    ndcg@5 : 0.4129    ndcg@10 : 0.4548
Fri 06 Sep 2024 18:32:36 INFO  epoch 9 training [time: 707.02s, train loss: 2140.2675]
Fri 06 Sep 2024 18:32:36 INFO  epoch 9 evaluating [time: 0.13s, valid_score: 0.410100]
Fri 06 Sep 2024 18:32:36 INFO  valid result: 
hit@5 : 0.5991    hit@10 : 0.7271    ndcg@5 : 0.4101    ndcg@10 : 0.4514
Fri 06 Sep 2024 18:44:24 INFO  epoch 10 training [time: 707.32s, train loss: 2132.2112]
Fri 06 Sep 2024 18:44:24 INFO  epoch 10 evaluating [time: 0.13s, valid_score: 0.413500]
Fri 06 Sep 2024 18:44:24 INFO  valid result: 
hit@5 : 0.5821    hit@10 : 0.7164    ndcg@5 : 0.4135    ndcg@10 : 0.4576
Fri 06 Sep 2024 18:44:24 INFO  Saving current: saved\UniSRec-Sep-06-2024_16-34-48.pth
Fri 06 Sep 2024 18:56:11 INFO  epoch 11 training [time: 706.71s, train loss: 2125.3088]
Fri 06 Sep 2024 18:56:11 INFO  epoch 11 evaluating [time: 0.15s, valid_score: 0.418300]
Fri 06 Sep 2024 18:56:11 INFO  valid result: 
hit@5 : 0.5842    hit@10 : 0.7249    ndcg@5 : 0.4183    ndcg@10 : 0.4641
Fri 06 Sep 2024 18:56:11 INFO  Saving current: saved\UniSRec-Sep-06-2024_16-34-48.pth
Fri 06 Sep 2024 19:07:58 INFO  epoch 12 training [time: 706.51s, train loss: 2119.2903]
Fri 06 Sep 2024 19:07:58 INFO  epoch 12 evaluating [time: 0.14s, valid_score: 0.427700]
Fri 06 Sep 2024 19:07:58 INFO  valid result: 
hit@5 : 0.5991    hit@10 : 0.7228    ndcg@5 : 0.4277    ndcg@10 : 0.4682
Fri 06 Sep 2024 19:07:58 INFO  Saving current: saved\UniSRec-Sep-06-2024_16-34-48.pth
Fri 06 Sep 2024 19:19:45 INFO  epoch 13 training [time: 706.71s, train loss: 2113.4843]
Fri 06 Sep 2024 19:19:45 INFO  epoch 13 evaluating [time: 0.14s, valid_score: 0.430400]
Fri 06 Sep 2024 19:19:45 INFO  valid result: 
hit@5 : 0.6034    hit@10 : 0.7186    ndcg@5 : 0.4304    ndcg@10 : 0.4681
Fri 06 Sep 2024 19:19:45 INFO  Saving current: saved\UniSRec-Sep-06-2024_16-34-48.pth
Fri 06 Sep 2024 19:31:32 INFO  epoch 14 training [time: 706.53s, train loss: 2108.8794]
Fri 06 Sep 2024 19:31:32 INFO  epoch 14 evaluating [time: 0.15s, valid_score: 0.438400]
Fri 06 Sep 2024 19:31:32 INFO  valid result: 
hit@5 : 0.6141    hit@10 : 0.7271    ndcg@5 : 0.4384    ndcg@10 : 0.4751
Fri 06 Sep 2024 19:31:32 INFO  Saving current: saved\UniSRec-Sep-06-2024_16-34-48.pth
Fri 06 Sep 2024 19:43:21 INFO  epoch 15 training [time: 708.60s, train loss: 2103.3645]
Fri 06 Sep 2024 19:43:21 INFO  epoch 15 evaluating [time: 0.13s, valid_score: 0.431800]
Fri 06 Sep 2024 19:43:21 INFO  valid result: 
hit@5 : 0.597    hit@10 : 0.7207    ndcg@5 : 0.4318    ndcg@10 : 0.4722
Fri 06 Sep 2024 19:55:08 INFO  epoch 16 training [time: 706.54s, train loss: 2099.2395]
Fri 06 Sep 2024 19:55:08 INFO  epoch 16 evaluating [time: 0.13s, valid_score: 0.425500]
Fri 06 Sep 2024 19:55:08 INFO  valid result: 
hit@5 : 0.5885    hit@10 : 0.7249    ndcg@5 : 0.4255    ndcg@10 : 0.4699
Fri 06 Sep 2024 20:06:54 INFO  epoch 17 training [time: 706.56s, train loss: 2095.4980]
Fri 06 Sep 2024 20:06:55 INFO  epoch 17 evaluating [time: 0.15s, valid_score: 0.435100]
Fri 06 Sep 2024 20:06:55 INFO  valid result: 
hit@5 : 0.6013    hit@10 : 0.7399    ndcg@5 : 0.4351    ndcg@10 : 0.4796
Fri 06 Sep 2024 20:18:41 INFO  epoch 18 training [time: 706.48s, train loss: 2091.5580]
Fri 06 Sep 2024 20:18:41 INFO  epoch 18 evaluating [time: 0.14s, valid_score: 0.433000]
Fri 06 Sep 2024 20:18:41 INFO  valid result: 
hit@5 : 0.5928    hit@10 : 0.7335    ndcg@5 : 0.433    ndcg@10 : 0.4786
Fri 06 Sep 2024 20:30:28 INFO  epoch 19 training [time: 706.42s, train loss: 2088.2119]
Fri 06 Sep 2024 20:30:28 INFO  epoch 19 evaluating [time: 0.14s, valid_score: 0.433100]
Fri 06 Sep 2024 20:30:28 INFO  valid result: 
hit@5 : 0.5991    hit@10 : 0.7313    ndcg@5 : 0.4331    ndcg@10 : 0.4766
Fri 06 Sep 2024 20:42:14 INFO  epoch 20 training [time: 706.58s, train loss: 2084.4029]
Fri 06 Sep 2024 20:42:15 INFO  epoch 20 evaluating [time: 0.14s, valid_score: 0.433500]
Fri 06 Sep 2024 20:42:15 INFO  valid result: 
hit@5 : 0.5991    hit@10 : 0.7292    ndcg@5 : 0.4335    ndcg@10 : 0.4759
Fri 06 Sep 2024 20:54:01 INFO  epoch 21 training [time: 706.57s, train loss: 2081.9682]
Fri 06 Sep 2024 20:54:01 INFO  epoch 21 evaluating [time: 0.14s, valid_score: 0.435800]
Fri 06 Sep 2024 20:54:01 INFO  valid result: 
hit@5 : 0.5991    hit@10 : 0.7313    ndcg@5 : 0.4358    ndcg@10 : 0.479
Fri 06 Sep 2024 21:05:48 INFO  epoch 22 training [time: 706.73s, train loss: 2078.7426]
Fri 06 Sep 2024 21:05:48 INFO  epoch 22 evaluating [time: 0.13s, valid_score: 0.439400]
Fri 06 Sep 2024 21:05:48 INFO  valid result: 
hit@5 : 0.6098    hit@10 : 0.7313    ndcg@5 : 0.4394    ndcg@10 : 0.4785
Fri 06 Sep 2024 21:05:48 INFO  Saving current: saved\UniSRec-Sep-06-2024_16-34-48.pth
Fri 06 Sep 2024 21:17:35 INFO  epoch 23 training [time: 706.73s, train loss: 2075.1255]
Fri 06 Sep 2024 21:17:35 INFO  epoch 23 evaluating [time: 0.14s, valid_score: 0.434700]
Fri 06 Sep 2024 21:17:35 INFO  valid result: 
hit@5 : 0.6077    hit@10 : 0.7335    ndcg@5 : 0.4347    ndcg@10 : 0.4756
Fri 06 Sep 2024 21:29:22 INFO  epoch 24 training [time: 706.81s, train loss: 2072.9878]
Fri 06 Sep 2024 21:29:22 INFO  epoch 24 evaluating [time: 0.14s, valid_score: 0.439300]
Fri 06 Sep 2024 21:29:22 INFO  valid result: 
hit@5 : 0.6077    hit@10 : 0.7292    ndcg@5 : 0.4393    ndcg@10 : 0.4785
Fri 06 Sep 2024 21:41:09 INFO  epoch 25 training [time: 706.92s, train loss: 2071.0062]
Fri 06 Sep 2024 21:41:09 INFO  epoch 25 evaluating [time: 0.14s, valid_score: 0.441100]
Fri 06 Sep 2024 21:41:09 INFO  valid result: 
hit@5 : 0.6098    hit@10 : 0.7335    ndcg@5 : 0.4411    ndcg@10 : 0.4813
Fri 06 Sep 2024 21:41:10 INFO  Saving current: saved\UniSRec-Sep-06-2024_16-34-48.pth
Fri 06 Sep 2024 21:52:56 INFO  epoch 26 training [time: 706.70s, train loss: 2068.8319]
Fri 06 Sep 2024 21:52:57 INFO  epoch 26 evaluating [time: 0.14s, valid_score: 0.433800]
Fri 06 Sep 2024 21:52:57 INFO  valid result: 
hit@5 : 0.6077    hit@10 : 0.7399    ndcg@5 : 0.4338    ndcg@10 : 0.4768
Fri 06 Sep 2024 22:04:43 INFO  epoch 27 training [time: 706.94s, train loss: 2066.8685]
Fri 06 Sep 2024 22:04:44 INFO  epoch 27 evaluating [time: 0.14s, valid_score: 0.429900]
Fri 06 Sep 2024 22:04:44 INFO  valid result: 
hit@5 : 0.597    hit@10 : 0.7356    ndcg@5 : 0.4299    ndcg@10 : 0.4753
Fri 06 Sep 2024 22:16:31 INFO  epoch 28 training [time: 706.98s, train loss: 2065.1008]
Fri 06 Sep 2024 22:16:31 INFO  epoch 28 evaluating [time: 0.14s, valid_score: 0.439400]
Fri 06 Sep 2024 22:16:31 INFO  valid result: 
hit@5 : 0.6055    hit@10 : 0.7399    ndcg@5 : 0.4394    ndcg@10 : 0.4826
Fri 06 Sep 2024 22:28:19 INFO  epoch 29 training [time: 707.94s, train loss: 2062.5739]
Fri 06 Sep 2024 22:28:19 INFO  epoch 29 evaluating [time: 0.15s, valid_score: 0.437700]
Fri 06 Sep 2024 22:28:19 INFO  valid result: 
hit@5 : 0.6013    hit@10 : 0.7292    ndcg@5 : 0.4377    ndcg@10 : 0.4791
Fri 06 Sep 2024 22:40:06 INFO  epoch 30 training [time: 706.92s, train loss: 2061.0400]
Fri 06 Sep 2024 22:40:06 INFO  epoch 30 evaluating [time: 0.14s, valid_score: 0.433900]
Fri 06 Sep 2024 22:40:06 INFO  valid result: 
hit@5 : 0.597    hit@10 : 0.7313    ndcg@5 : 0.4339    ndcg@10 : 0.4776
Fri 06 Sep 2024 22:51:53 INFO  epoch 31 training [time: 706.84s, train loss: 2057.8673]
Fri 06 Sep 2024 22:51:53 INFO  epoch 31 evaluating [time: 0.15s, valid_score: 0.437600]
Fri 06 Sep 2024 22:51:53 INFO  valid result: 
hit@5 : 0.6055    hit@10 : 0.7441    ndcg@5 : 0.4376    ndcg@10 : 0.4824
Fri 06 Sep 2024 23:03:40 INFO  epoch 32 training [time: 706.89s, train loss: 2057.2763]
Fri 06 Sep 2024 23:03:40 INFO  epoch 32 evaluating [time: 0.15s, valid_score: 0.439100]
Fri 06 Sep 2024 23:03:40 INFO  valid result: 
hit@5 : 0.6055    hit@10 : 0.7377    ndcg@5 : 0.4391    ndcg@10 : 0.4821
Fri 06 Sep 2024 23:15:27 INFO  epoch 33 training [time: 706.94s, train loss: 2054.8453]
Fri 06 Sep 2024 23:15:27 INFO  epoch 33 evaluating [time: 0.14s, valid_score: 0.437000]
Fri 06 Sep 2024 23:15:27 INFO  valid result: 
hit@5 : 0.6055    hit@10 : 0.7356    ndcg@5 : 0.437    ndcg@10 : 0.4794
Fri 06 Sep 2024 23:27:14 INFO  epoch 34 training [time: 706.71s, train loss: 2053.5296]
Fri 06 Sep 2024 23:27:14 INFO  epoch 34 evaluating [time: 0.13s, valid_score: 0.440100]
Fri 06 Sep 2024 23:27:14 INFO  valid result: 
hit@5 : 0.6098    hit@10 : 0.7335    ndcg@5 : 0.4401    ndcg@10 : 0.4804
Fri 06 Sep 2024 23:39:01 INFO  epoch 35 training [time: 706.96s, train loss: 2052.4262]
Fri 06 Sep 2024 23:39:01 INFO  epoch 35 evaluating [time: 0.13s, valid_score: 0.436500]
Fri 06 Sep 2024 23:39:01 INFO  valid result: 
hit@5 : 0.5991    hit@10 : 0.7228    ndcg@5 : 0.4365    ndcg@10 : 0.4769
Fri 06 Sep 2024 23:50:48 INFO  epoch 36 training [time: 706.93s, train loss: 2050.7870]
Fri 06 Sep 2024 23:50:48 INFO  epoch 36 evaluating [time: 0.14s, valid_score: 0.432800]
Fri 06 Sep 2024 23:50:48 INFO  valid result: 
hit@5 : 0.5991    hit@10 : 0.742    ndcg@5 : 0.4328    ndcg@10 : 0.4796
Sat 07 Sep 2024 00:02:35 INFO  epoch 37 training [time: 706.92s, train loss: 2048.7400]
Sat 07 Sep 2024 00:02:35 INFO  epoch 37 evaluating [time: 0.14s, valid_score: 0.435800]
Sat 07 Sep 2024 00:02:35 INFO  valid result: 
hit@5 : 0.6077    hit@10 : 0.742    ndcg@5 : 0.4358    ndcg@10 : 0.4799
Sat 07 Sep 2024 00:14:22 INFO  epoch 38 training [time: 706.94s, train loss: 2047.7401]
Sat 07 Sep 2024 00:14:22 INFO  epoch 38 evaluating [time: 0.14s, valid_score: 0.440000]
Sat 07 Sep 2024 00:14:22 INFO  valid result: 
hit@5 : 0.6141    hit@10 : 0.7356    ndcg@5 : 0.44    ndcg@10 : 0.4795
Sat 07 Sep 2024 00:26:09 INFO  epoch 39 training [time: 706.79s, train loss: 2046.6980]
Sat 07 Sep 2024 00:26:09 INFO  epoch 39 evaluating [time: 0.14s, valid_score: 0.438800]
Sat 07 Sep 2024 00:26:09 INFO  valid result: 
hit@5 : 0.6013    hit@10 : 0.7313    ndcg@5 : 0.4388    ndcg@10 : 0.4811
Sat 07 Sep 2024 00:37:56 INFO  epoch 40 training [time: 707.02s, train loss: 2045.4539]
Sat 07 Sep 2024 00:37:56 INFO  epoch 40 evaluating [time: 0.15s, valid_score: 0.439900]
Sat 07 Sep 2024 00:37:56 INFO  valid result: 
hit@5 : 0.6077    hit@10 : 0.7356    ndcg@5 : 0.4399    ndcg@10 : 0.4814
Sat 07 Sep 2024 00:49:43 INFO  epoch 41 training [time: 706.92s, train loss: 2043.9322]
Sat 07 Sep 2024 00:49:43 INFO  epoch 41 evaluating [time: 0.14s, valid_score: 0.436400]
Sat 07 Sep 2024 00:49:43 INFO  valid result: 
hit@5 : 0.6034    hit@10 : 0.7399    ndcg@5 : 0.4364    ndcg@10 : 0.4806
Sat 07 Sep 2024 01:01:30 INFO  epoch 42 training [time: 706.98s, train loss: 2042.5827]
Sat 07 Sep 2024 01:01:31 INFO  epoch 42 evaluating [time: 0.15s, valid_score: 0.431900]
Sat 07 Sep 2024 01:01:31 INFO  valid result: 
hit@5 : 0.5906    hit@10 : 0.7377    ndcg@5 : 0.4319    ndcg@10 : 0.4806
Sat 07 Sep 2024 01:13:18 INFO  epoch 43 training [time: 707.16s, train loss: 2042.1582]
Sat 07 Sep 2024 01:13:18 INFO  epoch 43 evaluating [time: 0.14s, valid_score: 0.445200]
Sat 07 Sep 2024 01:13:18 INFO  valid result: 
hit@5 : 0.6077    hit@10 : 0.742    ndcg@5 : 0.4452    ndcg@10 : 0.4891
Sat 07 Sep 2024 01:13:18 INFO  Saving current: saved\UniSRec-Sep-06-2024_16-34-48.pth
Sat 07 Sep 2024 01:25:06 INFO  epoch 44 training [time: 707.59s, train loss: 2041.3664]
Sat 07 Sep 2024 01:25:06 INFO  epoch 44 evaluating [time: 0.15s, valid_score: 0.445700]
Sat 07 Sep 2024 01:25:06 INFO  valid result: 
hit@5 : 0.6226    hit@10 : 0.7399    ndcg@5 : 0.4457    ndcg@10 : 0.4835
Sat 07 Sep 2024 01:25:06 INFO  Saving current: saved\UniSRec-Sep-06-2024_16-34-48.pth
Sat 07 Sep 2024 01:36:54 INFO  epoch 45 training [time: 707.64s, train loss: 2039.2544]
Sat 07 Sep 2024 01:36:54 INFO  epoch 45 evaluating [time: 0.14s, valid_score: 0.439000]
Sat 07 Sep 2024 01:36:54 INFO  valid result: 
hit@5 : 0.6077    hit@10 : 0.7377    ndcg@5 : 0.439    ndcg@10 : 0.481
Sat 07 Sep 2024 01:48:41 INFO  epoch 46 training [time: 707.26s, train loss: 2038.0287]
Sat 07 Sep 2024 01:48:42 INFO  epoch 46 evaluating [time: 0.15s, valid_score: 0.444400]
Sat 07 Sep 2024 01:48:42 INFO  valid result: 
hit@5 : 0.6162    hit@10 : 0.7399    ndcg@5 : 0.4444    ndcg@10 : 0.4841
Sat 07 Sep 2024 02:00:29 INFO  epoch 47 training [time: 707.18s, train loss: 2036.4122]
Sat 07 Sep 2024 02:00:29 INFO  epoch 47 evaluating [time: 0.15s, valid_score: 0.442400]
Sat 07 Sep 2024 02:00:29 INFO  valid result: 
hit@5 : 0.6141    hit@10 : 0.7377    ndcg@5 : 0.4424    ndcg@10 : 0.4825
Sat 07 Sep 2024 02:12:16 INFO  epoch 48 training [time: 707.31s, train loss: 2036.3678]
Sat 07 Sep 2024 02:12:16 INFO  epoch 48 evaluating [time: 0.15s, valid_score: 0.440200]
Sat 07 Sep 2024 02:12:16 INFO  valid result: 
hit@5 : 0.6119    hit@10 : 0.7399    ndcg@5 : 0.4402    ndcg@10 : 0.4816
Sat 07 Sep 2024 02:24:05 INFO  epoch 49 training [time: 708.28s, train loss: 2035.3181]
Sat 07 Sep 2024 02:24:05 INFO  epoch 49 evaluating [time: 0.14s, valid_score: 0.447100]
Sat 07 Sep 2024 02:24:05 INFO  valid result: 
hit@5 : 0.6141    hit@10 : 0.7335    ndcg@5 : 0.4471    ndcg@10 : 0.4857
Sat 07 Sep 2024 02:24:05 INFO  Saving current: saved\UniSRec-Sep-06-2024_16-34-48.pth
Sat 07 Sep 2024 02:35:52 INFO  epoch 50 training [time: 707.24s, train loss: 2033.7581]
Sat 07 Sep 2024 02:35:52 INFO  epoch 50 evaluating [time: 0.15s, valid_score: 0.444900]
Sat 07 Sep 2024 02:35:52 INFO  valid result: 
hit@5 : 0.6183    hit@10 : 0.7463    ndcg@5 : 0.4449    ndcg@10 : 0.4861
Sat 07 Sep 2024 02:47:40 INFO  epoch 51 training [time: 707.18s, train loss: 2033.1620]
Sat 07 Sep 2024 02:47:40 INFO  epoch 51 evaluating [time: 0.14s, valid_score: 0.445200]
Sat 07 Sep 2024 02:47:40 INFO  valid result: 
hit@5 : 0.6205    hit@10 : 0.7335    ndcg@5 : 0.4452    ndcg@10 : 0.4818
Sat 07 Sep 2024 02:59:27 INFO  epoch 52 training [time: 707.38s, train loss: 2032.3297]
Sat 07 Sep 2024 02:59:27 INFO  epoch 52 evaluating [time: 0.14s, valid_score: 0.447700]
Sat 07 Sep 2024 02:59:27 INFO  valid result: 
hit@5 : 0.6055    hit@10 : 0.7356    ndcg@5 : 0.4477    ndcg@10 : 0.4902
Sat 07 Sep 2024 02:59:28 INFO  Saving current: saved\UniSRec-Sep-06-2024_16-34-48.pth
Sat 07 Sep 2024 03:11:15 INFO  epoch 53 training [time: 707.32s, train loss: 2031.0202]
Sat 07 Sep 2024 03:11:15 INFO  epoch 53 evaluating [time: 0.15s, valid_score: 0.444200]
Sat 07 Sep 2024 03:11:15 INFO  valid result: 
hit@5 : 0.6162    hit@10 : 0.7377    ndcg@5 : 0.4442    ndcg@10 : 0.4838
Sat 07 Sep 2024 03:23:02 INFO  epoch 54 training [time: 707.26s, train loss: 2030.4967]
Sat 07 Sep 2024 03:23:03 INFO  epoch 54 evaluating [time: 0.13s, valid_score: 0.441900]
Sat 07 Sep 2024 03:23:03 INFO  valid result: 
hit@5 : 0.6141    hit@10 : 0.7335    ndcg@5 : 0.4419    ndcg@10 : 0.4808
Sat 07 Sep 2024 03:34:50 INFO  epoch 55 training [time: 707.25s, train loss: 2029.1381]
Sat 07 Sep 2024 03:34:50 INFO  epoch 55 evaluating [time: 0.15s, valid_score: 0.443900]
Sat 07 Sep 2024 03:34:50 INFO  valid result: 
hit@5 : 0.6119    hit@10 : 0.742    ndcg@5 : 0.4439    ndcg@10 : 0.486
Sat 07 Sep 2024 03:46:37 INFO  epoch 56 training [time: 707.20s, train loss: 2028.9878]
Sat 07 Sep 2024 03:46:37 INFO  epoch 56 evaluating [time: 0.15s, valid_score: 0.443400]
Sat 07 Sep 2024 03:46:37 INFO  valid result: 
hit@5 : 0.6205    hit@10 : 0.7313    ndcg@5 : 0.4434    ndcg@10 : 0.4794
Sat 07 Sep 2024 03:58:25 INFO  epoch 57 training [time: 707.35s, train loss: 2028.2462]
Sat 07 Sep 2024 03:58:25 INFO  epoch 57 evaluating [time: 0.14s, valid_score: 0.443400]
Sat 07 Sep 2024 03:58:25 INFO  valid result: 
hit@5 : 0.6226    hit@10 : 0.7313    ndcg@5 : 0.4434    ndcg@10 : 0.4788
Sat 07 Sep 2024 04:10:12 INFO  epoch 58 training [time: 707.22s, train loss: 2027.4917]
Sat 07 Sep 2024 04:10:12 INFO  epoch 58 evaluating [time: 0.15s, valid_score: 0.447100]
Sat 07 Sep 2024 04:10:12 INFO  valid result: 
hit@5 : 0.6205    hit@10 : 0.7377    ndcg@5 : 0.4471    ndcg@10 : 0.4858
Sat 07 Sep 2024 04:22:01 INFO  epoch 59 training [time: 708.89s, train loss: 2026.2429]
Sat 07 Sep 2024 04:22:01 INFO  epoch 59 evaluating [time: 0.14s, valid_score: 0.447600]
Sat 07 Sep 2024 04:22:01 INFO  valid result: 
hit@5 : 0.6183    hit@10 : 0.7399    ndcg@5 : 0.4476    ndcg@10 : 0.4872
Sat 07 Sep 2024 04:33:49 INFO  epoch 60 training [time: 707.39s, train loss: 2025.8734]
Sat 07 Sep 2024 04:33:49 INFO  epoch 60 evaluating [time: 0.14s, valid_score: 0.447900]
Sat 07 Sep 2024 04:33:49 INFO  valid result: 
hit@5 : 0.6205    hit@10 : 0.7335    ndcg@5 : 0.4479    ndcg@10 : 0.4849
Sat 07 Sep 2024 04:33:49 INFO  Saving current: saved\UniSRec-Sep-06-2024_16-34-48.pth
Sat 07 Sep 2024 04:45:36 INFO  epoch 61 training [time: 707.29s, train loss: 2024.5058]
Sat 07 Sep 2024 04:45:37 INFO  epoch 61 evaluating [time: 0.15s, valid_score: 0.446800]
Sat 07 Sep 2024 04:45:37 INFO  valid result: 
hit@5 : 0.6141    hit@10 : 0.7335    ndcg@5 : 0.4468    ndcg@10 : 0.4858
Sat 07 Sep 2024 04:57:24 INFO  epoch 62 training [time: 707.28s, train loss: 2024.4448]
Sat 07 Sep 2024 04:57:24 INFO  epoch 62 evaluating [time: 0.14s, valid_score: 0.440200]
Sat 07 Sep 2024 04:57:24 INFO  valid result: 
hit@5 : 0.6013    hit@10 : 0.7335    ndcg@5 : 0.4402    ndcg@10 : 0.4836
Sat 07 Sep 2024 05:09:11 INFO  epoch 63 training [time: 707.29s, train loss: 2023.2368]
Sat 07 Sep 2024 05:09:11 INFO  epoch 63 evaluating [time: 0.15s, valid_score: 0.446400]
Sat 07 Sep 2024 05:09:11 INFO  valid result: 
hit@5 : 0.6119    hit@10 : 0.7377    ndcg@5 : 0.4464    ndcg@10 : 0.487
Sat 07 Sep 2024 05:20:59 INFO  epoch 64 training [time: 707.15s, train loss: 2022.5250]
Sat 07 Sep 2024 05:20:59 INFO  epoch 64 evaluating [time: 0.14s, valid_score: 0.444900]
Sat 07 Sep 2024 05:20:59 INFO  valid result: 
hit@5 : 0.6098    hit@10 : 0.7356    ndcg@5 : 0.4449    ndcg@10 : 0.486
Sat 07 Sep 2024 05:32:46 INFO  epoch 65 training [time: 707.20s, train loss: 2021.8698]
Sat 07 Sep 2024 05:32:46 INFO  epoch 65 evaluating [time: 0.15s, valid_score: 0.443700]
Sat 07 Sep 2024 05:32:46 INFO  valid result: 
hit@5 : 0.6055    hit@10 : 0.7335    ndcg@5 : 0.4437    ndcg@10 : 0.4859
Sat 07 Sep 2024 05:44:33 INFO  epoch 66 training [time: 707.25s, train loss: 2020.8375]
Sat 07 Sep 2024 05:44:33 INFO  epoch 66 evaluating [time: 0.14s, valid_score: 0.442600]
Sat 07 Sep 2024 05:44:33 INFO  valid result: 
hit@5 : 0.6141    hit@10 : 0.7271    ndcg@5 : 0.4426    ndcg@10 : 0.4798
Sat 07 Sep 2024 05:56:21 INFO  epoch 67 training [time: 707.27s, train loss: 2020.1135]
Sat 07 Sep 2024 05:56:21 INFO  epoch 67 evaluating [time: 0.14s, valid_score: 0.440100]
Sat 07 Sep 2024 05:56:21 INFO  valid result: 
hit@5 : 0.6119    hit@10 : 0.7463    ndcg@5 : 0.4401    ndcg@10 : 0.4837
Sat 07 Sep 2024 06:08:08 INFO  epoch 68 training [time: 707.18s, train loss: 2021.0780]
Sat 07 Sep 2024 06:08:08 INFO  epoch 68 evaluating [time: 0.14s, valid_score: 0.441100]
Sat 07 Sep 2024 06:08:08 INFO  valid result: 
hit@5 : 0.6098    hit@10 : 0.7356    ndcg@5 : 0.4411    ndcg@10 : 0.4826
Sat 07 Sep 2024 06:19:57 INFO  epoch 69 training [time: 708.91s, train loss: 2020.5897]
Sat 07 Sep 2024 06:19:57 INFO  epoch 69 evaluating [time: 0.15s, valid_score: 0.445400]
Sat 07 Sep 2024 06:19:57 INFO  valid result: 
hit@5 : 0.6077    hit@10 : 0.742    ndcg@5 : 0.4454    ndcg@10 : 0.4896
Sat 07 Sep 2024 06:31:45 INFO  epoch 70 training [time: 707.20s, train loss: 2018.8686]
Sat 07 Sep 2024 06:31:45 INFO  epoch 70 evaluating [time: 0.15s, valid_score: 0.448100]
Sat 07 Sep 2024 06:31:45 INFO  valid result: 
hit@5 : 0.6077    hit@10 : 0.7399    ndcg@5 : 0.4481    ndcg@10 : 0.4914
Sat 07 Sep 2024 06:31:45 INFO  Saving current: saved\UniSRec-Sep-06-2024_16-34-48.pth
Sat 07 Sep 2024 06:43:32 INFO  epoch 71 training [time: 707.25s, train loss: 2019.0075]
Sat 07 Sep 2024 06:43:32 INFO  epoch 71 evaluating [time: 0.14s, valid_score: 0.445500]
Sat 07 Sep 2024 06:43:32 INFO  valid result: 
hit@5 : 0.6247    hit@10 : 0.7335    ndcg@5 : 0.4455    ndcg@10 : 0.4808
Sat 07 Sep 2024 06:55:19 INFO  epoch 72 training [time: 707.07s, train loss: 2017.9249]
Sat 07 Sep 2024 06:55:20 INFO  epoch 72 evaluating [time: 0.14s, valid_score: 0.447100]
Sat 07 Sep 2024 06:55:20 INFO  valid result: 
hit@5 : 0.6141    hit@10 : 0.7377    ndcg@5 : 0.4471    ndcg@10 : 0.4875
Sat 07 Sep 2024 07:07:07 INFO  epoch 73 training [time: 707.16s, train loss: 2016.7453]
Sat 07 Sep 2024 07:07:07 INFO  epoch 73 evaluating [time: 0.15s, valid_score: 0.441500]
Sat 07 Sep 2024 07:07:07 INFO  valid result: 
hit@5 : 0.6055    hit@10 : 0.7292    ndcg@5 : 0.4415    ndcg@10 : 0.4821
Sat 07 Sep 2024 07:18:54 INFO  epoch 74 training [time: 707.17s, train loss: 2016.4886]
Sat 07 Sep 2024 07:18:54 INFO  epoch 74 evaluating [time: 0.14s, valid_score: 0.449500]
Sat 07 Sep 2024 07:18:54 INFO  valid result: 
hit@5 : 0.6226    hit@10 : 0.7441    ndcg@5 : 0.4495    ndcg@10 : 0.4889
Sat 07 Sep 2024 07:18:55 INFO  Saving current: saved\UniSRec-Sep-06-2024_16-34-48.pth
Sat 07 Sep 2024 07:30:42 INFO  epoch 75 training [time: 707.47s, train loss: 2015.9205]
Sat 07 Sep 2024 07:30:42 INFO  epoch 75 evaluating [time: 0.14s, valid_score: 0.447900]
Sat 07 Sep 2024 07:30:42 INFO  valid result: 
hit@5 : 0.6141    hit@10 : 0.7463    ndcg@5 : 0.4479    ndcg@10 : 0.4906
Sat 07 Sep 2024 07:42:29 INFO  epoch 76 training [time: 707.12s, train loss: 2016.0734]
Sat 07 Sep 2024 07:42:29 INFO  epoch 76 evaluating [time: 0.15s, valid_score: 0.448500]
Sat 07 Sep 2024 07:42:29 INFO  valid result: 
hit@5 : 0.6247    hit@10 : 0.742    ndcg@5 : 0.4485    ndcg@10 : 0.4868
Sat 07 Sep 2024 07:54:17 INFO  epoch 77 training [time: 707.10s, train loss: 2015.5178]
Sat 07 Sep 2024 07:54:17 INFO  epoch 77 evaluating [time: 0.15s, valid_score: 0.444400]
Sat 07 Sep 2024 07:54:17 INFO  valid result: 
hit@5 : 0.6205    hit@10 : 0.7356    ndcg@5 : 0.4444    ndcg@10 : 0.4822
Sat 07 Sep 2024 08:06:04 INFO  epoch 78 training [time: 707.10s, train loss: 2015.0214]
Sat 07 Sep 2024 08:06:04 INFO  epoch 78 evaluating [time: 0.14s, valid_score: 0.443700]
Sat 07 Sep 2024 08:06:04 INFO  valid result: 
hit@5 : 0.6098    hit@10 : 0.7377    ndcg@5 : 0.4437    ndcg@10 : 0.4857
Sat 07 Sep 2024 08:17:51 INFO  epoch 79 training [time: 706.91s, train loss: 2014.1767]
Sat 07 Sep 2024 08:17:51 INFO  epoch 79 evaluating [time: 0.13s, valid_score: 0.447400]
Sat 07 Sep 2024 08:17:51 INFO  valid result: 
hit@5 : 0.6226    hit@10 : 0.7335    ndcg@5 : 0.4474    ndcg@10 : 0.4834
Sat 07 Sep 2024 08:29:38 INFO  epoch 80 training [time: 707.00s, train loss: 2013.7025]
Sat 07 Sep 2024 08:29:38 INFO  epoch 80 evaluating [time: 0.14s, valid_score: 0.448500]
Sat 07 Sep 2024 08:29:38 INFO  valid result: 
hit@5 : 0.6162    hit@10 : 0.7377    ndcg@5 : 0.4485    ndcg@10 : 0.488
Sat 07 Sep 2024 08:41:25 INFO  epoch 81 training [time: 707.03s, train loss: 2013.1326]
Sat 07 Sep 2024 08:41:25 INFO  epoch 81 evaluating [time: 0.15s, valid_score: 0.445800]
Sat 07 Sep 2024 08:41:25 INFO  valid result: 
hit@5 : 0.6141    hit@10 : 0.7356    ndcg@5 : 0.4458    ndcg@10 : 0.4853
Sat 07 Sep 2024 08:53:12 INFO  epoch 82 training [time: 707.01s, train loss: 2012.3548]
Sat 07 Sep 2024 08:53:13 INFO  epoch 82 evaluating [time: 0.14s, valid_score: 0.444800]
Sat 07 Sep 2024 08:53:13 INFO  valid result: 
hit@5 : 0.6183    hit@10 : 0.7313    ndcg@5 : 0.4448    ndcg@10 : 0.4821
Sat 07 Sep 2024 09:05:00 INFO  epoch 83 training [time: 707.00s, train loss: 2012.8724]
Sat 07 Sep 2024 09:05:00 INFO  epoch 83 evaluating [time: 0.15s, valid_score: 0.446800]
Sat 07 Sep 2024 09:05:00 INFO  valid result: 
hit@5 : 0.6226    hit@10 : 0.7441    ndcg@5 : 0.4468    ndcg@10 : 0.4866
Sat 07 Sep 2024 09:16:47 INFO  epoch 84 training [time: 707.10s, train loss: 2011.7688]
Sat 07 Sep 2024 09:16:47 INFO  epoch 84 evaluating [time: 0.14s, valid_score: 0.444100]
Sat 07 Sep 2024 09:16:47 INFO  valid result: 
hit@5 : 0.6183    hit@10 : 0.7441    ndcg@5 : 0.4441    ndcg@10 : 0.4851
Sat 07 Sep 2024 09:28:34 INFO  epoch 85 training [time: 707.20s, train loss: 2010.9120]
Sat 07 Sep 2024 09:28:34 INFO  epoch 85 evaluating [time: 0.14s, valid_score: 0.447800]
Sat 07 Sep 2024 09:28:34 INFO  valid result: 
hit@5 : 0.6226    hit@10 : 0.7377    ndcg@5 : 0.4478    ndcg@10 : 0.4852
Sat 07 Sep 2024 09:40:21 INFO  epoch 86 training [time: 707.08s, train loss: 2010.5339]
Sat 07 Sep 2024 09:40:22 INFO  epoch 86 evaluating [time: 0.15s, valid_score: 0.446600]
Sat 07 Sep 2024 09:40:22 INFO  valid result: 
hit@5 : 0.6141    hit@10 : 0.7356    ndcg@5 : 0.4466    ndcg@10 : 0.4865
Sat 07 Sep 2024 09:52:09 INFO  epoch 87 training [time: 707.19s, train loss: 2010.8807]
Sat 07 Sep 2024 09:52:09 INFO  epoch 87 evaluating [time: 0.15s, valid_score: 0.446100]
Sat 07 Sep 2024 09:52:09 INFO  valid result: 
hit@5 : 0.6141    hit@10 : 0.7292    ndcg@5 : 0.4461    ndcg@10 : 0.4841
Sat 07 Sep 2024 10:03:56 INFO  epoch 88 training [time: 707.33s, train loss: 2009.5339]
Sat 07 Sep 2024 10:03:56 INFO  epoch 88 evaluating [time: 0.14s, valid_score: 0.449600]
Sat 07 Sep 2024 10:03:56 INFO  valid result: 
hit@5 : 0.6226    hit@10 : 0.7335    ndcg@5 : 0.4496    ndcg@10 : 0.4857
Sat 07 Sep 2024 10:03:57 INFO  Saving current: saved\UniSRec-Sep-06-2024_16-34-48.pth
Sat 07 Sep 2024 10:15:44 INFO  epoch 89 training [time: 707.37s, train loss: 2009.6989]
Sat 07 Sep 2024 10:15:44 INFO  epoch 89 evaluating [time: 0.14s, valid_score: 0.451000]
Sat 07 Sep 2024 10:15:44 INFO  valid result: 
hit@5 : 0.6162    hit@10 : 0.742    ndcg@5 : 0.451    ndcg@10 : 0.4924
Sat 07 Sep 2024 10:15:45 INFO  Saving current: saved\UniSRec-Sep-06-2024_16-34-48.pth
Sat 07 Sep 2024 10:27:34 INFO  epoch 90 training [time: 708.98s, train loss: 2008.5753]
Sat 07 Sep 2024 10:27:34 INFO  epoch 90 evaluating [time: 0.15s, valid_score: 0.449000]
Sat 07 Sep 2024 10:27:34 INFO  valid result: 
hit@5 : 0.6226    hit@10 : 0.7313    ndcg@5 : 0.449    ndcg@10 : 0.4845
Sat 07 Sep 2024 10:39:21 INFO  epoch 91 training [time: 707.31s, train loss: 2008.9766]
Sat 07 Sep 2024 10:39:21 INFO  epoch 91 evaluating [time: 0.13s, valid_score: 0.444800]
Sat 07 Sep 2024 10:39:21 INFO  valid result: 
hit@5 : 0.6141    hit@10 : 0.7377    ndcg@5 : 0.4448    ndcg@10 : 0.4854
Sat 07 Sep 2024 10:51:08 INFO  epoch 92 training [time: 707.32s, train loss: 2007.6763]
Sat 07 Sep 2024 10:51:09 INFO  epoch 92 evaluating [time: 0.14s, valid_score: 0.448500]
Sat 07 Sep 2024 10:51:09 INFO  valid result: 
hit@5 : 0.6205    hit@10 : 0.742    ndcg@5 : 0.4485    ndcg@10 : 0.4883
Sat 07 Sep 2024 11:02:56 INFO  epoch 93 training [time: 707.39s, train loss: 2007.8330]
Sat 07 Sep 2024 11:02:56 INFO  epoch 93 evaluating [time: 0.15s, valid_score: 0.446000]
Sat 07 Sep 2024 11:02:56 INFO  valid result: 
hit@5 : 0.6226    hit@10 : 0.7377    ndcg@5 : 0.446    ndcg@10 : 0.4837
Sat 07 Sep 2024 11:14:43 INFO  epoch 94 training [time: 707.21s, train loss: 2007.3928]
Sat 07 Sep 2024 11:14:44 INFO  epoch 94 evaluating [time: 0.16s, valid_score: 0.448000]
Sat 07 Sep 2024 11:14:44 INFO  valid result: 
hit@5 : 0.6205    hit@10 : 0.742    ndcg@5 : 0.448    ndcg@10 : 0.4877
Sat 07 Sep 2024 11:26:31 INFO  epoch 95 training [time: 707.40s, train loss: 2006.7142]
Sat 07 Sep 2024 11:26:31 INFO  epoch 95 evaluating [time: 0.13s, valid_score: 0.453900]
Sat 07 Sep 2024 11:26:31 INFO  valid result: 
hit@5 : 0.629    hit@10 : 0.7377    ndcg@5 : 0.4539    ndcg@10 : 0.4894
Sat 07 Sep 2024 11:26:31 INFO  Saving current: saved\UniSRec-Sep-06-2024_16-34-48.pth
Sat 07 Sep 2024 11:38:19 INFO  epoch 96 training [time: 707.47s, train loss: 2007.0055]
Sat 07 Sep 2024 11:38:19 INFO  epoch 96 evaluating [time: 0.14s, valid_score: 0.447500]
Sat 07 Sep 2024 11:38:19 INFO  valid result: 
hit@5 : 0.6162    hit@10 : 0.7356    ndcg@5 : 0.4475    ndcg@10 : 0.487
Sat 07 Sep 2024 11:50:07 INFO  epoch 97 training [time: 707.57s, train loss: 2006.0416]
Sat 07 Sep 2024 11:50:07 INFO  epoch 97 evaluating [time: 0.15s, valid_score: 0.443100]
Sat 07 Sep 2024 11:50:07 INFO  valid result: 
hit@5 : 0.6055    hit@10 : 0.7335    ndcg@5 : 0.4431    ndcg@10 : 0.4853
Sat 07 Sep 2024 12:01:55 INFO  epoch 98 training [time: 708.35s, train loss: 2005.3998]
Sat 07 Sep 2024 12:01:55 INFO  epoch 98 evaluating [time: 0.14s, valid_score: 0.446300]
Sat 07 Sep 2024 12:01:55 INFO  valid result: 
hit@5 : 0.6183    hit@10 : 0.7377    ndcg@5 : 0.4463    ndcg@10 : 0.4854
Sat 07 Sep 2024 12:13:45 INFO  epoch 99 training [time: 709.44s, train loss: 2005.7431]
Sat 07 Sep 2024 12:13:45 INFO  epoch 99 evaluating [time: 0.15s, valid_score: 0.447300]
Sat 07 Sep 2024 12:13:45 INFO  valid result: 
hit@5 : 0.6205    hit@10 : 0.7356    ndcg@5 : 0.4473    ndcg@10 : 0.485
Sat 07 Sep 2024 12:25:35 INFO  epoch 100 training [time: 709.80s, train loss: 2004.9689]
Sat 07 Sep 2024 12:25:35 INFO  epoch 100 evaluating [time: 0.15s, valid_score: 0.447300]
Sat 07 Sep 2024 12:25:35 INFO  valid result: 
hit@5 : 0.6205    hit@10 : 0.7377    ndcg@5 : 0.4473    ndcg@10 : 0.4861
Sat 07 Sep 2024 12:37:26 INFO  epoch 101 training [time: 710.92s, train loss: 2005.0680]
Sat 07 Sep 2024 12:37:26 INFO  epoch 101 evaluating [time: 0.14s, valid_score: 0.446300]
Sat 07 Sep 2024 12:37:26 INFO  valid result: 
hit@5 : 0.6162    hit@10 : 0.7377    ndcg@5 : 0.4463    ndcg@10 : 0.4858
Sat 07 Sep 2024 12:49:17 INFO  epoch 102 training [time: 710.76s, train loss: 2005.3254]
Sat 07 Sep 2024 12:49:17 INFO  epoch 102 evaluating [time: 0.15s, valid_score: 0.451700]
Sat 07 Sep 2024 12:49:17 INFO  valid result: 
hit@5 : 0.6205    hit@10 : 0.7377    ndcg@5 : 0.4517    ndcg@10 : 0.49
Sat 07 Sep 2024 13:01:07 INFO  epoch 103 training [time: 710.37s, train loss: 2004.4406]
Sat 07 Sep 2024 13:01:07 INFO  epoch 103 evaluating [time: 0.14s, valid_score: 0.447800]
Sat 07 Sep 2024 13:01:07 INFO  valid result: 
hit@5 : 0.6183    hit@10 : 0.7335    ndcg@5 : 0.4478    ndcg@10 : 0.4852
Sat 07 Sep 2024 13:12:58 INFO  epoch 104 training [time: 711.09s, train loss: 2004.6832]
Sat 07 Sep 2024 13:12:59 INFO  epoch 104 evaluating [time: 0.14s, valid_score: 0.446500]
Sat 07 Sep 2024 13:12:59 INFO  valid result: 
hit@5 : 0.6119    hit@10 : 0.7377    ndcg@5 : 0.4465    ndcg@10 : 0.4877
Sat 07 Sep 2024 13:24:51 INFO  epoch 105 training [time: 711.91s, train loss: 2003.7060]
Sat 07 Sep 2024 13:24:51 INFO  epoch 105 evaluating [time: 0.13s, valid_score: 0.450300]
Sat 07 Sep 2024 13:24:51 INFO  valid result: 
hit@5 : 0.6205    hit@10 : 0.7377    ndcg@5 : 0.4503    ndcg@10 : 0.4883
Sat 07 Sep 2024 13:36:42 INFO  epoch 106 training [time: 711.71s, train loss: 2002.6568]
Sat 07 Sep 2024 13:36:43 INFO  epoch 106 evaluating [time: 0.15s, valid_score: 0.449600]
Sat 07 Sep 2024 13:36:43 INFO  valid result: 
hit@5 : 0.6247    hit@10 : 0.7356    ndcg@5 : 0.4496    ndcg@10 : 0.4856
Sat 07 Sep 2024 13:48:35 INFO  epoch 107 training [time: 712.04s, train loss: 2004.1184]
Sat 07 Sep 2024 13:48:35 INFO  epoch 107 evaluating [time: 0.15s, valid_score: 0.449100]
Sat 07 Sep 2024 13:48:35 INFO  valid result: 
hit@5 : 0.6205    hit@10 : 0.7399    ndcg@5 : 0.4491    ndcg@10 : 0.4883
Sat 07 Sep 2024 14:00:27 INFO  epoch 108 training [time: 712.41s, train loss: 2002.6841]
Sat 07 Sep 2024 14:00:27 INFO  epoch 108 evaluating [time: 0.15s, valid_score: 0.448800]
Sat 07 Sep 2024 14:00:27 INFO  valid result: 
hit@5 : 0.6205    hit@10 : 0.7377    ndcg@5 : 0.4488    ndcg@10 : 0.4871
Sat 07 Sep 2024 14:12:20 INFO  epoch 109 training [time: 712.41s, train loss: 2002.3782]
Sat 07 Sep 2024 14:12:20 INFO  epoch 109 evaluating [time: 0.14s, valid_score: 0.445500]
Sat 07 Sep 2024 14:12:20 INFO  valid result: 
hit@5 : 0.6205    hit@10 : 0.7335    ndcg@5 : 0.4455    ndcg@10 : 0.4827
Sat 07 Sep 2024 14:24:14 INFO  epoch 110 training [time: 713.80s, train loss: 2001.5710]
Sat 07 Sep 2024 14:24:14 INFO  epoch 110 evaluating [time: 0.13s, valid_score: 0.447300]
Sat 07 Sep 2024 14:24:14 INFO  valid result: 
hit@5 : 0.6226    hit@10 : 0.7441    ndcg@5 : 0.4473    ndcg@10 : 0.4872
Sat 07 Sep 2024 14:36:07 INFO  epoch 111 training [time: 713.50s, train loss: 2001.8563]
Sat 07 Sep 2024 14:36:08 INFO  epoch 111 evaluating [time: 0.15s, valid_score: 0.451700]
Sat 07 Sep 2024 14:36:08 INFO  valid result: 
hit@5 : 0.6183    hit@10 : 0.7399    ndcg@5 : 0.4517    ndcg@10 : 0.4914
Sat 07 Sep 2024 14:48:01 INFO  epoch 112 training [time: 713.69s, train loss: 2001.6321]
Sat 07 Sep 2024 14:48:01 INFO  epoch 112 evaluating [time: 0.14s, valid_score: 0.451300]
Sat 07 Sep 2024 14:48:01 INFO  valid result: 
hit@5 : 0.6247    hit@10 : 0.7271    ndcg@5 : 0.4513    ndcg@10 : 0.4852
Sat 07 Sep 2024 14:59:55 INFO  epoch 113 training [time: 713.28s, train loss: 2001.4115]
Sat 07 Sep 2024 14:59:55 INFO  epoch 113 evaluating [time: 0.15s, valid_score: 0.441500]
Sat 07 Sep 2024 14:59:55 INFO  valid result: 
hit@5 : 0.6141    hit@10 : 0.7399    ndcg@5 : 0.4415    ndcg@10 : 0.483
Sat 07 Sep 2024 15:11:48 INFO  epoch 114 training [time: 712.99s, train loss: 2001.5581]
Sat 07 Sep 2024 15:11:48 INFO  epoch 114 evaluating [time: 0.15s, valid_score: 0.451000]
Sat 07 Sep 2024 15:11:48 INFO  valid result: 
hit@5 : 0.6226    hit@10 : 0.7399    ndcg@5 : 0.451    ndcg@10 : 0.4895
Sat 07 Sep 2024 15:23:41 INFO  epoch 115 training [time: 713.49s, train loss: 2000.7774]
Sat 07 Sep 2024 15:23:42 INFO  epoch 115 evaluating [time: 0.15s, valid_score: 0.440700]
Sat 07 Sep 2024 15:23:42 INFO  valid result: 
hit@5 : 0.6055    hit@10 : 0.7335    ndcg@5 : 0.4407    ndcg@10 : 0.4828
Sat 07 Sep 2024 15:35:35 INFO  epoch 116 training [time: 713.79s, train loss: 2000.4349]
Sat 07 Sep 2024 15:35:36 INFO  epoch 116 evaluating [time: 0.14s, valid_score: 0.449700]
Sat 07 Sep 2024 15:35:36 INFO  valid result: 
hit@5 : 0.6205    hit@10 : 0.7441    ndcg@5 : 0.4497    ndcg@10 : 0.4905
Sat 07 Sep 2024 15:47:30 INFO  epoch 117 training [time: 714.11s, train loss: 2000.0313]
Sat 07 Sep 2024 15:47:30 INFO  epoch 117 evaluating [time: 0.15s, valid_score: 0.452500]
Sat 07 Sep 2024 15:47:30 INFO  valid result: 
hit@5 : 0.6226    hit@10 : 0.7377    ndcg@5 : 0.4525    ndcg@10 : 0.4903
Sat 07 Sep 2024 15:59:25 INFO  epoch 118 training [time: 715.32s, train loss: 1999.4987]
Sat 07 Sep 2024 15:59:25 INFO  epoch 118 evaluating [time: 0.14s, valid_score: 0.447500]
Sat 07 Sep 2024 15:59:25 INFO  valid result: 
hit@5 : 0.6205    hit@10 : 0.7335    ndcg@5 : 0.4475    ndcg@10 : 0.484
Sat 07 Sep 2024 16:11:20 INFO  epoch 119 training [time: 714.30s, train loss: 1999.7552]
Sat 07 Sep 2024 16:11:20 INFO  epoch 119 evaluating [time: 0.14s, valid_score: 0.454900]
Sat 07 Sep 2024 16:11:20 INFO  valid result: 
hit@5 : 0.629    hit@10 : 0.7399    ndcg@5 : 0.4549    ndcg@10 : 0.491
Sat 07 Sep 2024 16:11:20 INFO  Saving current: saved\UniSRec-Sep-06-2024_16-34-48.pth
Sat 07 Sep 2024 16:23:15 INFO  epoch 120 training [time: 714.92s, train loss: 1999.6475]
Sat 07 Sep 2024 16:23:15 INFO  epoch 120 evaluating [time: 0.15s, valid_score: 0.447200]
Sat 07 Sep 2024 16:23:15 INFO  valid result: 
hit@5 : 0.6183    hit@10 : 0.7313    ndcg@5 : 0.4472    ndcg@10 : 0.4842
Sat 07 Sep 2024 16:35:10 INFO  epoch 121 training [time: 714.86s, train loss: 1998.5335]
Sat 07 Sep 2024 16:35:10 INFO  epoch 121 evaluating [time: 0.14s, valid_score: 0.449900]
Sat 07 Sep 2024 16:35:10 INFO  valid result: 
hit@5 : 0.629    hit@10 : 0.7399    ndcg@5 : 0.4499    ndcg@10 : 0.4861
Sat 07 Sep 2024 16:47:04 INFO  epoch 122 training [time: 714.24s, train loss: 1998.7406]
Sat 07 Sep 2024 16:47:04 INFO  epoch 122 evaluating [time: 0.14s, valid_score: 0.453200]
Sat 07 Sep 2024 16:47:04 INFO  valid result: 
hit@5 : 0.6269    hit@10 : 0.7377    ndcg@5 : 0.4532    ndcg@10 : 0.4895
Sat 07 Sep 2024 16:59:00 INFO  epoch 123 training [time: 715.03s, train loss: 1998.4731]
Sat 07 Sep 2024 16:59:00 INFO  epoch 123 evaluating [time: 0.14s, valid_score: 0.451100]
Sat 07 Sep 2024 16:59:00 INFO  valid result: 
hit@5 : 0.6247    hit@10 : 0.7441    ndcg@5 : 0.4511    ndcg@10 : 0.4899
Sat 07 Sep 2024 17:10:54 INFO  epoch 124 training [time: 714.31s, train loss: 1998.9556]
Sat 07 Sep 2024 17:10:54 INFO  epoch 124 evaluating [time: 0.14s, valid_score: 0.446200]
Sat 07 Sep 2024 17:10:54 INFO  valid result: 
hit@5 : 0.6141    hit@10 : 0.7335    ndcg@5 : 0.4462    ndcg@10 : 0.4853
Sat 07 Sep 2024 17:22:48 INFO  epoch 125 training [time: 714.31s, train loss: 1997.9828]
Sat 07 Sep 2024 17:22:49 INFO  epoch 125 evaluating [time: 0.13s, valid_score: 0.445600]
Sat 07 Sep 2024 17:22:49 INFO  valid result: 
hit@5 : 0.6141    hit@10 : 0.7399    ndcg@5 : 0.4456    ndcg@10 : 0.4873
Sat 07 Sep 2024 17:34:43 INFO  epoch 126 training [time: 713.91s, train loss: 1997.5624]
Sat 07 Sep 2024 17:34:43 INFO  epoch 126 evaluating [time: 0.14s, valid_score: 0.450800]
Sat 07 Sep 2024 17:34:43 INFO  valid result: 
hit@5 : 0.6226    hit@10 : 0.7377    ndcg@5 : 0.4508    ndcg@10 : 0.488
Sat 07 Sep 2024 17:46:39 INFO  epoch 127 training [time: 716.44s, train loss: 1998.3774]
Sat 07 Sep 2024 17:46:39 INFO  epoch 127 evaluating [time: 0.14s, valid_score: 0.441400]
Sat 07 Sep 2024 17:46:39 INFO  valid result: 
hit@5 : 0.6119    hit@10 : 0.7356    ndcg@5 : 0.4414    ndcg@10 : 0.482
Sat 07 Sep 2024 17:58:36 INFO  epoch 128 training [time: 716.64s, train loss: 1997.1958]
Sat 07 Sep 2024 17:58:36 INFO  epoch 128 evaluating [time: 0.15s, valid_score: 0.448200]
Sat 07 Sep 2024 17:58:36 INFO  valid result: 
hit@5 : 0.6119    hit@10 : 0.7292    ndcg@5 : 0.4482    ndcg@10 : 0.4864
Sat 07 Sep 2024 18:10:33 INFO  epoch 129 training [time: 716.84s, train loss: 1996.9150]
Sat 07 Sep 2024 18:10:33 INFO  epoch 129 evaluating [time: 0.15s, valid_score: 0.439600]
Sat 07 Sep 2024 18:10:33 INFO  valid result: 
hit@5 : 0.6055    hit@10 : 0.7292    ndcg@5 : 0.4396    ndcg@10 : 0.4806
Sat 07 Sep 2024 18:22:31 INFO  epoch 130 training [time: 717.43s, train loss: 1998.0436]
Sat 07 Sep 2024 18:22:31 INFO  epoch 130 evaluating [time: 0.14s, valid_score: 0.448300]
Sat 07 Sep 2024 18:22:31 INFO  valid result: 
hit@5 : 0.6141    hit@10 : 0.742    ndcg@5 : 0.4483    ndcg@10 : 0.4903
Sat 07 Sep 2024 18:34:25 INFO  epoch 131 training [time: 714.76s, train loss: 1996.3604]
Sat 07 Sep 2024 18:34:26 INFO  epoch 131 evaluating [time: 0.15s, valid_score: 0.451400]
Sat 07 Sep 2024 18:34:26 INFO  valid result: 
hit@5 : 0.6183    hit@10 : 0.7292    ndcg@5 : 0.4514    ndcg@10 : 0.4881
Sat 07 Sep 2024 18:46:21 INFO  epoch 132 training [time: 715.59s, train loss: 1997.1280]
Sat 07 Sep 2024 18:46:21 INFO  epoch 132 evaluating [time: 0.13s, valid_score: 0.447000]
Sat 07 Sep 2024 18:46:21 INFO  valid result: 
hit@5 : 0.6119    hit@10 : 0.742    ndcg@5 : 0.447    ndcg@10 : 0.4897
Sat 07 Sep 2024 18:58:16 INFO  epoch 133 training [time: 714.72s, train loss: 1997.1029]
Sat 07 Sep 2024 18:58:16 INFO  epoch 133 evaluating [time: 0.14s, valid_score: 0.445700]
Sat 07 Sep 2024 18:58:16 INFO  valid result: 
hit@5 : 0.6119    hit@10 : 0.7335    ndcg@5 : 0.4457    ndcg@10 : 0.4856
Sat 07 Sep 2024 19:10:11 INFO  epoch 134 training [time: 715.02s, train loss: 1996.0120]
Sat 07 Sep 2024 19:10:11 INFO  epoch 134 evaluating [time: 0.15s, valid_score: 0.448100]
Sat 07 Sep 2024 19:10:11 INFO  valid result: 
hit@5 : 0.6119    hit@10 : 0.7463    ndcg@5 : 0.4481    ndcg@10 : 0.492
Sat 07 Sep 2024 19:22:06 INFO  epoch 135 training [time: 714.98s, train loss: 1996.0636]
Sat 07 Sep 2024 19:22:06 INFO  epoch 135 evaluating [time: 0.14s, valid_score: 0.454200]
Sat 07 Sep 2024 19:22:07 INFO  valid result: 
hit@5 : 0.6333    hit@10 : 0.7399    ndcg@5 : 0.4542    ndcg@10 : 0.4891
Sat 07 Sep 2024 19:34:02 INFO  epoch 136 training [time: 715.20s, train loss: 1996.0435]
Sat 07 Sep 2024 19:34:02 INFO  epoch 136 evaluating [time: 0.16s, valid_score: 0.449400]
Sat 07 Sep 2024 19:34:02 INFO  valid result: 
hit@5 : 0.6247    hit@10 : 0.7441    ndcg@5 : 0.4494    ndcg@10 : 0.4884
Sat 07 Sep 2024 19:45:57 INFO  epoch 137 training [time: 714.98s, train loss: 1996.2049]
Sat 07 Sep 2024 19:45:57 INFO  epoch 137 evaluating [time: 0.15s, valid_score: 0.453600]
Sat 07 Sep 2024 19:45:57 INFO  valid result: 
hit@5 : 0.6205    hit@10 : 0.7399    ndcg@5 : 0.4536    ndcg@10 : 0.4928
Sat 07 Sep 2024 19:57:52 INFO  epoch 138 training [time: 714.52s, train loss: 1995.2964]
Sat 07 Sep 2024 19:57:52 INFO  epoch 138 evaluating [time: 0.14s, valid_score: 0.447400]
Sat 07 Sep 2024 19:57:52 INFO  valid result: 
hit@5 : 0.6183    hit@10 : 0.7335    ndcg@5 : 0.4474    ndcg@10 : 0.4854
Sat 07 Sep 2024 20:09:46 INFO  epoch 139 training [time: 713.89s, train loss: 1995.4961]
Sat 07 Sep 2024 20:09:46 INFO  epoch 139 evaluating [time: 0.15s, valid_score: 0.448600]
Sat 07 Sep 2024 20:09:46 INFO  valid result: 
hit@5 : 0.6162    hit@10 : 0.7399    ndcg@5 : 0.4486    ndcg@10 : 0.4893
Sat 07 Sep 2024 20:21:40 INFO  epoch 140 training [time: 713.95s, train loss: 1994.9918]
Sat 07 Sep 2024 20:21:40 INFO  epoch 140 evaluating [time: 0.15s, valid_score: 0.452600]
Sat 07 Sep 2024 20:21:40 INFO  valid result: 
hit@5 : 0.6311    hit@10 : 0.7356    ndcg@5 : 0.4526    ndcg@10 : 0.4867
Sat 07 Sep 2024 20:33:34 INFO  epoch 141 training [time: 714.04s, train loss: 1994.7322]
Sat 07 Sep 2024 20:33:34 INFO  epoch 141 evaluating [time: 0.15s, valid_score: 0.451700]
Sat 07 Sep 2024 20:33:34 INFO  valid result: 
hit@5 : 0.6247    hit@10 : 0.742    ndcg@5 : 0.4517    ndcg@10 : 0.4901
Sat 07 Sep 2024 20:45:28 INFO  epoch 142 training [time: 714.02s, train loss: 1994.6843]
Sat 07 Sep 2024 20:45:28 INFO  epoch 142 evaluating [time: 0.14s, valid_score: 0.448500]
Sat 07 Sep 2024 20:45:28 INFO  valid result: 
hit@5 : 0.6205    hit@10 : 0.7377    ndcg@5 : 0.4485    ndcg@10 : 0.487
Sat 07 Sep 2024 20:57:22 INFO  epoch 143 training [time: 713.99s, train loss: 1995.2676]
Sat 07 Sep 2024 20:57:22 INFO  epoch 143 evaluating [time: 0.14s, valid_score: 0.447900]
Sat 07 Sep 2024 20:57:22 INFO  valid result: 
hit@5 : 0.6162    hit@10 : 0.7356    ndcg@5 : 0.4479    ndcg@10 : 0.4873
Sat 07 Sep 2024 21:09:17 INFO  epoch 144 training [time: 714.30s, train loss: 1994.3313]
Sat 07 Sep 2024 21:09:17 INFO  epoch 144 evaluating [time: 0.15s, valid_score: 0.447400]
Sat 07 Sep 2024 21:09:17 INFO  valid result: 
hit@5 : 0.6226    hit@10 : 0.7335    ndcg@5 : 0.4474    ndcg@10 : 0.4836
Sat 07 Sep 2024 21:21:11 INFO  epoch 145 training [time: 714.00s, train loss: 1994.1406]
Sat 07 Sep 2024 21:21:11 INFO  epoch 145 evaluating [time: 0.15s, valid_score: 0.452100]
Sat 07 Sep 2024 21:21:11 INFO  valid result: 
hit@5 : 0.629    hit@10 : 0.7399    ndcg@5 : 0.4521    ndcg@10 : 0.4884
Sat 07 Sep 2024 21:33:05 INFO  epoch 146 training [time: 714.00s, train loss: 1994.0034]
Sat 07 Sep 2024 21:33:05 INFO  epoch 146 evaluating [time: 0.15s, valid_score: 0.452900]
Sat 07 Sep 2024 21:33:05 INFO  valid result: 
hit@5 : 0.6226    hit@10 : 0.7356    ndcg@5 : 0.4529    ndcg@10 : 0.4903
Sat 07 Sep 2024 21:45:00 INFO  epoch 147 training [time: 714.43s, train loss: 1994.3413]
Sat 07 Sep 2024 21:45:00 INFO  epoch 147 evaluating [time: 0.13s, valid_score: 0.451500]
Sat 07 Sep 2024 21:45:00 INFO  valid result: 
hit@5 : 0.629    hit@10 : 0.742    ndcg@5 : 0.4515    ndcg@10 : 0.4883
Sat 07 Sep 2024 21:56:53 INFO  epoch 148 training [time: 713.29s, train loss: 1993.6492]
Sat 07 Sep 2024 21:56:53 INFO  epoch 148 evaluating [time: 0.14s, valid_score: 0.451000]
Sat 07 Sep 2024 21:56:53 INFO  valid result: 
hit@5 : 0.6247    hit@10 : 0.7441    ndcg@5 : 0.451    ndcg@10 : 0.4904
Sat 07 Sep 2024 22:08:46 INFO  epoch 149 training [time: 713.17s, train loss: 1993.7605]
Sat 07 Sep 2024 22:08:46 INFO  epoch 149 evaluating [time: 0.15s, valid_score: 0.450300]
Sat 07 Sep 2024 22:08:46 INFO  valid result: 
hit@5 : 0.6183    hit@10 : 0.7399    ndcg@5 : 0.4503    ndcg@10 : 0.4898
Sat 07 Sep 2024 22:20:41 INFO  epoch 150 training [time: 714.43s, train loss: 1994.4690]
Sat 07 Sep 2024 22:20:41 INFO  epoch 150 evaluating [time: 0.14s, valid_score: 0.449400]
Sat 07 Sep 2024 22:20:41 INFO  valid result: 
hit@5 : 0.6141    hit@10 : 0.7356    ndcg@5 : 0.4494    ndcg@10 : 0.4893
Sat 07 Sep 2024 22:32:35 INFO  epoch 151 training [time: 713.70s, train loss: 1993.2482]
Sat 07 Sep 2024 22:32:35 INFO  epoch 151 evaluating [time: 0.14s, valid_score: 0.449700]
Sat 07 Sep 2024 22:32:35 INFO  valid result: 
hit@5 : 0.6247    hit@10 : 0.7313    ndcg@5 : 0.4497    ndcg@10 : 0.4845
Sat 07 Sep 2024 22:44:29 INFO  epoch 152 training [time: 713.68s, train loss: 1992.9617]
Sat 07 Sep 2024 22:44:29 INFO  epoch 152 evaluating [time: 0.14s, valid_score: 0.452500]
Sat 07 Sep 2024 22:44:29 INFO  valid result: 
hit@5 : 0.6269    hit@10 : 0.7377    ndcg@5 : 0.4525    ndcg@10 : 0.4892
Sat 07 Sep 2024 22:56:22 INFO  epoch 153 training [time: 713.55s, train loss: 1992.8479]
Sat 07 Sep 2024 22:56:22 INFO  epoch 153 evaluating [time: 0.14s, valid_score: 0.453200]
Sat 07 Sep 2024 22:56:22 INFO  valid result: 
hit@5 : 0.6226    hit@10 : 0.7399    ndcg@5 : 0.4532    ndcg@10 : 0.492
Sat 07 Sep 2024 23:08:16 INFO  epoch 154 training [time: 713.51s, train loss: 1992.4564]
Sat 07 Sep 2024 23:08:16 INFO  epoch 154 evaluating [time: 0.14s, valid_score: 0.446300]
Sat 07 Sep 2024 23:08:16 INFO  valid result: 
hit@5 : 0.6183    hit@10 : 0.7313    ndcg@5 : 0.4463    ndcg@10 : 0.4837
Sat 07 Sep 2024 23:20:10 INFO  epoch 155 training [time: 713.64s, train loss: 1992.2554]
Sat 07 Sep 2024 23:20:10 INFO  epoch 155 evaluating [time: 0.14s, valid_score: 0.446200]
Sat 07 Sep 2024 23:20:10 INFO  valid result: 
hit@5 : 0.6141    hit@10 : 0.742    ndcg@5 : 0.4462    ndcg@10 : 0.4879
Sat 07 Sep 2024 23:32:04 INFO  epoch 156 training [time: 713.57s, train loss: 1992.5136]
Sat 07 Sep 2024 23:32:04 INFO  epoch 156 evaluating [time: 0.14s, valid_score: 0.451700]
Sat 07 Sep 2024 23:32:04 INFO  valid result: 
hit@5 : 0.6162    hit@10 : 0.7356    ndcg@5 : 0.4517    ndcg@10 : 0.4905
Sat 07 Sep 2024 23:43:56 INFO  epoch 157 training [time: 712.56s, train loss: 1992.8402]
Sat 07 Sep 2024 23:43:56 INFO  epoch 157 evaluating [time: 0.14s, valid_score: 0.449600]
Sat 07 Sep 2024 23:43:56 INFO  valid result: 
hit@5 : 0.6183    hit@10 : 0.7377    ndcg@5 : 0.4496    ndcg@10 : 0.4888
Sat 07 Sep 2024 23:55:48 INFO  epoch 158 training [time: 711.95s, train loss: 1992.1905]
Sat 07 Sep 2024 23:55:49 INFO  epoch 158 evaluating [time: 0.14s, valid_score: 0.451200]
Sat 07 Sep 2024 23:55:49 INFO  valid result: 
hit@5 : 0.6205    hit@10 : 0.7377    ndcg@5 : 0.4512    ndcg@10 : 0.4898
Sun 08 Sep 2024 00:07:41 INFO  epoch 159 training [time: 712.72s, train loss: 1991.4509]
Sun 08 Sep 2024 00:07:41 INFO  epoch 159 evaluating [time: 0.14s, valid_score: 0.448200]
Sun 08 Sep 2024 00:07:41 INFO  valid result: 
hit@5 : 0.6247    hit@10 : 0.7441    ndcg@5 : 0.4482    ndcg@10 : 0.4874
Sun 08 Sep 2024 00:19:34 INFO  epoch 160 training [time: 712.17s, train loss: 1992.2055]
Sun 08 Sep 2024 00:19:34 INFO  epoch 160 evaluating [time: 0.13s, valid_score: 0.454600]
Sun 08 Sep 2024 00:19:34 INFO  valid result: 
hit@5 : 0.6269    hit@10 : 0.7335    ndcg@5 : 0.4546    ndcg@10 : 0.4895
Sun 08 Sep 2024 00:31:26 INFO  epoch 161 training [time: 711.95s, train loss: 1992.0255]
Sun 08 Sep 2024 00:31:26 INFO  epoch 161 evaluating [time: 0.14s, valid_score: 0.447400]
Sun 08 Sep 2024 00:31:26 INFO  valid result: 
hit@5 : 0.6183    hit@10 : 0.7441    ndcg@5 : 0.4474    ndcg@10 : 0.4889
Sun 08 Sep 2024 00:43:17 INFO  epoch 162 training [time: 711.57s, train loss: 1991.5415]
Sun 08 Sep 2024 00:43:18 INFO  epoch 162 evaluating [time: 0.14s, valid_score: 0.456200]
Sun 08 Sep 2024 00:43:18 INFO  valid result: 
hit@5 : 0.6269    hit@10 : 0.7356    ndcg@5 : 0.4562    ndcg@10 : 0.4914
Sun 08 Sep 2024 00:43:18 INFO  Saving current: saved\UniSRec-Sep-06-2024_16-34-48.pth
Sun 08 Sep 2024 00:55:10 INFO  epoch 163 training [time: 712.46s, train loss: 1991.9423]
Sun 08 Sep 2024 00:55:10 INFO  epoch 163 evaluating [time: 0.13s, valid_score: 0.452500]
Sun 08 Sep 2024 00:55:10 INFO  valid result: 
hit@5 : 0.6162    hit@10 : 0.7377    ndcg@5 : 0.4525    ndcg@10 : 0.4925
Sun 08 Sep 2024 01:07:02 INFO  epoch 164 training [time: 711.88s, train loss: 1990.4257]
Sun 08 Sep 2024 01:07:03 INFO  epoch 164 evaluating [time: 0.14s, valid_score: 0.443200]
Sun 08 Sep 2024 01:07:03 INFO  valid result: 
hit@5 : 0.6183    hit@10 : 0.742    ndcg@5 : 0.4432    ndcg@10 : 0.4841
Sun 08 Sep 2024 01:18:54 INFO  epoch 165 training [time: 711.83s, train loss: 1990.5101]
Sun 08 Sep 2024 01:18:54 INFO  epoch 165 evaluating [time: 0.14s, valid_score: 0.445800]
Sun 08 Sep 2024 01:18:54 INFO  valid result: 
hit@5 : 0.6119    hit@10 : 0.7377    ndcg@5 : 0.4458    ndcg@10 : 0.4874
Sun 08 Sep 2024 01:30:45 INFO  epoch 166 training [time: 710.99s, train loss: 1991.5256]
Sun 08 Sep 2024 01:30:46 INFO  epoch 166 evaluating [time: 0.14s, valid_score: 0.452700]
Sun 08 Sep 2024 01:30:46 INFO  valid result: 
hit@5 : 0.6226    hit@10 : 0.7356    ndcg@5 : 0.4527    ndcg@10 : 0.4899
Sun 08 Sep 2024 01:42:37 INFO  epoch 167 training [time: 710.92s, train loss: 1990.6581]
Sun 08 Sep 2024 01:42:37 INFO  epoch 167 evaluating [time: 0.15s, valid_score: 0.447300]
Sun 08 Sep 2024 01:42:37 INFO  valid result: 
hit@5 : 0.6205    hit@10 : 0.7441    ndcg@5 : 0.4473    ndcg@10 : 0.4874
Sun 08 Sep 2024 01:54:28 INFO  epoch 168 training [time: 711.02s, train loss: 1990.4203]
Sun 08 Sep 2024 01:54:28 INFO  epoch 168 evaluating [time: 0.14s, valid_score: 0.453300]
Sun 08 Sep 2024 01:54:28 INFO  valid result: 
hit@5 : 0.6183    hit@10 : 0.7441    ndcg@5 : 0.4533    ndcg@10 : 0.4946
Sun 08 Sep 2024 02:06:19 INFO  epoch 169 training [time: 711.16s, train loss: 1990.4393]
Sun 08 Sep 2024 02:06:19 INFO  epoch 169 evaluating [time: 0.13s, valid_score: 0.450600]
Sun 08 Sep 2024 02:06:19 INFO  valid result: 
hit@5 : 0.6226    hit@10 : 0.7356    ndcg@5 : 0.4506    ndcg@10 : 0.4881
Sun 08 Sep 2024 02:18:10 INFO  epoch 170 training [time: 710.99s, train loss: 1990.0871]
Sun 08 Sep 2024 02:18:10 INFO  epoch 170 evaluating [time: 0.14s, valid_score: 0.451200]
Sun 08 Sep 2024 02:18:10 INFO  valid result: 
hit@5 : 0.6311    hit@10 : 0.7356    ndcg@5 : 0.4512    ndcg@10 : 0.4852
Sun 08 Sep 2024 02:30:03 INFO  epoch 171 training [time: 712.48s, train loss: 1990.2737]
Sun 08 Sep 2024 02:30:03 INFO  epoch 171 evaluating [time: 0.14s, valid_score: 0.449800]
Sun 08 Sep 2024 02:30:03 INFO  valid result: 
hit@5 : 0.6226    hit@10 : 0.7399    ndcg@5 : 0.4498    ndcg@10 : 0.4883
Sun 08 Sep 2024 02:41:54 INFO  epoch 172 training [time: 711.34s, train loss: 1990.2447]
Sun 08 Sep 2024 02:41:54 INFO  epoch 172 evaluating [time: 0.14s, valid_score: 0.451300]
Sun 08 Sep 2024 02:41:54 INFO  valid result: 
hit@5 : 0.6205    hit@10 : 0.7313    ndcg@5 : 0.4513    ndcg@10 : 0.4878
Sun 08 Sep 2024 02:53:46 INFO  epoch 173 training [time: 711.37s, train loss: 1990.1609]
Sun 08 Sep 2024 02:53:46 INFO  epoch 173 evaluating [time: 0.16s, valid_score: 0.451800]
Sun 08 Sep 2024 02:53:46 INFO  valid result: 
hit@5 : 0.6205    hit@10 : 0.7399    ndcg@5 : 0.4518    ndcg@10 : 0.4911
Sun 08 Sep 2024 03:05:37 INFO  epoch 174 training [time: 711.40s, train loss: 1989.5231]
Sun 08 Sep 2024 03:05:38 INFO  epoch 174 evaluating [time: 0.15s, valid_score: 0.448100]
Sun 08 Sep 2024 03:05:38 INFO  valid result: 
hit@5 : 0.6183    hit@10 : 0.7377    ndcg@5 : 0.4481    ndcg@10 : 0.4876
Sun 08 Sep 2024 03:17:29 INFO  epoch 175 training [time: 711.41s, train loss: 1990.4621]
Sun 08 Sep 2024 03:17:29 INFO  epoch 175 evaluating [time: 0.15s, valid_score: 0.451500]
Sun 08 Sep 2024 03:17:29 INFO  valid result: 
hit@5 : 0.6247    hit@10 : 0.7377    ndcg@5 : 0.4515    ndcg@10 : 0.4884
Sun 08 Sep 2024 03:29:21 INFO  epoch 176 training [time: 711.53s, train loss: 1989.6659]
Sun 08 Sep 2024 03:29:21 INFO  epoch 176 evaluating [time: 0.14s, valid_score: 0.450900]
Sun 08 Sep 2024 03:29:21 INFO  valid result: 
hit@5 : 0.6205    hit@10 : 0.7356    ndcg@5 : 0.4509    ndcg@10 : 0.4886
Sun 08 Sep 2024 03:41:12 INFO  epoch 177 training [time: 711.54s, train loss: 1989.0388]
Sun 08 Sep 2024 03:41:13 INFO  epoch 177 evaluating [time: 0.14s, valid_score: 0.449400]
Sun 08 Sep 2024 03:41:13 INFO  valid result: 
hit@5 : 0.6183    hit@10 : 0.7441    ndcg@5 : 0.4494    ndcg@10 : 0.4906
Sun 08 Sep 2024 03:53:04 INFO  epoch 178 training [time: 711.36s, train loss: 1989.2888]
Sun 08 Sep 2024 03:53:04 INFO  epoch 178 evaluating [time: 0.16s, valid_score: 0.456400]
Sun 08 Sep 2024 03:53:04 INFO  valid result: 
hit@5 : 0.6397    hit@10 : 0.742    ndcg@5 : 0.4564    ndcg@10 : 0.4895
Sun 08 Sep 2024 03:53:04 INFO  Saving current: saved\UniSRec-Sep-06-2024_16-34-48.pth
Sun 08 Sep 2024 04:04:56 INFO  epoch 179 training [time: 711.62s, train loss: 1988.5881]
Sun 08 Sep 2024 04:04:56 INFO  epoch 179 evaluating [time: 0.14s, valid_score: 0.452000]
Sun 08 Sep 2024 04:04:56 INFO  valid result: 
hit@5 : 0.6205    hit@10 : 0.7463    ndcg@5 : 0.452    ndcg@10 : 0.4929
Sun 08 Sep 2024 04:16:47 INFO  epoch 180 training [time: 710.95s, train loss: 1989.6865]
Sun 08 Sep 2024 04:16:47 INFO  epoch 180 evaluating [time: 0.14s, valid_score: 0.455200]
Sun 08 Sep 2024 04:16:47 INFO  valid result: 
hit@5 : 0.6205    hit@10 : 0.742    ndcg@5 : 0.4552    ndcg@10 : 0.4948
Sun 08 Sep 2024 04:28:38 INFO  epoch 181 training [time: 710.60s, train loss: 1988.7342]
Sun 08 Sep 2024 04:28:38 INFO  epoch 181 evaluating [time: 0.15s, valid_score: 0.452900]
Sun 08 Sep 2024 04:28:38 INFO  valid result: 
hit@5 : 0.6162    hit@10 : 0.7313    ndcg@5 : 0.4529    ndcg@10 : 0.4908
Sun 08 Sep 2024 04:40:28 INFO  epoch 182 training [time: 710.31s, train loss: 1988.5736]
Sun 08 Sep 2024 04:40:28 INFO  epoch 182 evaluating [time: 0.15s, valid_score: 0.447600]
Sun 08 Sep 2024 04:40:28 INFO  valid result: 
hit@5 : 0.6162    hit@10 : 0.7356    ndcg@5 : 0.4476    ndcg@10 : 0.4874
Sun 08 Sep 2024 04:52:19 INFO  epoch 183 training [time: 710.17s, train loss: 1988.2772]
Sun 08 Sep 2024 04:52:19 INFO  epoch 183 evaluating [time: 0.14s, valid_score: 0.450300]
Sun 08 Sep 2024 04:52:19 INFO  valid result: 
hit@5 : 0.6183    hit@10 : 0.742    ndcg@5 : 0.4503    ndcg@10 : 0.4907
Sun 08 Sep 2024 05:04:09 INFO  epoch 184 training [time: 710.44s, train loss: 1988.5574]
Sun 08 Sep 2024 05:04:09 INFO  epoch 184 evaluating [time: 0.14s, valid_score: 0.447700]
Sun 08 Sep 2024 05:04:09 INFO  valid result: 
hit@5 : 0.6226    hit@10 : 0.7335    ndcg@5 : 0.4477    ndcg@10 : 0.4844
Sun 08 Sep 2024 05:16:00 INFO  epoch 185 training [time: 710.27s, train loss: 1988.2575]
Sun 08 Sep 2024 05:16:00 INFO  epoch 185 evaluating [time: 0.14s, valid_score: 0.457300]
Sun 08 Sep 2024 05:16:00 INFO  valid result: 
hit@5 : 0.6354    hit@10 : 0.7335    ndcg@5 : 0.4573    ndcg@10 : 0.4898
Sun 08 Sep 2024 05:16:00 INFO  Saving current: saved\UniSRec-Sep-06-2024_16-34-48.pth
Sun 08 Sep 2024 05:27:50 INFO  epoch 186 training [time: 710.34s, train loss: 1988.1477]
Sun 08 Sep 2024 05:27:51 INFO  epoch 186 evaluating [time: 0.15s, valid_score: 0.451500]
Sun 08 Sep 2024 05:27:51 INFO  valid result: 
hit@5 : 0.6119    hit@10 : 0.7441    ndcg@5 : 0.4515    ndcg@10 : 0.4945
Sun 08 Sep 2024 05:39:41 INFO  epoch 187 training [time: 710.28s, train loss: 1988.2849]
Sun 08 Sep 2024 05:39:41 INFO  epoch 187 evaluating [time: 0.14s, valid_score: 0.448300]
Sun 08 Sep 2024 05:39:41 INFO  valid result: 
hit@5 : 0.6162    hit@10 : 0.7399    ndcg@5 : 0.4483    ndcg@10 : 0.4892
Sun 08 Sep 2024 05:51:31 INFO  epoch 188 training [time: 710.42s, train loss: 1987.9916]
Sun 08 Sep 2024 05:51:32 INFO  epoch 188 evaluating [time: 0.14s, valid_score: 0.450100]
Sun 08 Sep 2024 05:51:32 INFO  valid result: 
hit@5 : 0.6269    hit@10 : 0.7356    ndcg@5 : 0.4501    ndcg@10 : 0.4858
Sun 08 Sep 2024 06:03:22 INFO  epoch 189 training [time: 710.60s, train loss: 1987.6660]
Sun 08 Sep 2024 06:03:22 INFO  epoch 189 evaluating [time: 0.15s, valid_score: 0.452500]
Sun 08 Sep 2024 06:03:22 INFO  valid result: 
hit@5 : 0.629    hit@10 : 0.742    ndcg@5 : 0.4525    ndcg@10 : 0.4895
Sun 08 Sep 2024 06:15:13 INFO  epoch 190 training [time: 710.57s, train loss: 1988.0235]
Sun 08 Sep 2024 06:15:13 INFO  epoch 190 evaluating [time: 0.15s, valid_score: 0.455500]
Sun 08 Sep 2024 06:15:13 INFO  valid result: 
hit@5 : 0.6311    hit@10 : 0.7377    ndcg@5 : 0.4555    ndcg@10 : 0.4905
Sun 08 Sep 2024 06:27:05 INFO  epoch 191 training [time: 711.50s, train loss: 1988.0403]
Sun 08 Sep 2024 06:27:05 INFO  epoch 191 evaluating [time: 0.14s, valid_score: 0.456900]
Sun 08 Sep 2024 06:27:05 INFO  valid result: 
hit@5 : 0.6269    hit@10 : 0.7356    ndcg@5 : 0.4569    ndcg@10 : 0.4927
Sun 08 Sep 2024 06:38:55 INFO  epoch 192 training [time: 710.21s, train loss: 1987.0696]
Sun 08 Sep 2024 06:38:55 INFO  epoch 192 evaluating [time: 0.14s, valid_score: 0.446200]
Sun 08 Sep 2024 06:38:55 INFO  valid result: 
hit@5 : 0.6162    hit@10 : 0.742    ndcg@5 : 0.4462    ndcg@10 : 0.4874
Sun 08 Sep 2024 06:50:45 INFO  epoch 193 training [time: 709.73s, train loss: 1987.3308]
Sun 08 Sep 2024 06:50:45 INFO  epoch 193 evaluating [time: 0.14s, valid_score: 0.450700]
Sun 08 Sep 2024 06:50:45 INFO  valid result: 
hit@5 : 0.6119    hit@10 : 0.7377    ndcg@5 : 0.4507    ndcg@10 : 0.4924
Sun 08 Sep 2024 07:02:35 INFO  epoch 194 training [time: 709.67s, train loss: 1987.1822]
Sun 08 Sep 2024 07:02:35 INFO  epoch 194 evaluating [time: 0.15s, valid_score: 0.453200]
Sun 08 Sep 2024 07:02:35 INFO  valid result: 
hit@5 : 0.6247    hit@10 : 0.7463    ndcg@5 : 0.4532    ndcg@10 : 0.4923
Sun 08 Sep 2024 07:14:25 INFO  epoch 195 training [time: 709.67s, train loss: 1987.1678]
Sun 08 Sep 2024 07:14:25 INFO  epoch 195 evaluating [time: 0.14s, valid_score: 0.450700]
Sun 08 Sep 2024 07:14:25 INFO  valid result: 
hit@5 : 0.6247    hit@10 : 0.7356    ndcg@5 : 0.4507    ndcg@10 : 0.4868
Sun 08 Sep 2024 07:26:15 INFO  epoch 196 training [time: 710.66s, train loss: 1987.5116]
Sun 08 Sep 2024 07:26:15 INFO  epoch 196 evaluating [time: 0.15s, valid_score: 0.452100]
Sun 08 Sep 2024 07:26:15 INFO  valid result: 
hit@5 : 0.6205    hit@10 : 0.7399    ndcg@5 : 0.4521    ndcg@10 : 0.4917
Sun 08 Sep 2024 07:38:05 INFO  epoch 197 training [time: 709.60s, train loss: 1986.8002]
Sun 08 Sep 2024 07:38:05 INFO  epoch 197 evaluating [time: 0.15s, valid_score: 0.444600]
Sun 08 Sep 2024 07:38:05 INFO  valid result: 
hit@5 : 0.6077    hit@10 : 0.7377    ndcg@5 : 0.4446    ndcg@10 : 0.4874
Sun 08 Sep 2024 07:49:55 INFO  epoch 198 training [time: 709.60s, train loss: 1986.9890]
Sun 08 Sep 2024 07:49:55 INFO  epoch 198 evaluating [time: 0.14s, valid_score: 0.450300]
Sun 08 Sep 2024 07:49:55 INFO  valid result: 
hit@5 : 0.6205    hit@10 : 0.7463    ndcg@5 : 0.4503    ndcg@10 : 0.4916
Sun 08 Sep 2024 08:01:45 INFO  epoch 199 training [time: 710.29s, train loss: 1986.8247]
Sun 08 Sep 2024 08:01:45 INFO  epoch 199 evaluating [time: 0.15s, valid_score: 0.451500]
Sun 08 Sep 2024 08:01:45 INFO  valid result: 
hit@5 : 0.6226    hit@10 : 0.7399    ndcg@5 : 0.4515    ndcg@10 : 0.4903
Sun 08 Sep 2024 08:13:36 INFO  epoch 200 training [time: 710.39s, train loss: 1986.4238]
Sun 08 Sep 2024 08:13:36 INFO  epoch 200 evaluating [time: 0.14s, valid_score: 0.452800]
Sun 08 Sep 2024 08:13:36 INFO  valid result: 
hit@5 : 0.6269    hit@10 : 0.7356    ndcg@5 : 0.4528    ndcg@10 : 0.4887
Sun 08 Sep 2024 08:25:27 INFO  epoch 201 training [time: 710.54s, train loss: 1987.5854]
Sun 08 Sep 2024 08:25:27 INFO  epoch 201 evaluating [time: 0.15s, valid_score: 0.450000]
Sun 08 Sep 2024 08:25:27 INFO  valid result: 
hit@5 : 0.6226    hit@10 : 0.7399    ndcg@5 : 0.45    ndcg@10 : 0.4886
Sun 08 Sep 2024 08:37:17 INFO  epoch 202 training [time: 710.16s, train loss: 1986.7166]
Sun 08 Sep 2024 08:37:17 INFO  epoch 202 evaluating [time: 0.14s, valid_score: 0.455100]
Sun 08 Sep 2024 08:37:17 INFO  valid result: 
hit@5 : 0.6333    hit@10 : 0.742    ndcg@5 : 0.4551    ndcg@10 : 0.4903
Sun 08 Sep 2024 08:49:07 INFO  epoch 203 training [time: 710.07s, train loss: 1986.3331]
Sun 08 Sep 2024 08:49:07 INFO  epoch 203 evaluating [time: 0.15s, valid_score: 0.456800]
Sun 08 Sep 2024 08:49:07 INFO  valid result: 
hit@5 : 0.6269    hit@10 : 0.7399    ndcg@5 : 0.4568    ndcg@10 : 0.4937
Sun 08 Sep 2024 09:00:58 INFO  epoch 204 training [time: 710.80s, train loss: 1986.2517]
Sun 08 Sep 2024 09:00:58 INFO  epoch 204 evaluating [time: 0.14s, valid_score: 0.457100]
Sun 08 Sep 2024 09:00:58 INFO  valid result: 
hit@5 : 0.629    hit@10 : 0.742    ndcg@5 : 0.4571    ndcg@10 : 0.4938
Sun 08 Sep 2024 09:12:48 INFO  epoch 205 training [time: 710.14s, train loss: 1986.3874]
Sun 08 Sep 2024 09:12:48 INFO  epoch 205 evaluating [time: 0.16s, valid_score: 0.452000]
Sun 08 Sep 2024 09:12:48 INFO  valid result: 
hit@5 : 0.6226    hit@10 : 0.7377    ndcg@5 : 0.452    ndcg@10 : 0.4901
Sun 08 Sep 2024 09:24:38 INFO  epoch 206 training [time: 709.45s, train loss: 1986.2646]
Sun 08 Sep 2024 09:24:38 INFO  epoch 206 evaluating [time: 0.14s, valid_score: 0.454000]
Sun 08 Sep 2024 09:24:38 INFO  valid result: 
hit@5 : 0.6247    hit@10 : 0.7335    ndcg@5 : 0.454    ndcg@10 : 0.49
Sun 08 Sep 2024 09:36:28 INFO  epoch 207 training [time: 710.18s, train loss: 1986.0628]
Sun 08 Sep 2024 09:36:28 INFO  epoch 207 evaluating [time: 0.13s, valid_score: 0.448100]
Sun 08 Sep 2024 09:36:28 INFO  valid result: 
hit@5 : 0.6183    hit@10 : 0.742    ndcg@5 : 0.4481    ndcg@10 : 0.4887
Sun 08 Sep 2024 09:48:19 INFO  epoch 208 training [time: 710.24s, train loss: 1985.7803]
Sun 08 Sep 2024 09:48:19 INFO  epoch 208 evaluating [time: 0.14s, valid_score: 0.449500]
Sun 08 Sep 2024 09:48:19 INFO  valid result: 
hit@5 : 0.6247    hit@10 : 0.7313    ndcg@5 : 0.4495    ndcg@10 : 0.4845
Sun 08 Sep 2024 10:00:08 INFO  epoch 209 training [time: 709.38s, train loss: 1985.6158]
Sun 08 Sep 2024 10:00:08 INFO  epoch 209 evaluating [time: 0.16s, valid_score: 0.449800]
Sun 08 Sep 2024 10:00:08 INFO  valid result: 
hit@5 : 0.6183    hit@10 : 0.7399    ndcg@5 : 0.4498    ndcg@10 : 0.4899
Sun 08 Sep 2024 10:11:56 INFO  epoch 210 training [time: 707.30s, train loss: 1985.7440]
Sun 08 Sep 2024 10:11:56 INFO  epoch 210 evaluating [time: 0.14s, valid_score: 0.447600]
Sun 08 Sep 2024 10:11:56 INFO  valid result: 
hit@5 : 0.6141    hit@10 : 0.7441    ndcg@5 : 0.4476    ndcg@10 : 0.4907
Sun 08 Sep 2024 10:23:45 INFO  epoch 211 training [time: 708.93s, train loss: 1985.8823]
Sun 08 Sep 2024 10:23:45 INFO  epoch 211 evaluating [time: 0.13s, valid_score: 0.451800]
Sun 08 Sep 2024 10:23:45 INFO  valid result: 
hit@5 : 0.6141    hit@10 : 0.7377    ndcg@5 : 0.4518    ndcg@10 : 0.4926
Sun 08 Sep 2024 10:35:32 INFO  epoch 212 training [time: 707.25s, train loss: 1985.8773]
Sun 08 Sep 2024 10:35:32 INFO  epoch 212 evaluating [time: 0.14s, valid_score: 0.457000]
Sun 08 Sep 2024 10:35:32 INFO  valid result: 
hit@5 : 0.6354    hit@10 : 0.7399    ndcg@5 : 0.457    ndcg@10 : 0.4913
Sun 08 Sep 2024 10:47:19 INFO  epoch 213 training [time: 707.16s, train loss: 1985.7073]
Sun 08 Sep 2024 10:47:20 INFO  epoch 213 evaluating [time: 0.15s, valid_score: 0.451200]
Sun 08 Sep 2024 10:47:20 INFO  valid result: 
hit@5 : 0.6205    hit@10 : 0.7441    ndcg@5 : 0.4512    ndcg@10 : 0.4914
Sun 08 Sep 2024 10:59:07 INFO  epoch 214 training [time: 707.27s, train loss: 1984.8335]
Sun 08 Sep 2024 10:59:07 INFO  epoch 214 evaluating [time: 0.14s, valid_score: 0.453000]
Sun 08 Sep 2024 10:59:07 INFO  valid result: 
hit@5 : 0.6205    hit@10 : 0.742    ndcg@5 : 0.453    ndcg@10 : 0.4931
Sun 08 Sep 2024 11:10:54 INFO  epoch 215 training [time: 707.30s, train loss: 1985.2867]
Sun 08 Sep 2024 11:10:55 INFO  epoch 215 evaluating [time: 0.14s, valid_score: 0.449000]
Sun 08 Sep 2024 11:10:55 INFO  valid result: 
hit@5 : 0.6162    hit@10 : 0.7356    ndcg@5 : 0.449    ndcg@10 : 0.4882
Sun 08 Sep 2024 11:22:42 INFO  epoch 216 training [time: 707.36s, train loss: 1985.0353]
Sun 08 Sep 2024 11:22:42 INFO  epoch 216 evaluating [time: 0.15s, valid_score: 0.451100]
Sun 08 Sep 2024 11:22:42 INFO  valid result: 
hit@5 : 0.6226    hit@10 : 0.7377    ndcg@5 : 0.4511    ndcg@10 : 0.4891
Sun 08 Sep 2024 11:34:29 INFO  epoch 217 training [time: 707.21s, train loss: 1984.9994]
Sun 08 Sep 2024 11:34:29 INFO  epoch 217 evaluating [time: 0.14s, valid_score: 0.452800]
Sun 08 Sep 2024 11:34:29 INFO  valid result: 
hit@5 : 0.629    hit@10 : 0.7377    ndcg@5 : 0.4528    ndcg@10 : 0.4886
Sun 08 Sep 2024 11:46:17 INFO  epoch 218 training [time: 707.25s, train loss: 1984.8293]
Sun 08 Sep 2024 11:46:17 INFO  epoch 218 evaluating [time: 0.15s, valid_score: 0.454600]
Sun 08 Sep 2024 11:46:17 INFO  valid result: 
hit@5 : 0.6205    hit@10 : 0.7335    ndcg@5 : 0.4546    ndcg@10 : 0.4919
Sun 08 Sep 2024 11:58:04 INFO  epoch 219 training [time: 707.24s, train loss: 1984.8966]
Sun 08 Sep 2024 11:58:04 INFO  epoch 219 evaluating [time: 0.13s, valid_score: 0.451400]
Sun 08 Sep 2024 11:58:04 INFO  valid result: 
hit@5 : 0.6226    hit@10 : 0.7377    ndcg@5 : 0.4514    ndcg@10 : 0.4892
Sun 08 Sep 2024 12:09:51 INFO  epoch 220 training [time: 707.26s, train loss: 1984.4728]
Sun 08 Sep 2024 12:09:52 INFO  epoch 220 evaluating [time: 0.15s, valid_score: 0.453300]
Sun 08 Sep 2024 12:09:52 INFO  valid result: 
hit@5 : 0.6247    hit@10 : 0.7377    ndcg@5 : 0.4533    ndcg@10 : 0.4905
Sun 08 Sep 2024 12:21:39 INFO  epoch 221 training [time: 707.24s, train loss: 1984.8871]
Sun 08 Sep 2024 12:21:39 INFO  epoch 221 evaluating [time: 0.13s, valid_score: 0.453800]
Sun 08 Sep 2024 12:21:39 INFO  valid result: 
hit@5 : 0.6162    hit@10 : 0.7292    ndcg@5 : 0.4538    ndcg@10 : 0.4915
Sun 08 Sep 2024 12:33:26 INFO  epoch 222 training [time: 707.29s, train loss: 1983.8719]
Sun 08 Sep 2024 12:33:26 INFO  epoch 222 evaluating [time: 0.15s, valid_score: 0.454700]
Sun 08 Sep 2024 12:33:26 INFO  valid result: 
hit@5 : 0.6226    hit@10 : 0.742    ndcg@5 : 0.4547    ndcg@10 : 0.4941
Sun 08 Sep 2024 12:45:14 INFO  epoch 223 training [time: 707.11s, train loss: 1984.2701]
Sun 08 Sep 2024 12:45:14 INFO  epoch 223 evaluating [time: 0.13s, valid_score: 0.450700]
Sun 08 Sep 2024 12:45:14 INFO  valid result: 
hit@5 : 0.6205    hit@10 : 0.7377    ndcg@5 : 0.4507    ndcg@10 : 0.4891
Sun 08 Sep 2024 12:57:01 INFO  epoch 224 training [time: 707.34s, train loss: 1984.8318]
Sun 08 Sep 2024 12:57:01 INFO  epoch 224 evaluating [time: 0.14s, valid_score: 0.445300]
Sun 08 Sep 2024 12:57:01 INFO  valid result: 
hit@5 : 0.6162    hit@10 : 0.7441    ndcg@5 : 0.4453    ndcg@10 : 0.487
Sun 08 Sep 2024 13:08:48 INFO  epoch 225 training [time: 707.20s, train loss: 1984.2205]
Sun 08 Sep 2024 13:08:49 INFO  epoch 225 evaluating [time: 0.14s, valid_score: 0.457200]
Sun 08 Sep 2024 13:08:49 INFO  valid result: 
hit@5 : 0.629    hit@10 : 0.742    ndcg@5 : 0.4572    ndcg@10 : 0.4944
Sun 08 Sep 2024 13:20:36 INFO  epoch 226 training [time: 707.48s, train loss: 1985.0818]
Sun 08 Sep 2024 13:20:36 INFO  epoch 226 evaluating [time: 0.15s, valid_score: 0.451500]
Sun 08 Sep 2024 13:20:36 INFO  valid result: 
hit@5 : 0.629    hit@10 : 0.7399    ndcg@5 : 0.4515    ndcg@10 : 0.488
Sun 08 Sep 2024 13:32:24 INFO  epoch 227 training [time: 707.30s, train loss: 1984.6874]
Sun 08 Sep 2024 13:32:24 INFO  epoch 227 evaluating [time: 0.15s, valid_score: 0.453500]
Sun 08 Sep 2024 13:32:24 INFO  valid result: 
hit@5 : 0.6269    hit@10 : 0.7463    ndcg@5 : 0.4535    ndcg@10 : 0.4924
Sun 08 Sep 2024 13:44:12 INFO  epoch 228 training [time: 707.79s, train loss: 1983.8309]
Sun 08 Sep 2024 13:44:12 INFO  epoch 228 evaluating [time: 0.14s, valid_score: 0.444400]
Sun 08 Sep 2024 13:44:12 INFO  valid result: 
hit@5 : 0.6055    hit@10 : 0.7399    ndcg@5 : 0.4444    ndcg@10 : 0.4889
Sun 08 Sep 2024 13:55:59 INFO  epoch 229 training [time: 707.43s, train loss: 1984.4075]
Sun 08 Sep 2024 13:55:59 INFO  epoch 229 evaluating [time: 0.14s, valid_score: 0.453100]
Sun 08 Sep 2024 13:55:59 INFO  valid result: 
hit@5 : 0.6247    hit@10 : 0.7356    ndcg@5 : 0.4531    ndcg@10 : 0.4898
Sun 08 Sep 2024 14:07:46 INFO  epoch 230 training [time: 707.23s, train loss: 1983.5838]
Sun 08 Sep 2024 14:07:47 INFO  epoch 230 evaluating [time: 0.14s, valid_score: 0.448600]
Sun 08 Sep 2024 14:07:47 INFO  valid result: 
hit@5 : 0.6183    hit@10 : 0.7292    ndcg@5 : 0.4486    ndcg@10 : 0.4853
Sun 08 Sep 2024 14:19:34 INFO  epoch 231 training [time: 707.23s, train loss: 1983.6586]
Sun 08 Sep 2024 14:19:34 INFO  epoch 231 evaluating [time: 0.14s, valid_score: 0.453000]
Sun 08 Sep 2024 14:19:34 INFO  valid result: 
hit@5 : 0.6311    hit@10 : 0.7441    ndcg@5 : 0.453    ndcg@10 : 0.49
Sun 08 Sep 2024 14:31:22 INFO  epoch 232 training [time: 708.23s, train loss: 1983.7517]
Sun 08 Sep 2024 14:31:22 INFO  epoch 232 evaluating [time: 0.14s, valid_score: 0.450900]
Sun 08 Sep 2024 14:31:22 INFO  valid result: 
hit@5 : 0.6205    hit@10 : 0.7271    ndcg@5 : 0.4509    ndcg@10 : 0.486
Sun 08 Sep 2024 14:43:10 INFO  epoch 233 training [time: 707.17s, train loss: 1983.1943]
Sun 08 Sep 2024 14:43:10 INFO  epoch 233 evaluating [time: 0.14s, valid_score: 0.455300]
Sun 08 Sep 2024 14:43:10 INFO  valid result: 
hit@5 : 0.6269    hit@10 : 0.7335    ndcg@5 : 0.4553    ndcg@10 : 0.4904
Sun 08 Sep 2024 14:54:57 INFO  epoch 234 training [time: 707.11s, train loss: 1984.2024]
Sun 08 Sep 2024 14:54:57 INFO  epoch 234 evaluating [time: 0.14s, valid_score: 0.450200]
Sun 08 Sep 2024 14:54:57 INFO  valid result: 
hit@5 : 0.6205    hit@10 : 0.7463    ndcg@5 : 0.4502    ndcg@10 : 0.4912
Sun 08 Sep 2024 15:06:44 INFO  epoch 235 training [time: 707.10s, train loss: 1984.3212]
Sun 08 Sep 2024 15:06:44 INFO  epoch 235 evaluating [time: 0.14s, valid_score: 0.452900]
Sun 08 Sep 2024 15:06:44 INFO  valid result: 
hit@5 : 0.6226    hit@10 : 0.742    ndcg@5 : 0.4529    ndcg@10 : 0.4923
Sun 08 Sep 2024 15:18:31 INFO  epoch 236 training [time: 707.16s, train loss: 1983.3330]
Sun 08 Sep 2024 15:18:32 INFO  epoch 236 evaluating [time: 0.13s, valid_score: 0.455200]
Sun 08 Sep 2024 15:18:32 INFO  valid result: 
hit@5 : 0.6269    hit@10 : 0.742    ndcg@5 : 0.4552    ndcg@10 : 0.4929
Sun 08 Sep 2024 15:30:19 INFO  epoch 237 training [time: 707.22s, train loss: 1983.0077]
Sun 08 Sep 2024 15:30:19 INFO  epoch 237 evaluating [time: 0.13s, valid_score: 0.448400]
Sun 08 Sep 2024 15:30:19 INFO  valid result: 
hit@5 : 0.6183    hit@10 : 0.7377    ndcg@5 : 0.4484    ndcg@10 : 0.4879
Sun 08 Sep 2024 15:42:06 INFO  epoch 238 training [time: 707.10s, train loss: 1984.2837]
Sun 08 Sep 2024 15:42:06 INFO  epoch 238 evaluating [time: 0.14s, valid_score: 0.447400]
Sun 08 Sep 2024 15:42:06 INFO  valid result: 
hit@5 : 0.6226    hit@10 : 0.7356    ndcg@5 : 0.4474    ndcg@10 : 0.4845
Sun 08 Sep 2024 15:53:53 INFO  epoch 239 training [time: 707.06s, train loss: 1983.5796]
Sun 08 Sep 2024 15:53:53 INFO  epoch 239 evaluating [time: 0.14s, valid_score: 0.450700]
Sun 08 Sep 2024 15:53:53 INFO  valid result: 
hit@5 : 0.6205    hit@10 : 0.7356    ndcg@5 : 0.4507    ndcg@10 : 0.4888
Sun 08 Sep 2024 16:05:41 INFO  epoch 240 training [time: 707.15s, train loss: 1983.4142]
Sun 08 Sep 2024 16:05:41 INFO  epoch 240 evaluating [time: 0.15s, valid_score: 0.451400]
Sun 08 Sep 2024 16:05:41 INFO  valid result: 
hit@5 : 0.6269    hit@10 : 0.7356    ndcg@5 : 0.4514    ndcg@10 : 0.4872
Sun 08 Sep 2024 16:17:28 INFO  epoch 241 training [time: 707.17s, train loss: 1983.3221]
Sun 08 Sep 2024 16:17:28 INFO  epoch 241 evaluating [time: 0.14s, valid_score: 0.452600]
Sun 08 Sep 2024 16:17:28 INFO  valid result: 
hit@5 : 0.6269    hit@10 : 0.7313    ndcg@5 : 0.4526    ndcg@10 : 0.4866
Sun 08 Sep 2024 16:29:15 INFO  epoch 242 training [time: 707.22s, train loss: 1983.5498]
Sun 08 Sep 2024 16:29:15 INFO  epoch 242 evaluating [time: 0.15s, valid_score: 0.452800]
Sun 08 Sep 2024 16:29:15 INFO  valid result: 
hit@5 : 0.6205    hit@10 : 0.7356    ndcg@5 : 0.4528    ndcg@10 : 0.4907
Sun 08 Sep 2024 16:41:03 INFO  epoch 243 training [time: 707.32s, train loss: 1982.7197]
Sun 08 Sep 2024 16:41:03 INFO  epoch 243 evaluating [time: 0.13s, valid_score: 0.449200]
Sun 08 Sep 2024 16:41:03 INFO  valid result: 
hit@5 : 0.6226    hit@10 : 0.7377    ndcg@5 : 0.4492    ndcg@10 : 0.4872
Sun 08 Sep 2024 16:52:50 INFO  epoch 244 training [time: 707.32s, train loss: 1983.5023]
Sun 08 Sep 2024 16:52:50 INFO  epoch 244 evaluating [time: 0.15s, valid_score: 0.450500]
Sun 08 Sep 2024 16:52:50 INFO  valid result: 
hit@5 : 0.6141    hit@10 : 0.742    ndcg@5 : 0.4505    ndcg@10 : 0.4931
Sun 08 Sep 2024 17:04:38 INFO  epoch 245 training [time: 708.09s, train loss: 1983.4159]
Sun 08 Sep 2024 17:04:39 INFO  epoch 245 evaluating [time: 0.16s, valid_score: 0.455200]
Sun 08 Sep 2024 17:04:39 INFO  valid result: 
hit@5 : 0.6269    hit@10 : 0.7463    ndcg@5 : 0.4552    ndcg@10 : 0.4942
Sun 08 Sep 2024 17:16:26 INFO  epoch 246 training [time: 707.60s, train loss: 1982.5940]
Sun 08 Sep 2024 17:16:26 INFO  epoch 246 evaluating [time: 0.14s, valid_score: 0.451300]
Sun 08 Sep 2024 17:16:26 INFO  valid result: 
hit@5 : 0.6226    hit@10 : 0.7399    ndcg@5 : 0.4513    ndcg@10 : 0.4894
Sun 08 Sep 2024 17:28:14 INFO  epoch 247 training [time: 707.33s, train loss: 1983.7761]
Sun 08 Sep 2024 17:28:14 INFO  epoch 247 evaluating [time: 0.15s, valid_score: 0.452200]
Sun 08 Sep 2024 17:28:14 INFO  valid result: 
hit@5 : 0.6247    hit@10 : 0.7335    ndcg@5 : 0.4522    ndcg@10 : 0.4881
Sun 08 Sep 2024 17:40:01 INFO  epoch 248 training [time: 707.42s, train loss: 1982.5308]
Sun 08 Sep 2024 17:40:01 INFO  epoch 248 evaluating [time: 0.14s, valid_score: 0.448100]
Sun 08 Sep 2024 17:40:01 INFO  valid result: 
hit@5 : 0.6269    hit@10 : 0.7484    ndcg@5 : 0.4481    ndcg@10 : 0.4877
Sun 08 Sep 2024 17:51:49 INFO  epoch 249 training [time: 707.79s, train loss: 1982.5969]
Sun 08 Sep 2024 17:51:49 INFO  epoch 249 evaluating [time: 0.14s, valid_score: 0.453100]
Sun 08 Sep 2024 17:51:49 INFO  valid result: 
hit@5 : 0.6269    hit@10 : 0.7377    ndcg@5 : 0.4531    ndcg@10 : 0.4893
Sun 08 Sep 2024 18:03:37 INFO  epoch 250 training [time: 707.57s, train loss: 1982.0690]
Sun 08 Sep 2024 18:03:37 INFO  epoch 250 evaluating [time: 0.15s, valid_score: 0.453300]
Sun 08 Sep 2024 18:03:37 INFO  valid result: 
hit@5 : 0.6247    hit@10 : 0.7399    ndcg@5 : 0.4533    ndcg@10 : 0.4911
Sun 08 Sep 2024 18:15:25 INFO  epoch 251 training [time: 707.85s, train loss: 1982.9758]
Sun 08 Sep 2024 18:15:25 INFO  epoch 251 evaluating [time: 0.14s, valid_score: 0.457900]
Sun 08 Sep 2024 18:15:25 INFO  valid result: 
hit@5 : 0.6311    hit@10 : 0.7377    ndcg@5 : 0.4579    ndcg@10 : 0.4925
Sun 08 Sep 2024 18:15:25 INFO  Saving current: saved\UniSRec-Sep-06-2024_16-34-48.pth
Sun 08 Sep 2024 18:27:14 INFO  epoch 252 training [time: 708.60s, train loss: 1982.1611]
Sun 08 Sep 2024 18:27:14 INFO  epoch 252 evaluating [time: 0.15s, valid_score: 0.452600]
Sun 08 Sep 2024 18:27:14 INFO  valid result: 
hit@5 : 0.6226    hit@10 : 0.7377    ndcg@5 : 0.4526    ndcg@10 : 0.4903
Sun 08 Sep 2024 18:39:02 INFO  epoch 253 training [time: 707.58s, train loss: 1982.3427]
Sun 08 Sep 2024 18:39:02 INFO  epoch 253 evaluating [time: 0.14s, valid_score: 0.446300]
Sun 08 Sep 2024 18:39:02 INFO  valid result: 
hit@5 : 0.6141    hit@10 : 0.7313    ndcg@5 : 0.4463    ndcg@10 : 0.4853
Sun 08 Sep 2024 18:50:50 INFO  epoch 254 training [time: 707.59s, train loss: 1982.2251]
Sun 08 Sep 2024 18:50:50 INFO  epoch 254 evaluating [time: 0.14s, valid_score: 0.449700]
Sun 08 Sep 2024 18:50:50 INFO  valid result: 
hit@5 : 0.6183    hit@10 : 0.7441    ndcg@5 : 0.4497    ndcg@10 : 0.4911
Sun 08 Sep 2024 19:02:37 INFO  epoch 255 training [time: 707.53s, train loss: 1982.4493]
Sun 08 Sep 2024 19:02:37 INFO  epoch 255 evaluating [time: 0.15s, valid_score: 0.452700]
Sun 08 Sep 2024 19:02:37 INFO  valid result: 
hit@5 : 0.629    hit@10 : 0.7377    ndcg@5 : 0.4527    ndcg@10 : 0.488
Sun 08 Sep 2024 19:14:25 INFO  epoch 256 training [time: 707.63s, train loss: 1981.7227]
Sun 08 Sep 2024 19:14:25 INFO  epoch 256 evaluating [time: 0.15s, valid_score: 0.451900]
Sun 08 Sep 2024 19:14:25 INFO  valid result: 
hit@5 : 0.629    hit@10 : 0.7292    ndcg@5 : 0.4519    ndcg@10 : 0.485
Sun 08 Sep 2024 19:26:13 INFO  epoch 257 training [time: 707.55s, train loss: 1982.2640]
Sun 08 Sep 2024 19:26:13 INFO  epoch 257 evaluating [time: 0.14s, valid_score: 0.451900]
Sun 08 Sep 2024 19:26:13 INFO  valid result: 
hit@5 : 0.629    hit@10 : 0.7399    ndcg@5 : 0.4519    ndcg@10 : 0.4881
Sun 08 Sep 2024 19:38:01 INFO  epoch 258 training [time: 707.95s, train loss: 1982.5504]
Sun 08 Sep 2024 19:38:01 INFO  epoch 258 evaluating [time: 0.14s, valid_score: 0.448300]
Sun 08 Sep 2024 19:38:01 INFO  valid result: 
hit@5 : 0.6162    hit@10 : 0.7356    ndcg@5 : 0.4483    ndcg@10 : 0.4878
Sun 08 Sep 2024 19:49:48 INFO  epoch 259 training [time: 707.42s, train loss: 1982.1552]
Sun 08 Sep 2024 19:49:49 INFO  epoch 259 evaluating [time: 0.15s, valid_score: 0.448800]
Sun 08 Sep 2024 19:49:49 INFO  valid result: 
hit@5 : 0.6226    hit@10 : 0.7292    ndcg@5 : 0.4488    ndcg@10 : 0.484
Sun 08 Sep 2024 20:01:36 INFO  epoch 260 training [time: 707.35s, train loss: 1981.9040]
Sun 08 Sep 2024 20:01:36 INFO  epoch 260 evaluating [time: 0.15s, valid_score: 0.447200]
Sun 08 Sep 2024 20:01:36 INFO  valid result: 
hit@5 : 0.6162    hit@10 : 0.7399    ndcg@5 : 0.4472    ndcg@10 : 0.4879
Sun 08 Sep 2024 20:13:24 INFO  epoch 261 training [time: 707.51s, train loss: 1981.3299]
Sun 08 Sep 2024 20:13:24 INFO  epoch 261 evaluating [time: 0.14s, valid_score: 0.451500]
Sun 08 Sep 2024 20:13:24 INFO  valid result: 
hit@5 : 0.6205    hit@10 : 0.7399    ndcg@5 : 0.4515    ndcg@10 : 0.4908
Sun 08 Sep 2024 20:25:11 INFO  epoch 262 training [time: 707.59s, train loss: 1981.4157]
Sun 08 Sep 2024 20:25:11 INFO  epoch 262 evaluating [time: 0.15s, valid_score: 0.446700]
Sun 08 Sep 2024 20:25:11 INFO  valid result: 
hit@5 : 0.6183    hit@10 : 0.7313    ndcg@5 : 0.4467    ndcg@10 : 0.4838
Sun 08 Sep 2024 20:36:59 INFO  epoch 263 training [time: 707.49s, train loss: 1981.5822]
Sun 08 Sep 2024 20:36:59 INFO  epoch 263 evaluating [time: 0.14s, valid_score: 0.453800]
Sun 08 Sep 2024 20:36:59 INFO  valid result: 
hit@5 : 0.6226    hit@10 : 0.7441    ndcg@5 : 0.4538    ndcg@10 : 0.4937
Sun 08 Sep 2024 20:48:47 INFO  epoch 264 training [time: 707.44s, train loss: 1981.4556]
Sun 08 Sep 2024 20:48:47 INFO  epoch 264 evaluating [time: 0.14s, valid_score: 0.450400]
Sun 08 Sep 2024 20:48:47 INFO  valid result: 
hit@5 : 0.6247    hit@10 : 0.7377    ndcg@5 : 0.4504    ndcg@10 : 0.4875
Sun 08 Sep 2024 21:00:34 INFO  epoch 265 training [time: 707.60s, train loss: 1981.0688]
Sun 08 Sep 2024 21:00:34 INFO  epoch 265 evaluating [time: 0.14s, valid_score: 0.449800]
Sun 08 Sep 2024 21:00:34 INFO  valid result: 
hit@5 : 0.6226    hit@10 : 0.7356    ndcg@5 : 0.4498    ndcg@10 : 0.487
Sun 08 Sep 2024 21:12:22 INFO  epoch 266 training [time: 707.33s, train loss: 1981.0402]
Sun 08 Sep 2024 21:12:22 INFO  epoch 266 evaluating [time: 0.14s, valid_score: 0.451700]
Sun 08 Sep 2024 21:12:22 INFO  valid result: 
hit@5 : 0.6226    hit@10 : 0.7356    ndcg@5 : 0.4517    ndcg@10 : 0.489
Sun 08 Sep 2024 21:24:09 INFO  epoch 267 training [time: 707.47s, train loss: 1981.4706]
Sun 08 Sep 2024 21:24:10 INFO  epoch 267 evaluating [time: 0.14s, valid_score: 0.449500]
Sun 08 Sep 2024 21:24:10 INFO  valid result: 
hit@5 : 0.6183    hit@10 : 0.7377    ndcg@5 : 0.4495    ndcg@10 : 0.4888
Sun 08 Sep 2024 21:35:57 INFO  epoch 268 training [time: 707.34s, train loss: 1980.9566]
Sun 08 Sep 2024 21:35:57 INFO  epoch 268 evaluating [time: 0.15s, valid_score: 0.452700]
Sun 08 Sep 2024 21:35:57 INFO  valid result: 
hit@5 : 0.6205    hit@10 : 0.7399    ndcg@5 : 0.4527    ndcg@10 : 0.4919
Sun 08 Sep 2024 21:47:44 INFO  epoch 269 training [time: 707.37s, train loss: 1981.1330]
Sun 08 Sep 2024 21:47:45 INFO  epoch 269 evaluating [time: 0.15s, valid_score: 0.451300]
Sun 08 Sep 2024 21:47:45 INFO  valid result: 
hit@5 : 0.6269    hit@10 : 0.7463    ndcg@5 : 0.4513    ndcg@10 : 0.4902
Sun 08 Sep 2024 21:59:32 INFO  epoch 270 training [time: 707.36s, train loss: 1981.4117]
Sun 08 Sep 2024 21:59:32 INFO  epoch 270 evaluating [time: 0.14s, valid_score: 0.446800]
Sun 08 Sep 2024 21:59:32 INFO  valid result: 
hit@5 : 0.6141    hit@10 : 0.7356    ndcg@5 : 0.4468    ndcg@10 : 0.4868
Sun 08 Sep 2024 22:11:20 INFO  epoch 271 training [time: 707.50s, train loss: 1981.3704]
Sun 08 Sep 2024 22:11:20 INFO  epoch 271 evaluating [time: 0.15s, valid_score: 0.450900]
Sun 08 Sep 2024 22:11:20 INFO  valid result: 
hit@5 : 0.6269    hit@10 : 0.742    ndcg@5 : 0.4509    ndcg@10 : 0.4887
Sun 08 Sep 2024 22:23:09 INFO  epoch 272 training [time: 708.80s, train loss: 1980.9892]
Sun 08 Sep 2024 22:23:09 INFO  epoch 272 evaluating [time: 0.13s, valid_score: 0.449200]
Sun 08 Sep 2024 22:23:09 INFO  valid result: 
hit@5 : 0.6205    hit@10 : 0.7399    ndcg@5 : 0.4492    ndcg@10 : 0.4885
Sun 08 Sep 2024 22:34:56 INFO  epoch 273 training [time: 707.18s, train loss: 1980.9925]
Sun 08 Sep 2024 22:34:56 INFO  epoch 273 evaluating [time: 0.16s, valid_score: 0.453300]
Sun 08 Sep 2024 22:34:56 INFO  valid result: 
hit@5 : 0.629    hit@10 : 0.7463    ndcg@5 : 0.4533    ndcg@10 : 0.4917
Sun 08 Sep 2024 22:46:43 INFO  epoch 274 training [time: 707.23s, train loss: 1980.9371]
Sun 08 Sep 2024 22:46:43 INFO  epoch 274 evaluating [time: 0.14s, valid_score: 0.452800]
Sun 08 Sep 2024 22:46:43 INFO  valid result: 
hit@5 : 0.6247    hit@10 : 0.7356    ndcg@5 : 0.4528    ndcg@10 : 0.4889
Sun 08 Sep 2024 22:58:31 INFO  epoch 275 training [time: 707.39s, train loss: 1980.4819]
Sun 08 Sep 2024 22:58:31 INFO  epoch 275 evaluating [time: 0.14s, valid_score: 0.454000]
Sun 08 Sep 2024 22:58:31 INFO  valid result: 
hit@5 : 0.6311    hit@10 : 0.7313    ndcg@5 : 0.454    ndcg@10 : 0.4868
Sun 08 Sep 2024 23:10:18 INFO  epoch 276 training [time: 707.45s, train loss: 1981.4088]
Sun 08 Sep 2024 23:10:19 INFO  epoch 276 evaluating [time: 0.14s, valid_score: 0.450000]
Sun 08 Sep 2024 23:10:19 INFO  valid result: 
hit@5 : 0.6247    hit@10 : 0.7377    ndcg@5 : 0.45    ndcg@10 : 0.4874
Sun 08 Sep 2024 23:22:06 INFO  epoch 277 training [time: 707.41s, train loss: 1981.0788]
Sun 08 Sep 2024 23:22:06 INFO  epoch 277 evaluating [time: 0.14s, valid_score: 0.451100]
Sun 08 Sep 2024 23:22:06 INFO  valid result: 
hit@5 : 0.6247    hit@10 : 0.742    ndcg@5 : 0.4511    ndcg@10 : 0.4899
Sun 08 Sep 2024 23:33:54 INFO  epoch 278 training [time: 707.40s, train loss: 1981.8471]
Sun 08 Sep 2024 23:33:54 INFO  epoch 278 evaluating [time: 0.13s, valid_score: 0.451000]
Sun 08 Sep 2024 23:33:54 INFO  valid result: 
hit@5 : 0.6141    hit@10 : 0.7399    ndcg@5 : 0.451    ndcg@10 : 0.4925
Sun 08 Sep 2024 23:45:41 INFO  epoch 279 training [time: 707.55s, train loss: 1980.6407]
Sun 08 Sep 2024 23:45:41 INFO  epoch 279 evaluating [time: 0.14s, valid_score: 0.455100]
Sun 08 Sep 2024 23:45:41 INFO  valid result: 
hit@5 : 0.629    hit@10 : 0.742    ndcg@5 : 0.4551    ndcg@10 : 0.492
Sun 08 Sep 2024 23:57:29 INFO  epoch 280 training [time: 707.50s, train loss: 1980.7573]
Sun 08 Sep 2024 23:57:29 INFO  epoch 280 evaluating [time: 0.15s, valid_score: 0.453700]
Sun 08 Sep 2024 23:57:29 INFO  valid result: 
hit@5 : 0.6247    hit@10 : 0.7335    ndcg@5 : 0.4537    ndcg@10 : 0.4897
Mon 09 Sep 2024 00:09:17 INFO  epoch 281 training [time: 707.48s, train loss: 1980.6287]
Mon 09 Sep 2024 00:09:17 INFO  epoch 281 evaluating [time: 0.14s, valid_score: 0.454900]
Mon 09 Sep 2024 00:09:17 INFO  valid result: 
hit@5 : 0.6269    hit@10 : 0.7377    ndcg@5 : 0.4549    ndcg@10 : 0.4915
Mon 09 Sep 2024 00:21:04 INFO  epoch 282 training [time: 707.43s, train loss: 1979.9458]
Mon 09 Sep 2024 00:21:04 INFO  epoch 282 evaluating [time: 0.14s, valid_score: 0.452900]
Mon 09 Sep 2024 00:21:04 INFO  valid result: 
hit@5 : 0.6205    hit@10 : 0.742    ndcg@5 : 0.4529    ndcg@10 : 0.4928
Mon 09 Sep 2024 00:32:52 INFO  epoch 283 training [time: 707.36s, train loss: 1980.5772]
Mon 09 Sep 2024 00:32:52 INFO  epoch 283 evaluating [time: 0.14s, valid_score: 0.449400]
Mon 09 Sep 2024 00:32:52 INFO  valid result: 
hit@5 : 0.6226    hit@10 : 0.7313    ndcg@5 : 0.4494    ndcg@10 : 0.4853
Mon 09 Sep 2024 00:44:40 INFO  epoch 284 training [time: 707.71s, train loss: 1979.7406]
Mon 09 Sep 2024 00:44:40 INFO  epoch 284 evaluating [time: 0.15s, valid_score: 0.451100]
Mon 09 Sep 2024 00:44:40 INFO  valid result: 
hit@5 : 0.6226    hit@10 : 0.7463    ndcg@5 : 0.4511    ndcg@10 : 0.4921
Mon 09 Sep 2024 00:56:27 INFO  epoch 285 training [time: 707.44s, train loss: 1981.2234]
Mon 09 Sep 2024 00:56:27 INFO  epoch 285 evaluating [time: 0.15s, valid_score: 0.451700]
Mon 09 Sep 2024 00:56:27 INFO  valid result: 
hit@5 : 0.6205    hit@10 : 0.742    ndcg@5 : 0.4517    ndcg@10 : 0.4917
Mon 09 Sep 2024 01:08:15 INFO  epoch 286 training [time: 707.34s, train loss: 1979.9879]
Mon 09 Sep 2024 01:08:15 INFO  epoch 286 evaluating [time: 0.15s, valid_score: 0.454900]
Mon 09 Sep 2024 01:08:15 INFO  valid result: 
hit@5 : 0.6247    hit@10 : 0.7377    ndcg@5 : 0.4549    ndcg@10 : 0.4923
Mon 09 Sep 2024 01:20:02 INFO  epoch 287 training [time: 707.26s, train loss: 1980.8166]
Mon 09 Sep 2024 01:20:02 INFO  epoch 287 evaluating [time: 0.14s, valid_score: 0.450600]
Mon 09 Sep 2024 01:20:02 INFO  valid result: 
hit@5 : 0.6226    hit@10 : 0.7399    ndcg@5 : 0.4506    ndcg@10 : 0.4887
Mon 09 Sep 2024 01:31:50 INFO  epoch 288 training [time: 707.28s, train loss: 1980.3628]
Mon 09 Sep 2024 01:31:50 INFO  epoch 288 evaluating [time: 0.15s, valid_score: 0.456700]
Mon 09 Sep 2024 01:31:50 INFO  valid result: 
hit@5 : 0.6333    hit@10 : 0.7399    ndcg@5 : 0.4567    ndcg@10 : 0.4914
Mon 09 Sep 2024 01:43:37 INFO  epoch 289 training [time: 707.55s, train loss: 1980.2755]
Mon 09 Sep 2024 01:43:37 INFO  epoch 289 evaluating [time: 0.15s, valid_score: 0.449500]
Mon 09 Sep 2024 01:43:37 INFO  valid result: 
hit@5 : 0.629    hit@10 : 0.7292    ndcg@5 : 0.4495    ndcg@10 : 0.4824
Mon 09 Sep 2024 01:55:25 INFO  epoch 290 training [time: 707.93s, train loss: 1980.1526]
Mon 09 Sep 2024 01:55:25 INFO  epoch 290 evaluating [time: 0.15s, valid_score: 0.456300]
Mon 09 Sep 2024 01:55:25 INFO  valid result: 
hit@5 : 0.6269    hit@10 : 0.7399    ndcg@5 : 0.4563    ndcg@10 : 0.4934
Mon 09 Sep 2024 02:07:13 INFO  epoch 291 training [time: 707.40s, train loss: 1980.5486]
Mon 09 Sep 2024 02:07:13 INFO  epoch 291 evaluating [time: 0.14s, valid_score: 0.453500]
Mon 09 Sep 2024 02:07:13 INFO  valid result: 
hit@5 : 0.6226    hit@10 : 0.7484    ndcg@5 : 0.4535    ndcg@10 : 0.4946
Mon 09 Sep 2024 02:19:01 INFO  epoch 292 training [time: 707.47s, train loss: 1980.7154]
Mon 09 Sep 2024 02:19:01 INFO  epoch 292 evaluating [time: 0.14s, valid_score: 0.452200]
Mon 09 Sep 2024 02:19:01 INFO  valid result: 
hit@5 : 0.6162    hit@10 : 0.7356    ndcg@5 : 0.4522    ndcg@10 : 0.4913
Mon 09 Sep 2024 02:30:49 INFO  epoch 293 training [time: 708.39s, train loss: 1980.2581]
Mon 09 Sep 2024 02:30:49 INFO  epoch 293 evaluating [time: 0.14s, valid_score: 0.449600]
Mon 09 Sep 2024 02:30:49 INFO  valid result: 
hit@5 : 0.6205    hit@10 : 0.7463    ndcg@5 : 0.4496    ndcg@10 : 0.4907
Mon 09 Sep 2024 02:42:37 INFO  epoch 294 training [time: 707.28s, train loss: 1981.0492]
Mon 09 Sep 2024 02:42:37 INFO  epoch 294 evaluating [time: 0.14s, valid_score: 0.449000]
Mon 09 Sep 2024 02:42:37 INFO  valid result: 
hit@5 : 0.6247    hit@10 : 0.742    ndcg@5 : 0.449    ndcg@10 : 0.487
Mon 09 Sep 2024 02:54:24 INFO  epoch 295 training [time: 707.31s, train loss: 1979.7465]
Mon 09 Sep 2024 02:54:24 INFO  epoch 295 evaluating [time: 0.15s, valid_score: 0.451000]
Mon 09 Sep 2024 02:54:24 INFO  valid result: 
hit@5 : 0.6205    hit@10 : 0.7441    ndcg@5 : 0.451    ndcg@10 : 0.4918
Mon 09 Sep 2024 03:06:12 INFO  epoch 296 training [time: 707.48s, train loss: 1979.3666]
Mon 09 Sep 2024 03:06:12 INFO  epoch 296 evaluating [time: 0.14s, valid_score: 0.448900]
Mon 09 Sep 2024 03:06:12 INFO  valid result: 
hit@5 : 0.6247    hit@10 : 0.7356    ndcg@5 : 0.4489    ndcg@10 : 0.4852
Mon 09 Sep 2024 03:17:59 INFO  epoch 297 training [time: 707.41s, train loss: 1979.7169]
Mon 09 Sep 2024 03:17:59 INFO  epoch 297 evaluating [time: 0.14s, valid_score: 0.450700]
Mon 09 Sep 2024 03:17:59 INFO  valid result: 
hit@5 : 0.6119    hit@10 : 0.7377    ndcg@5 : 0.4507    ndcg@10 : 0.4924
Mon 09 Sep 2024 03:29:47 INFO  epoch 298 training [time: 707.23s, train loss: 1979.7956]
Mon 09 Sep 2024 03:29:47 INFO  epoch 298 evaluating [time: 0.15s, valid_score: 0.446600]
Mon 09 Sep 2024 03:29:47 INFO  valid result: 
hit@5 : 0.6205    hit@10 : 0.7356    ndcg@5 : 0.4466    ndcg@10 : 0.4845
Mon 09 Sep 2024 03:41:34 INFO  epoch 299 training [time: 707.28s, train loss: 1980.1751]
Mon 09 Sep 2024 03:41:34 INFO  epoch 299 evaluating [time: 0.14s, valid_score: 0.453600]
Mon 09 Sep 2024 03:41:34 INFO  valid result: 
hit@5 : 0.6311    hit@10 : 0.7377    ndcg@5 : 0.4536    ndcg@10 : 0.4883
Mon 09 Sep 2024 03:41:34 INFO  Loading model structure and parameters from saved\UniSRec-Sep-06-2024_16-34-48.pth
Mon 09 Sep 2024 03:41:34 INFO  best valid : OrderedDict({'hit@5': 0.6311, 'hit@10': 0.7377, 'ndcg@5': 0.4579, 'ndcg@10': 0.4925})
Mon 09 Sep 2024 03:41:34 INFO  test result: OrderedDict({'hit@5': 0.194, 'hit@10': 0.4414, 'ndcg@5': 0.1062, 'ndcg@10': 0.1866})
