Tue 10 Sep 2024 21:32:01 INFO  
General Hyper Parameters:
gpu_id = 0
use_gpu = True
seed = 2020
state = INFO
reproducibility = True
data_path = dataset/downstream/Allplan
checkpoint_dir = saved
show_progress = True
save_dataset = False
dataset_save_path = None
save_dataloaders = False
dataloaders_save_path = None
log_wandb = True

Training Hyper Parameters:
epochs = 300
train_batch_size = 1024
learner = adam
learning_rate = 0.01
train_neg_sample_args = {'distribution': 'none', 'sample_num': 'none', 'alpha': 'none', 'dynamic': False, 'candidate_num': 0}
eval_step = 1
stopping_step = 500
clip_grad_norm = None
weight_decay = 0.0
loss_decimal_place = 4

Evaluation Hyper Parameters:
eval_args = {'split': {'LS': 'valid_and_test'}, 'order': 'TO', 'group_by': 'user', 'mode': {'valid': 'full', 'test': 'full'}}
repeatable = True
metrics = ['HIT', 'NDCG']
topk = [5, 10]
valid_metric = NDCG@5
valid_metric_bigger = True
eval_batch_size = 1024
metric_decimal_place = 4

Dataset Hyper Parameters:
field_separator = 	
seq_separator =  
USER_ID_FIELD = user_id
ITEM_ID_FIELD = item_id
RATING_FIELD = rating
TIME_FIELD = timestamp
seq_len = None
LABEL_FIELD = label
threshold = None
NEG_PREFIX = neg_
load_col = {'inter': ['user_id', 'item_id_list', 'item_id']}
unload_col = None
unused_col = None
additional_feat_suffix = None
rm_dup_inter = None
val_interval = None
filter_inter_by_user_or_item = True
user_inter_num_interval = [0,inf)
item_inter_num_interval = [0,inf)
alias_of_user_id = None
alias_of_item_id = ['item_id_list']
alias_of_entity_id = None
alias_of_relation_id = None
preload_weight = None
normalize_field = None
normalize_all = None
ITEM_LIST_LENGTH_FIELD = item_length
LIST_SUFFIX = _list
MAX_ITEM_LIST_LENGTH = 50
POSITION_FIELD = position_id
HEAD_ENTITY_ID_FIELD = head_id
TAIL_ENTITY_ID_FIELD = tail_id
RELATION_ID_FIELD = relation_id
ENTITY_ID_FIELD = entity_id
benchmark_filename = ['train', 'valid', 'test']

Other Hyper Parameters: 
worker = 0
wandb_project = recbole
shuffle = True
require_pow = False
enable_amp = False
enable_scaler = False
transform = None
numerical_features = []
discretization = None
kg_reverse_r = False
entity_kg_num_interval = [0,inf)
relation_kg_num_interval = [0,inf)
MODEL_TYPE = ModelType.SEQUENTIAL
n_layers = 2
n_heads = 2
hidden_size = 300
inner_size = 256
hidden_dropout_prob = 0.5
attn_dropout_prob = 0.5
hidden_act = gelu
layer_norm_eps = 1e-12
initializer_range = 0.02
loss_type = CE
item_drop_ratio = 0.2
item_drop_coefficient = 0.9
lambda = 0.001
plm_suffix = feat1CLS
plm_suffix_aug = feat2CLS
train_stage = transductive_ft
plm_size = 768
adaptor_dropout_prob = 0.2
adaptor_layers = [768, 300]
temperature = 0.07
n_exps = 8
unisrec_transform = None
MODEL_INPUT_TYPE = InputType.POINTWISE
eval_type = EvaluatorType.RANKING
single_spec = True
local_rank = 0
device = cuda
valid_neg_sample_args = {'distribution': 'uniform', 'sample_num': 'none'}
test_neg_sample_args = {'distribution': 'uniform', 'sample_num': 'none'}


Tue 10 Sep 2024 21:32:20 INFO  Allplan
The number of users: 470
Average actions of users: 1602.6460554371001
The number of items: 1674
Average actions of items: 449.2773460848775
The number of inters: 751641
The sparsity of the dataset: 4.466178601387938%
Remain Fields: ['user_id', 'item_id_list', 'item_id', 'item_length']
Tue 10 Sep 2024 21:32:29 INFO  [Training]: train_batch_size = [1024] train_neg_sample_args: [{'distribution': 'none', 'sample_num': 'none', 'alpha': 'none', 'dynamic': False, 'candidate_num': 0}]
Tue 10 Sep 2024 21:32:29 INFO  [Evaluation]: eval_batch_size = [1024] eval_args: [{'split': {'LS': 'valid_and_test'}, 'order': 'TO', 'group_by': 'user', 'mode': {'valid': 'full', 'test': 'full'}}]
Tue 10 Sep 2024 21:32:29 INFO  Loading from saved/UniSRec-FHCKM-300.pth
Tue 10 Sep 2024 21:32:30 INFO  Transfer [FHCKM] -> [Allplan
The number of users: 470
Average actions of users: 1602.6460554371001
The number of items: 1674
Average actions of items: 449.2773460848775
The number of inters: 751641
The sparsity of the dataset: 4.466178601387938%
Remain Fields: ['user_id', 'item_id_list', 'item_id', 'item_length']]
Tue 10 Sep 2024 21:32:30 INFO  Fix encoder parameters.
Tue 10 Sep 2024 21:32:30 INFO  UniSRec(
  (item_embedding): Embedding(1674, 300, padding_idx=0)
  (position_embedding): Embedding(50, 300)
  (trm_encoder): TransformerEncoder(
    (layer): ModuleList(
      (0-1): 2 x TransformerLayer(
        (multi_head_attention): MultiHeadAttention(
          (query): Linear(in_features=300, out_features=300, bias=True)
          (key): Linear(in_features=300, out_features=300, bias=True)
          (value): Linear(in_features=300, out_features=300, bias=True)
          (softmax): Softmax(dim=-1)
          (attn_dropout): Dropout(p=0.5, inplace=False)
          (dense): Linear(in_features=300, out_features=300, bias=True)
          (LayerNorm): LayerNorm((300,), eps=1e-12, elementwise_affine=True)
          (out_dropout): Dropout(p=0.5, inplace=False)
        )
        (feed_forward): FeedForward(
          (dense_1): Linear(in_features=300, out_features=256, bias=True)
          (dense_2): Linear(in_features=256, out_features=300, bias=True)
          (LayerNorm): LayerNorm((300,), eps=1e-12, elementwise_affine=True)
          (dropout): Dropout(p=0.5, inplace=False)
        )
      )
    )
  )
  (LayerNorm): LayerNorm((300,), eps=1e-12, elementwise_affine=True)
  (dropout): Dropout(p=0.5, inplace=False)
  (loss_fct): CrossEntropyLoss()
  (plm_embedding): Embedding(1674, 768, padding_idx=0)
  (moe_adaptor): MoEAdaptorLayer(
    (experts): ModuleList(
      (0-7): 8 x PWLayer(
        (dropout): Dropout(p=0.2, inplace=False)
        (lin): Linear(in_features=768, out_features=300, bias=False)
      )
    )
  )
)
Trainable parameters: 2364432
Tue 10 Sep 2024 21:44:28 INFO  epoch 0 training [time: 712.44s, train loss: 2386.4627]
Tue 10 Sep 2024 21:44:28 INFO  epoch 0 evaluating [time: 0.17s, valid_score: 0.397100]
Tue 10 Sep 2024 21:44:28 INFO  valid result: 
hit@5 : 0.5501    hit@10 : 0.6866    ndcg@5 : 0.3971    ndcg@10 : 0.4414
Tue 10 Sep 2024 21:44:29 INFO  Saving current: saved\UniSRec-Sep-10-2024_21-32-33.pth
Tue 10 Sep 2024 21:56:06 INFO  epoch 1 training [time: 697.24s, train loss: 2185.7935]
Tue 10 Sep 2024 21:56:06 INFO  epoch 1 evaluating [time: 0.13s, valid_score: 0.419600]
Tue 10 Sep 2024 21:56:06 INFO  valid result: 
hit@5 : 0.5757    hit@10 : 0.7228    ndcg@5 : 0.4196    ndcg@10 : 0.4668
Tue 10 Sep 2024 21:56:06 INFO  Saving current: saved\UniSRec-Sep-10-2024_21-32-33.pth
Tue 10 Sep 2024 22:07:42 INFO  epoch 2 training [time: 695.44s, train loss: 2147.5637]
Tue 10 Sep 2024 22:07:42 INFO  epoch 2 evaluating [time: 0.14s, valid_score: 0.423000]
Tue 10 Sep 2024 22:07:42 INFO  valid result: 
hit@5 : 0.58    hit@10 : 0.7122    ndcg@5 : 0.423    ndcg@10 : 0.4663
Tue 10 Sep 2024 22:07:42 INFO  Saving current: saved\UniSRec-Sep-10-2024_21-32-33.pth
Tue 10 Sep 2024 22:19:18 INFO  epoch 3 training [time: 695.32s, train loss: 2127.0582]
Tue 10 Sep 2024 22:19:18 INFO  epoch 3 evaluating [time: 0.14s, valid_score: 0.436500]
Tue 10 Sep 2024 22:19:18 INFO  valid result: 
hit@5 : 0.6055    hit@10 : 0.7292    ndcg@5 : 0.4365    ndcg@10 : 0.4766
Tue 10 Sep 2024 22:19:18 INFO  Saving current: saved\UniSRec-Sep-10-2024_21-32-33.pth
Tue 10 Sep 2024 22:30:55 INFO  epoch 4 training [time: 696.92s, train loss: 2110.5058]
Tue 10 Sep 2024 22:30:55 INFO  epoch 4 evaluating [time: 0.13s, valid_score: 0.433300]
Tue 10 Sep 2024 22:30:55 INFO  valid result: 
hit@5 : 0.5864    hit@10 : 0.7271    ndcg@5 : 0.4333    ndcg@10 : 0.4792
Tue 10 Sep 2024 22:42:33 INFO  epoch 5 training [time: 698.30s, train loss: 2101.4038]
Tue 10 Sep 2024 22:42:34 INFO  epoch 5 evaluating [time: 0.14s, valid_score: 0.442200]
Tue 10 Sep 2024 22:42:34 INFO  valid result: 
hit@5 : 0.6098    hit@10 : 0.7441    ndcg@5 : 0.4422    ndcg@10 : 0.486
Tue 10 Sep 2024 22:42:34 INFO  Saving current: saved\UniSRec-Sep-10-2024_21-32-33.pth
Tue 10 Sep 2024 22:54:11 INFO  epoch 6 training [time: 697.52s, train loss: 2090.7761]
Tue 10 Sep 2024 22:54:12 INFO  epoch 6 evaluating [time: 0.13s, valid_score: 0.436100]
Tue 10 Sep 2024 22:54:12 INFO  valid result: 
hit@5 : 0.6013    hit@10 : 0.7377    ndcg@5 : 0.4361    ndcg@10 : 0.4801
Tue 10 Sep 2024 23:05:49 INFO  epoch 7 training [time: 697.33s, train loss: 2086.0373]
Tue 10 Sep 2024 23:05:49 INFO  epoch 7 evaluating [time: 0.14s, valid_score: 0.429400]
Tue 10 Sep 2024 23:05:49 INFO  valid result: 
hit@5 : 0.5906    hit@10 : 0.7548    ndcg@5 : 0.4294    ndcg@10 : 0.4829
Tue 10 Sep 2024 23:17:26 INFO  epoch 8 training [time: 697.36s, train loss: 2079.4496]
Tue 10 Sep 2024 23:17:27 INFO  epoch 8 evaluating [time: 0.13s, valid_score: 0.432700]
Tue 10 Sep 2024 23:17:27 INFO  valid result: 
hit@5 : 0.5885    hit@10 : 0.7335    ndcg@5 : 0.4327    ndcg@10 : 0.4799
Tue 10 Sep 2024 23:29:04 INFO  epoch 9 training [time: 697.38s, train loss: 2075.2405]
Tue 10 Sep 2024 23:29:04 INFO  epoch 9 evaluating [time: 0.14s, valid_score: 0.427000]
Tue 10 Sep 2024 23:29:04 INFO  valid result: 
hit@5 : 0.58    hit@10 : 0.7271    ndcg@5 : 0.427    ndcg@10 : 0.4742
Tue 10 Sep 2024 23:40:42 INFO  epoch 10 training [time: 697.59s, train loss: 2072.9463]
Tue 10 Sep 2024 23:40:42 INFO  epoch 10 evaluating [time: 0.14s, valid_score: 0.438200]
Tue 10 Sep 2024 23:40:42 INFO  valid result: 
hit@5 : 0.6055    hit@10 : 0.7122    ndcg@5 : 0.4382    ndcg@10 : 0.4728
Tue 10 Sep 2024 23:52:19 INFO  epoch 11 training [time: 697.43s, train loss: 2067.3227]
Tue 10 Sep 2024 23:52:19 INFO  epoch 11 evaluating [time: 0.14s, valid_score: 0.435100]
Tue 10 Sep 2024 23:52:19 INFO  valid result: 
hit@5 : 0.597    hit@10 : 0.7313    ndcg@5 : 0.4351    ndcg@10 : 0.4784
Wed 11 Sep 2024 00:03:57 INFO  epoch 12 training [time: 697.52s, train loss: 2062.5648]
Wed 11 Sep 2024 00:03:57 INFO  epoch 12 evaluating [time: 0.14s, valid_score: 0.437200]
Wed 11 Sep 2024 00:03:57 INFO  valid result: 
hit@5 : 0.6013    hit@10 : 0.7292    ndcg@5 : 0.4372    ndcg@10 : 0.4784
Wed 11 Sep 2024 00:15:35 INFO  epoch 13 training [time: 697.55s, train loss: 2060.5731]
Wed 11 Sep 2024 00:15:35 INFO  epoch 13 evaluating [time: 0.15s, valid_score: 0.434200]
Wed 11 Sep 2024 00:15:35 INFO  valid result: 
hit@5 : 0.597    hit@10 : 0.7569    ndcg@5 : 0.4342    ndcg@10 : 0.4861
Wed 11 Sep 2024 00:27:12 INFO  epoch 14 training [time: 697.38s, train loss: 2063.4200]
Wed 11 Sep 2024 00:27:12 INFO  epoch 14 evaluating [time: 0.15s, valid_score: 0.436200]
Wed 11 Sep 2024 00:27:12 INFO  valid result: 
hit@5 : 0.5949    hit@10 : 0.7228    ndcg@5 : 0.4362    ndcg@10 : 0.478
Wed 11 Sep 2024 00:38:50 INFO  epoch 15 training [time: 697.34s, train loss: 2060.2053]
Wed 11 Sep 2024 00:38:50 INFO  epoch 15 evaluating [time: 0.13s, valid_score: 0.443800]
Wed 11 Sep 2024 00:38:50 INFO  valid result: 
hit@5 : 0.597    hit@10 : 0.7441    ndcg@5 : 0.4438    ndcg@10 : 0.4913
Wed 11 Sep 2024 00:38:50 INFO  Saving current: saved\UniSRec-Sep-10-2024_21-32-33.pth
Wed 11 Sep 2024 00:50:28 INFO  epoch 16 training [time: 697.83s, train loss: 2055.5343]
Wed 11 Sep 2024 00:50:28 INFO  epoch 16 evaluating [time: 0.14s, valid_score: 0.426900]
Wed 11 Sep 2024 00:50:28 INFO  valid result: 
hit@5 : 0.5757    hit@10 : 0.7228    ndcg@5 : 0.4269    ndcg@10 : 0.4749
Wed 11 Sep 2024 01:02:06 INFO  epoch 17 training [time: 697.68s, train loss: 2053.7283]
Wed 11 Sep 2024 01:02:06 INFO  epoch 17 evaluating [time: 0.15s, valid_score: 0.443300]
Wed 11 Sep 2024 01:02:06 INFO  valid result: 
hit@5 : 0.6055    hit@10 : 0.7377    ndcg@5 : 0.4433    ndcg@10 : 0.4859
Wed 11 Sep 2024 01:13:44 INFO  epoch 18 training [time: 697.79s, train loss: 2049.2025]
Wed 11 Sep 2024 01:13:44 INFO  epoch 18 evaluating [time: 0.15s, valid_score: 0.430200]
Wed 11 Sep 2024 01:13:44 INFO  valid result: 
hit@5 : 0.5885    hit@10 : 0.7313    ndcg@5 : 0.4302    ndcg@10 : 0.4772
Wed 11 Sep 2024 01:25:22 INFO  epoch 19 training [time: 697.90s, train loss: 2048.0834]
Wed 11 Sep 2024 01:25:22 INFO  epoch 19 evaluating [time: 0.13s, valid_score: 0.438300]
Wed 11 Sep 2024 01:25:22 INFO  valid result: 
hit@5 : 0.5991    hit@10 : 0.7463    ndcg@5 : 0.4383    ndcg@10 : 0.4861
Wed 11 Sep 2024 01:37:00 INFO  epoch 20 training [time: 697.89s, train loss: 2056.4103]
Wed 11 Sep 2024 01:37:00 INFO  epoch 20 evaluating [time: 0.15s, valid_score: 0.438000]
Wed 11 Sep 2024 01:37:00 INFO  valid result: 
hit@5 : 0.6013    hit@10 : 0.7292    ndcg@5 : 0.438    ndcg@10 : 0.4796
Wed 11 Sep 2024 01:48:38 INFO  epoch 21 training [time: 698.12s, train loss: 2044.0964]
Wed 11 Sep 2024 01:48:38 INFO  epoch 21 evaluating [time: 0.14s, valid_score: 0.430100]
Wed 11 Sep 2024 01:48:38 INFO  valid result: 
hit@5 : 0.597    hit@10 : 0.7313    ndcg@5 : 0.4301    ndcg@10 : 0.4739
Wed 11 Sep 2024 02:00:17 INFO  epoch 22 training [time: 698.92s, train loss: 2045.3512]
Wed 11 Sep 2024 02:00:17 INFO  epoch 22 evaluating [time: 0.14s, valid_score: 0.430600]
Wed 11 Sep 2024 02:00:17 INFO  valid result: 
hit@5 : 0.5906    hit@10 : 0.7377    ndcg@5 : 0.4306    ndcg@10 : 0.4782
Wed 11 Sep 2024 02:11:55 INFO  epoch 23 training [time: 697.70s, train loss: 2045.2719]
Wed 11 Sep 2024 02:11:55 INFO  epoch 23 evaluating [time: 0.14s, valid_score: 0.448400]
Wed 11 Sep 2024 02:11:55 INFO  valid result: 
hit@5 : 0.6141    hit@10 : 0.7399    ndcg@5 : 0.4484    ndcg@10 : 0.4893
Wed 11 Sep 2024 02:11:56 INFO  Saving current: saved\UniSRec-Sep-10-2024_21-32-33.pth
Wed 11 Sep 2024 02:23:34 INFO  epoch 24 training [time: 698.36s, train loss: 2040.0162]
Wed 11 Sep 2024 02:23:34 INFO  epoch 24 evaluating [time: 0.15s, valid_score: 0.440700]
Wed 11 Sep 2024 02:23:34 INFO  valid result: 
hit@5 : 0.6055    hit@10 : 0.7377    ndcg@5 : 0.4407    ndcg@10 : 0.4838
Wed 11 Sep 2024 02:35:12 INFO  epoch 25 training [time: 697.64s, train loss: 2039.7815]
Wed 11 Sep 2024 02:35:12 INFO  epoch 25 evaluating [time: 0.15s, valid_score: 0.447900]
Wed 11 Sep 2024 02:35:12 INFO  valid result: 
hit@5 : 0.6162    hit@10 : 0.742    ndcg@5 : 0.4479    ndcg@10 : 0.4891
Wed 11 Sep 2024 02:46:50 INFO  epoch 26 training [time: 698.05s, train loss: 2040.9218]
Wed 11 Sep 2024 02:46:50 INFO  epoch 26 evaluating [time: 0.15s, valid_score: 0.436100]
Wed 11 Sep 2024 02:46:50 INFO  valid result: 
hit@5 : 0.6013    hit@10 : 0.7292    ndcg@5 : 0.4361    ndcg@10 : 0.4773
Wed 11 Sep 2024 02:58:28 INFO  epoch 27 training [time: 697.75s, train loss: 2039.3250]
Wed 11 Sep 2024 02:58:28 INFO  epoch 27 evaluating [time: 0.15s, valid_score: 0.436800]
Wed 11 Sep 2024 02:58:28 INFO  valid result: 
hit@5 : 0.597    hit@10 : 0.7292    ndcg@5 : 0.4368    ndcg@10 : 0.4793
Wed 11 Sep 2024 03:10:06 INFO  epoch 28 training [time: 697.66s, train loss: 2039.7637]
Wed 11 Sep 2024 03:10:06 INFO  epoch 28 evaluating [time: 0.15s, valid_score: 0.437400]
Wed 11 Sep 2024 03:10:06 INFO  valid result: 
hit@5 : 0.6055    hit@10 : 0.7292    ndcg@5 : 0.4374    ndcg@10 : 0.4778
Wed 11 Sep 2024 03:21:44 INFO  epoch 29 training [time: 697.73s, train loss: 2037.1302]
Wed 11 Sep 2024 03:21:44 INFO  epoch 29 evaluating [time: 0.14s, valid_score: 0.433000]
Wed 11 Sep 2024 03:21:44 INFO  valid result: 
hit@5 : 0.597    hit@10 : 0.7292    ndcg@5 : 0.433    ndcg@10 : 0.4759
Wed 11 Sep 2024 03:33:21 INFO  epoch 30 training [time: 697.57s, train loss: 2036.9255]
Wed 11 Sep 2024 03:33:21 INFO  epoch 30 evaluating [time: 0.14s, valid_score: 0.442700]
Wed 11 Sep 2024 03:33:21 INFO  valid result: 
hit@5 : 0.6098    hit@10 : 0.7292    ndcg@5 : 0.4427    ndcg@10 : 0.4818
Wed 11 Sep 2024 03:44:59 INFO  epoch 31 training [time: 697.74s, train loss: 2032.7113]
Wed 11 Sep 2024 03:44:59 INFO  epoch 31 evaluating [time: 0.16s, valid_score: 0.437400]
Wed 11 Sep 2024 03:44:59 INFO  valid result: 
hit@5 : 0.5991    hit@10 : 0.7377    ndcg@5 : 0.4374    ndcg@10 : 0.4817
Wed 11 Sep 2024 03:56:37 INFO  epoch 32 training [time: 697.53s, train loss: 2033.0463]
Wed 11 Sep 2024 03:56:37 INFO  epoch 32 evaluating [time: 0.14s, valid_score: 0.438200]
Wed 11 Sep 2024 03:56:37 INFO  valid result: 
hit@5 : 0.6055    hit@10 : 0.7335    ndcg@5 : 0.4382    ndcg@10 : 0.4796
Wed 11 Sep 2024 04:08:14 INFO  epoch 33 training [time: 697.48s, train loss: 2030.8828]
Wed 11 Sep 2024 04:08:15 INFO  epoch 33 evaluating [time: 0.16s, valid_score: 0.439700]
Wed 11 Sep 2024 04:08:15 INFO  valid result: 
hit@5 : 0.6141    hit@10 : 0.7484    ndcg@5 : 0.4397    ndcg@10 : 0.4829
Wed 11 Sep 2024 04:19:52 INFO  epoch 34 training [time: 697.54s, train loss: 2031.6074]
Wed 11 Sep 2024 04:19:52 INFO  epoch 34 evaluating [time: 0.15s, valid_score: 0.436700]
Wed 11 Sep 2024 04:19:52 INFO  valid result: 
hit@5 : 0.6077    hit@10 : 0.7377    ndcg@5 : 0.4367    ndcg@10 : 0.4784
Wed 11 Sep 2024 04:31:30 INFO  epoch 35 training [time: 697.59s, train loss: 2030.7253]
Wed 11 Sep 2024 04:31:30 INFO  epoch 35 evaluating [time: 0.15s, valid_score: 0.432400]
Wed 11 Sep 2024 04:31:30 INFO  valid result: 
hit@5 : 0.5928    hit@10 : 0.7335    ndcg@5 : 0.4324    ndcg@10 : 0.4782
Wed 11 Sep 2024 04:43:08 INFO  epoch 36 training [time: 697.56s, train loss: 2032.2520]
Wed 11 Sep 2024 04:43:08 INFO  epoch 36 evaluating [time: 0.15s, valid_score: 0.436400]
Wed 11 Sep 2024 04:43:08 INFO  valid result: 
hit@5 : 0.6034    hit@10 : 0.7271    ndcg@5 : 0.4364    ndcg@10 : 0.4764
Wed 11 Sep 2024 04:54:46 INFO  epoch 37 training [time: 697.77s, train loss: 2037.0411]
Wed 11 Sep 2024 04:54:46 INFO  epoch 37 evaluating [time: 0.14s, valid_score: 0.442100]
Wed 11 Sep 2024 04:54:46 INFO  valid result: 
hit@5 : 0.6098    hit@10 : 0.7399    ndcg@5 : 0.4421    ndcg@10 : 0.485
Wed 11 Sep 2024 05:06:23 INFO  epoch 38 training [time: 697.67s, train loss: 2028.1112]
Wed 11 Sep 2024 05:06:24 INFO  epoch 38 evaluating [time: 0.14s, valid_score: 0.442600]
Wed 11 Sep 2024 05:06:24 INFO  valid result: 
hit@5 : 0.6034    hit@10 : 0.7313    ndcg@5 : 0.4426    ndcg@10 : 0.4845
Wed 11 Sep 2024 05:18:01 INFO  epoch 39 training [time: 697.64s, train loss: 2029.0013]
Wed 11 Sep 2024 05:18:01 INFO  epoch 39 evaluating [time: 0.15s, valid_score: 0.446200]
Wed 11 Sep 2024 05:18:01 INFO  valid result: 
hit@5 : 0.6205    hit@10 : 0.7356    ndcg@5 : 0.4462    ndcg@10 : 0.4838
Wed 11 Sep 2024 05:29:38 INFO  epoch 40 training [time: 697.10s, train loss: 2033.6339]
Wed 11 Sep 2024 05:29:39 INFO  epoch 40 evaluating [time: 0.14s, valid_score: 0.438900]
Wed 11 Sep 2024 05:29:39 INFO  valid result: 
hit@5 : 0.5991    hit@10 : 0.7377    ndcg@5 : 0.4389    ndcg@10 : 0.4839
Wed 11 Sep 2024 05:41:16 INFO  epoch 41 training [time: 697.25s, train loss: 2033.1986]
Wed 11 Sep 2024 05:41:16 INFO  epoch 41 evaluating [time: 0.14s, valid_score: 0.437900]
Wed 11 Sep 2024 05:41:16 INFO  valid result: 
hit@5 : 0.6055    hit@10 : 0.7463    ndcg@5 : 0.4379    ndcg@10 : 0.484
Wed 11 Sep 2024 05:52:53 INFO  epoch 42 training [time: 697.21s, train loss: 2032.0825]
Wed 11 Sep 2024 05:52:53 INFO  epoch 42 evaluating [time: 0.13s, valid_score: 0.434900]
Wed 11 Sep 2024 05:52:53 INFO  valid result: 
hit@5 : 0.5991    hit@10 : 0.742    ndcg@5 : 0.4349    ndcg@10 : 0.4813
Wed 11 Sep 2024 06:04:30 INFO  epoch 43 training [time: 697.01s, train loss: 2029.8533]
Wed 11 Sep 2024 06:04:31 INFO  epoch 43 evaluating [time: 0.15s, valid_score: 0.441600]
Wed 11 Sep 2024 06:04:31 INFO  valid result: 
hit@5 : 0.6119    hit@10 : 0.7399    ndcg@5 : 0.4416    ndcg@10 : 0.4836
Wed 11 Sep 2024 06:16:08 INFO  epoch 44 training [time: 697.16s, train loss: 2027.5924]
Wed 11 Sep 2024 06:16:08 INFO  epoch 44 evaluating [time: 0.14s, valid_score: 0.442300]
Wed 11 Sep 2024 06:16:08 INFO  valid result: 
hit@5 : 0.6098    hit@10 : 0.7484    ndcg@5 : 0.4423    ndcg@10 : 0.487
Wed 11 Sep 2024 06:27:45 INFO  epoch 45 training [time: 697.10s, train loss: 2026.2195]
Wed 11 Sep 2024 06:27:45 INFO  epoch 45 evaluating [time: 0.14s, valid_score: 0.446600]
Wed 11 Sep 2024 06:27:45 INFO  valid result: 
hit@5 : 0.6119    hit@10 : 0.7377    ndcg@5 : 0.4466    ndcg@10 : 0.4875
Wed 11 Sep 2024 06:39:22 INFO  epoch 46 training [time: 697.16s, train loss: 2025.0216]
Wed 11 Sep 2024 06:39:22 INFO  epoch 46 evaluating [time: 0.16s, valid_score: 0.440700]
Wed 11 Sep 2024 06:39:22 INFO  valid result: 
hit@5 : 0.6162    hit@10 : 0.7335    ndcg@5 : 0.4407    ndcg@10 : 0.4789
Wed 11 Sep 2024 06:51:00 INFO  epoch 47 training [time: 697.12s, train loss: 2023.3539]
Wed 11 Sep 2024 06:51:00 INFO  epoch 47 evaluating [time: 0.13s, valid_score: 0.438000]
Wed 11 Sep 2024 06:51:00 INFO  valid result: 
hit@5 : 0.5906    hit@10 : 0.7356    ndcg@5 : 0.438    ndcg@10 : 0.4854
Wed 11 Sep 2024 07:02:37 INFO  epoch 48 training [time: 696.81s, train loss: 2023.5650]
Wed 11 Sep 2024 07:02:37 INFO  epoch 48 evaluating [time: 0.14s, valid_score: 0.442000]
Wed 11 Sep 2024 07:02:37 INFO  valid result: 
hit@5 : 0.6034    hit@10 : 0.7356    ndcg@5 : 0.442    ndcg@10 : 0.4846
Wed 11 Sep 2024 07:14:14 INFO  epoch 49 training [time: 697.31s, train loss: 2023.0137]
Wed 11 Sep 2024 07:14:14 INFO  epoch 49 evaluating [time: 0.15s, valid_score: 0.431000]
Wed 11 Sep 2024 07:14:14 INFO  valid result: 
hit@5 : 0.5949    hit@10 : 0.7186    ndcg@5 : 0.431    ndcg@10 : 0.4711
Wed 11 Sep 2024 07:25:51 INFO  epoch 50 training [time: 696.84s, train loss: 2021.9827]
Wed 11 Sep 2024 07:25:51 INFO  epoch 50 evaluating [time: 0.14s, valid_score: 0.438600]
Wed 11 Sep 2024 07:25:51 INFO  valid result: 
hit@5 : 0.6034    hit@10 : 0.7271    ndcg@5 : 0.4386    ndcg@10 : 0.4789
Wed 11 Sep 2024 07:37:28 INFO  epoch 51 training [time: 696.97s, train loss: 2022.0768]
Wed 11 Sep 2024 07:37:28 INFO  epoch 51 evaluating [time: 0.14s, valid_score: 0.438700]
Wed 11 Sep 2024 07:37:28 INFO  valid result: 
hit@5 : 0.5991    hit@10 : 0.7228    ndcg@5 : 0.4387    ndcg@10 : 0.4795
Wed 11 Sep 2024 07:49:05 INFO  epoch 52 training [time: 696.89s, train loss: 2021.9963]
Wed 11 Sep 2024 07:49:05 INFO  epoch 52 evaluating [time: 0.15s, valid_score: 0.443100]
Wed 11 Sep 2024 07:49:05 INFO  valid result: 
hit@5 : 0.6098    hit@10 : 0.7292    ndcg@5 : 0.4431    ndcg@10 : 0.482
Wed 11 Sep 2024 08:00:42 INFO  epoch 53 training [time: 696.86s, train loss: 2020.5255]
Wed 11 Sep 2024 08:00:42 INFO  epoch 53 evaluating [time: 0.14s, valid_score: 0.437900]
Wed 11 Sep 2024 08:00:42 INFO  valid result: 
hit@5 : 0.597    hit@10 : 0.7356    ndcg@5 : 0.4379    ndcg@10 : 0.4832
Wed 11 Sep 2024 08:12:14 INFO  epoch 54 training [time: 692.01s, train loss: 2019.8410]
Wed 11 Sep 2024 08:12:14 INFO  epoch 54 evaluating [time: 0.13s, valid_score: 0.434000]
Wed 11 Sep 2024 08:12:14 INFO  valid result: 
hit@5 : 0.5928    hit@10 : 0.7271    ndcg@5 : 0.434    ndcg@10 : 0.4778
Wed 11 Sep 2024 08:23:43 INFO  epoch 55 training [time: 688.42s, train loss: 2020.0963]
Wed 11 Sep 2024 08:23:43 INFO  epoch 55 evaluating [time: 0.15s, valid_score: 0.441200]
Wed 11 Sep 2024 08:23:43 INFO  valid result: 
hit@5 : 0.6013    hit@10 : 0.7505    ndcg@5 : 0.4412    ndcg@10 : 0.4892
Wed 11 Sep 2024 08:35:12 INFO  epoch 56 training [time: 688.70s, train loss: 2020.5825]
Wed 11 Sep 2024 08:35:12 INFO  epoch 56 evaluating [time: 0.14s, valid_score: 0.434400]
Wed 11 Sep 2024 08:35:12 INFO  valid result: 
hit@5 : 0.6034    hit@10 : 0.7335    ndcg@5 : 0.4344    ndcg@10 : 0.4765
Wed 11 Sep 2024 08:46:40 INFO  epoch 57 training [time: 688.41s, train loss: 2018.9377]
Wed 11 Sep 2024 08:46:40 INFO  epoch 57 evaluating [time: 0.15s, valid_score: 0.439900]
Wed 11 Sep 2024 08:46:40 INFO  valid result: 
hit@5 : 0.6098    hit@10 : 0.7356    ndcg@5 : 0.4399    ndcg@10 : 0.4809
Wed 11 Sep 2024 08:58:09 INFO  epoch 58 training [time: 688.24s, train loss: 2019.7139]
Wed 11 Sep 2024 08:58:09 INFO  epoch 58 evaluating [time: 0.14s, valid_score: 0.435900]
Wed 11 Sep 2024 08:58:09 INFO  valid result: 
hit@5 : 0.6013    hit@10 : 0.7399    ndcg@5 : 0.4359    ndcg@10 : 0.4816
Wed 11 Sep 2024 09:09:37 INFO  epoch 59 training [time: 688.44s, train loss: 2018.8153]
Wed 11 Sep 2024 09:09:37 INFO  epoch 59 evaluating [time: 0.15s, valid_score: 0.434100]
Wed 11 Sep 2024 09:09:37 INFO  valid result: 
hit@5 : 0.5991    hit@10 : 0.7313    ndcg@5 : 0.4341    ndcg@10 : 0.4775
Wed 11 Sep 2024 09:21:06 INFO  epoch 60 training [time: 688.80s, train loss: 2018.5275]
Wed 11 Sep 2024 09:21:06 INFO  epoch 60 evaluating [time: 0.14s, valid_score: 0.438400]
Wed 11 Sep 2024 09:21:06 INFO  valid result: 
hit@5 : 0.6034    hit@10 : 0.742    ndcg@5 : 0.4384    ndcg@10 : 0.4833
Wed 11 Sep 2024 09:32:35 INFO  epoch 61 training [time: 688.41s, train loss: 2017.9471]
Wed 11 Sep 2024 09:32:35 INFO  epoch 61 evaluating [time: 0.16s, valid_score: 0.437900]
Wed 11 Sep 2024 09:32:35 INFO  valid result: 
hit@5 : 0.6077    hit@10 : 0.7249    ndcg@5 : 0.4379    ndcg@10 : 0.4766
Wed 11 Sep 2024 09:44:03 INFO  epoch 62 training [time: 688.30s, train loss: 2018.0312]
Wed 11 Sep 2024 09:44:03 INFO  epoch 62 evaluating [time: 0.14s, valid_score: 0.435800]
Wed 11 Sep 2024 09:44:03 INFO  valid result: 
hit@5 : 0.597    hit@10 : 0.7207    ndcg@5 : 0.4358    ndcg@10 : 0.476
Wed 11 Sep 2024 09:55:32 INFO  epoch 63 training [time: 688.66s, train loss: 2016.4399]
Wed 11 Sep 2024 09:55:32 INFO  epoch 63 evaluating [time: 0.15s, valid_score: 0.437100]
Wed 11 Sep 2024 09:55:32 INFO  valid result: 
hit@5 : 0.5949    hit@10 : 0.7271    ndcg@5 : 0.4371    ndcg@10 : 0.4802
Wed 11 Sep 2024 10:07:01 INFO  epoch 64 training [time: 688.50s, train loss: 2016.6246]
Wed 11 Sep 2024 10:07:01 INFO  epoch 64 evaluating [time: 0.15s, valid_score: 0.436700]
Wed 11 Sep 2024 10:07:01 INFO  valid result: 
hit@5 : 0.597    hit@10 : 0.7292    ndcg@5 : 0.4367    ndcg@10 : 0.4794
Wed 11 Sep 2024 10:18:29 INFO  epoch 65 training [time: 688.54s, train loss: 2016.9592]
Wed 11 Sep 2024 10:18:30 INFO  epoch 65 evaluating [time: 0.14s, valid_score: 0.437700]
Wed 11 Sep 2024 10:18:30 INFO  valid result: 
hit@5 : 0.597    hit@10 : 0.7249    ndcg@5 : 0.4377    ndcg@10 : 0.4799
Wed 11 Sep 2024 10:29:59 INFO  epoch 66 training [time: 689.13s, train loss: 2016.5092]
Wed 11 Sep 2024 10:29:59 INFO  epoch 66 evaluating [time: 0.14s, valid_score: 0.439600]
Wed 11 Sep 2024 10:29:59 INFO  valid result: 
hit@5 : 0.6013    hit@10 : 0.7249    ndcg@5 : 0.4396    ndcg@10 : 0.4803
Wed 11 Sep 2024 10:41:28 INFO  epoch 67 training [time: 688.61s, train loss: 2016.0555]
Wed 11 Sep 2024 10:41:28 INFO  epoch 67 evaluating [time: 0.15s, valid_score: 0.441700]
Wed 11 Sep 2024 10:41:28 INFO  valid result: 
hit@5 : 0.6055    hit@10 : 0.7313    ndcg@5 : 0.4417    ndcg@10 : 0.4827
Wed 11 Sep 2024 10:52:56 INFO  epoch 68 training [time: 688.65s, train loss: 2016.9669]
Wed 11 Sep 2024 10:52:56 INFO  epoch 68 evaluating [time: 0.15s, valid_score: 0.436800]
Wed 11 Sep 2024 10:52:56 INFO  valid result: 
hit@5 : 0.6034    hit@10 : 0.7377    ndcg@5 : 0.4368    ndcg@10 : 0.4803
Wed 11 Sep 2024 11:04:25 INFO  epoch 69 training [time: 688.58s, train loss: 2016.7482]
Wed 11 Sep 2024 11:04:25 INFO  epoch 69 evaluating [time: 0.15s, valid_score: 0.443800]
Wed 11 Sep 2024 11:04:25 INFO  valid result: 
hit@5 : 0.6119    hit@10 : 0.7441    ndcg@5 : 0.4438    ndcg@10 : 0.4869
Wed 11 Sep 2024 11:15:54 INFO  epoch 70 training [time: 688.63s, train loss: 2015.5027]
Wed 11 Sep 2024 11:15:54 INFO  epoch 70 evaluating [time: 0.14s, valid_score: 0.440500]
Wed 11 Sep 2024 11:15:54 INFO  valid result: 
hit@5 : 0.5991    hit@10 : 0.7399    ndcg@5 : 0.4405    ndcg@10 : 0.4865
Wed 11 Sep 2024 11:27:23 INFO  epoch 71 training [time: 688.63s, train loss: 2015.7287]
Wed 11 Sep 2024 11:27:23 INFO  epoch 71 evaluating [time: 0.14s, valid_score: 0.440200]
Wed 11 Sep 2024 11:27:23 INFO  valid result: 
hit@5 : 0.6055    hit@10 : 0.7249    ndcg@5 : 0.4402    ndcg@10 : 0.4794
Wed 11 Sep 2024 11:38:51 INFO  epoch 72 training [time: 688.53s, train loss: 2015.0248]
Wed 11 Sep 2024 11:38:51 INFO  epoch 72 evaluating [time: 0.14s, valid_score: 0.440600]
Wed 11 Sep 2024 11:38:51 INFO  valid result: 
hit@5 : 0.6034    hit@10 : 0.7335    ndcg@5 : 0.4406    ndcg@10 : 0.4832
Wed 11 Sep 2024 11:50:20 INFO  epoch 73 training [time: 688.70s, train loss: 2014.3908]
Wed 11 Sep 2024 11:50:20 INFO  epoch 73 evaluating [time: 0.15s, valid_score: 0.449100]
Wed 11 Sep 2024 11:50:20 INFO  valid result: 
hit@5 : 0.6162    hit@10 : 0.7399    ndcg@5 : 0.4491    ndcg@10 : 0.4887
Wed 11 Sep 2024 11:50:21 INFO  Saving current: saved\UniSRec-Sep-10-2024_21-32-33.pth
Wed 11 Sep 2024 12:01:51 INFO  epoch 74 training [time: 690.32s, train loss: 2014.6719]
Wed 11 Sep 2024 12:01:51 INFO  epoch 74 evaluating [time: 0.15s, valid_score: 0.437100]
Wed 11 Sep 2024 12:01:51 INFO  valid result: 
hit@5 : 0.5949    hit@10 : 0.7484    ndcg@5 : 0.4371    ndcg@10 : 0.4872
Wed 11 Sep 2024 12:13:20 INFO  epoch 75 training [time: 688.68s, train loss: 2014.2768]
Wed 11 Sep 2024 12:13:20 INFO  epoch 75 evaluating [time: 0.14s, valid_score: 0.440000]
Wed 11 Sep 2024 12:13:20 INFO  valid result: 
hit@5 : 0.6098    hit@10 : 0.7356    ndcg@5 : 0.44    ndcg@10 : 0.481
Wed 11 Sep 2024 12:24:49 INFO  epoch 76 training [time: 688.78s, train loss: 2014.1517]
Wed 11 Sep 2024 12:24:49 INFO  epoch 76 evaluating [time: 0.14s, valid_score: 0.440400]
Wed 11 Sep 2024 12:24:49 INFO  valid result: 
hit@5 : 0.6055    hit@10 : 0.7313    ndcg@5 : 0.4404    ndcg@10 : 0.4824
Wed 11 Sep 2024 12:36:18 INFO  epoch 77 training [time: 688.73s, train loss: 2013.4739]
Wed 11 Sep 2024 12:36:18 INFO  epoch 77 evaluating [time: 0.14s, valid_score: 0.434500]
Wed 11 Sep 2024 12:36:18 INFO  valid result: 
hit@5 : 0.5906    hit@10 : 0.7399    ndcg@5 : 0.4345    ndcg@10 : 0.4834
Wed 11 Sep 2024 12:47:46 INFO  epoch 78 training [time: 688.63s, train loss: 2013.7761]
Wed 11 Sep 2024 12:47:47 INFO  epoch 78 evaluating [time: 0.15s, valid_score: 0.440200]
Wed 11 Sep 2024 12:47:47 INFO  valid result: 
hit@5 : 0.597    hit@10 : 0.7292    ndcg@5 : 0.4402    ndcg@10 : 0.4838
Wed 11 Sep 2024 12:59:15 INFO  epoch 79 training [time: 688.42s, train loss: 2013.4861]
Wed 11 Sep 2024 12:59:15 INFO  epoch 79 evaluating [time: 0.14s, valid_score: 0.437200]
Wed 11 Sep 2024 12:59:15 INFO  valid result: 
hit@5 : 0.6055    hit@10 : 0.7313    ndcg@5 : 0.4372    ndcg@10 : 0.4784
Wed 11 Sep 2024 13:10:44 INFO  epoch 80 training [time: 688.92s, train loss: 2012.9660]
Wed 11 Sep 2024 13:10:44 INFO  epoch 80 evaluating [time: 0.14s, valid_score: 0.436000]
Wed 11 Sep 2024 13:10:44 INFO  valid result: 
hit@5 : 0.5906    hit@10 : 0.7228    ndcg@5 : 0.436    ndcg@10 : 0.4794
Wed 11 Sep 2024 13:22:13 INFO  epoch 81 training [time: 688.69s, train loss: 2012.6381]
Wed 11 Sep 2024 13:22:13 INFO  epoch 81 evaluating [time: 0.15s, valid_score: 0.441400]
Wed 11 Sep 2024 13:22:13 INFO  valid result: 
hit@5 : 0.597    hit@10 : 0.7271    ndcg@5 : 0.4414    ndcg@10 : 0.4837
Wed 11 Sep 2024 13:33:42 INFO  epoch 82 training [time: 688.48s, train loss: 2012.4800]
Wed 11 Sep 2024 13:33:42 INFO  epoch 82 evaluating [time: 0.14s, valid_score: 0.435100]
Wed 11 Sep 2024 13:33:42 INFO  valid result: 
hit@5 : 0.5928    hit@10 : 0.7207    ndcg@5 : 0.4351    ndcg@10 : 0.4773
Wed 11 Sep 2024 13:45:10 INFO  epoch 83 training [time: 688.72s, train loss: 2013.0855]
Wed 11 Sep 2024 13:45:11 INFO  epoch 83 evaluating [time: 0.15s, valid_score: 0.434000]
Wed 11 Sep 2024 13:45:11 INFO  valid result: 
hit@5 : 0.5928    hit@10 : 0.7292    ndcg@5 : 0.434    ndcg@10 : 0.4793
Wed 11 Sep 2024 13:56:40 INFO  epoch 84 training [time: 688.91s, train loss: 2013.1047]
Wed 11 Sep 2024 13:56:40 INFO  epoch 84 evaluating [time: 0.15s, valid_score: 0.437000]
Wed 11 Sep 2024 13:56:40 INFO  valid result: 
hit@5 : 0.5949    hit@10 : 0.7335    ndcg@5 : 0.437    ndcg@10 : 0.4824
Wed 11 Sep 2024 14:08:09 INFO  epoch 85 training [time: 688.86s, train loss: 2012.2145]
Wed 11 Sep 2024 14:08:09 INFO  epoch 85 evaluating [time: 0.15s, valid_score: 0.443000]
Wed 11 Sep 2024 14:08:09 INFO  valid result: 
hit@5 : 0.6119    hit@10 : 0.7313    ndcg@5 : 0.443    ndcg@10 : 0.4818
Wed 11 Sep 2024 14:19:37 INFO  epoch 86 training [time: 688.77s, train loss: 2012.1854]
Wed 11 Sep 2024 14:19:38 INFO  epoch 86 evaluating [time: 0.15s, valid_score: 0.445700]
Wed 11 Sep 2024 14:19:38 INFO  valid result: 
hit@5 : 0.597    hit@10 : 0.7484    ndcg@5 : 0.4457    ndcg@10 : 0.4951
Wed 11 Sep 2024 14:31:07 INFO  epoch 87 training [time: 689.01s, train loss: 2012.0419]
Wed 11 Sep 2024 14:31:07 INFO  epoch 87 evaluating [time: 0.14s, valid_score: 0.447600]
Wed 11 Sep 2024 14:31:07 INFO  valid result: 
hit@5 : 0.6077    hit@10 : 0.742    ndcg@5 : 0.4476    ndcg@10 : 0.4914
Wed 11 Sep 2024 14:42:36 INFO  epoch 88 training [time: 688.87s, train loss: 2011.8101]
Wed 11 Sep 2024 14:42:36 INFO  epoch 88 evaluating [time: 0.14s, valid_score: 0.438500]
Wed 11 Sep 2024 14:42:36 INFO  valid result: 
hit@5 : 0.6013    hit@10 : 0.7356    ndcg@5 : 0.4385    ndcg@10 : 0.4826
Wed 11 Sep 2024 14:54:05 INFO  epoch 89 training [time: 688.73s, train loss: 2011.8192]
Wed 11 Sep 2024 14:54:05 INFO  epoch 89 evaluating [time: 0.13s, valid_score: 0.436800]
Wed 11 Sep 2024 14:54:05 INFO  valid result: 
hit@5 : 0.597    hit@10 : 0.7441    ndcg@5 : 0.4368    ndcg@10 : 0.4851
Wed 11 Sep 2024 15:05:33 INFO  epoch 90 training [time: 688.75s, train loss: 2010.7310]
Wed 11 Sep 2024 15:05:34 INFO  epoch 90 evaluating [time: 0.15s, valid_score: 0.440700]
Wed 11 Sep 2024 15:05:34 INFO  valid result: 
hit@5 : 0.6013    hit@10 : 0.7335    ndcg@5 : 0.4407    ndcg@10 : 0.4834
Wed 11 Sep 2024 15:17:02 INFO  epoch 91 training [time: 688.74s, train loss: 2011.6988]
Wed 11 Sep 2024 15:17:02 INFO  epoch 91 evaluating [time: 0.14s, valid_score: 0.442400]
Wed 11 Sep 2024 15:17:02 INFO  valid result: 
hit@5 : 0.6055    hit@10 : 0.7399    ndcg@5 : 0.4424    ndcg@10 : 0.4863
Wed 11 Sep 2024 15:28:31 INFO  epoch 92 training [time: 688.49s, train loss: 2010.4810]
Wed 11 Sep 2024 15:28:31 INFO  epoch 92 evaluating [time: 0.14s, valid_score: 0.436200]
Wed 11 Sep 2024 15:28:31 INFO  valid result: 
hit@5 : 0.5928    hit@10 : 0.7313    ndcg@5 : 0.4362    ndcg@10 : 0.4817
Wed 11 Sep 2024 15:40:00 INFO  epoch 93 training [time: 688.45s, train loss: 2010.9591]
Wed 11 Sep 2024 15:40:00 INFO  epoch 93 evaluating [time: 0.15s, valid_score: 0.435100]
Wed 11 Sep 2024 15:40:00 INFO  valid result: 
hit@5 : 0.597    hit@10 : 0.7335    ndcg@5 : 0.4351    ndcg@10 : 0.48
Wed 11 Sep 2024 15:51:28 INFO  epoch 94 training [time: 688.65s, train loss: 2010.5321]
Wed 11 Sep 2024 15:51:29 INFO  epoch 94 evaluating [time: 0.13s, valid_score: 0.440400]
Wed 11 Sep 2024 15:51:29 INFO  valid result: 
hit@5 : 0.6119    hit@10 : 0.7399    ndcg@5 : 0.4404    ndcg@10 : 0.4818
Wed 11 Sep 2024 16:02:57 INFO  epoch 95 training [time: 688.58s, train loss: 2010.0445]
Wed 11 Sep 2024 16:02:57 INFO  epoch 95 evaluating [time: 0.14s, valid_score: 0.444800]
Wed 11 Sep 2024 16:02:57 INFO  valid result: 
hit@5 : 0.6034    hit@10 : 0.7186    ndcg@5 : 0.4448    ndcg@10 : 0.4829
Wed 11 Sep 2024 16:14:26 INFO  epoch 96 training [time: 688.74s, train loss: 2010.3766]
Wed 11 Sep 2024 16:14:26 INFO  epoch 96 evaluating [time: 0.14s, valid_score: 0.442300]
Wed 11 Sep 2024 16:14:26 INFO  valid result: 
hit@5 : 0.6013    hit@10 : 0.7292    ndcg@5 : 0.4423    ndcg@10 : 0.4838
Wed 11 Sep 2024 16:25:55 INFO  epoch 97 training [time: 688.66s, train loss: 2010.1930]
Wed 11 Sep 2024 16:25:55 INFO  epoch 97 evaluating [time: 0.14s, valid_score: 0.440300]
Wed 11 Sep 2024 16:25:55 INFO  valid result: 
hit@5 : 0.6055    hit@10 : 0.7335    ndcg@5 : 0.4403    ndcg@10 : 0.482
Wed 11 Sep 2024 16:37:24 INFO  epoch 98 training [time: 688.66s, train loss: 2010.6028]
Wed 11 Sep 2024 16:37:24 INFO  epoch 98 evaluating [time: 0.14s, valid_score: 0.432100]
Wed 11 Sep 2024 16:37:24 INFO  valid result: 
hit@5 : 0.5842    hit@10 : 0.7313    ndcg@5 : 0.4321    ndcg@10 : 0.4808
Wed 11 Sep 2024 16:48:52 INFO  epoch 99 training [time: 688.69s, train loss: 2010.7183]
Wed 11 Sep 2024 16:48:53 INFO  epoch 99 evaluating [time: 0.14s, valid_score: 0.449300]
Wed 11 Sep 2024 16:48:53 INFO  valid result: 
hit@5 : 0.6141    hit@10 : 0.7463    ndcg@5 : 0.4493    ndcg@10 : 0.4922
Wed 11 Sep 2024 16:48:53 INFO  Saving current: saved\UniSRec-Sep-10-2024_21-32-33.pth
Wed 11 Sep 2024 17:00:22 INFO  epoch 100 training [time: 688.74s, train loss: 2009.2140]
Wed 11 Sep 2024 17:00:22 INFO  epoch 100 evaluating [time: 0.15s, valid_score: 0.441200]
Wed 11 Sep 2024 17:00:22 INFO  valid result: 
hit@5 : 0.6055    hit@10 : 0.7292    ndcg@5 : 0.4412    ndcg@10 : 0.4815
Wed 11 Sep 2024 17:11:51 INFO  epoch 101 training [time: 688.69s, train loss: 2010.1370]
Wed 11 Sep 2024 17:11:51 INFO  epoch 101 evaluating [time: 0.15s, valid_score: 0.437500]
Wed 11 Sep 2024 17:11:51 INFO  valid result: 
hit@5 : 0.5991    hit@10 : 0.7292    ndcg@5 : 0.4375    ndcg@10 : 0.4796
Wed 11 Sep 2024 17:23:20 INFO  epoch 102 training [time: 688.82s, train loss: 2010.5221]
Wed 11 Sep 2024 17:23:20 INFO  epoch 102 evaluating [time: 0.14s, valid_score: 0.442000]
Wed 11 Sep 2024 17:23:20 INFO  valid result: 
hit@5 : 0.6013    hit@10 : 0.7356    ndcg@5 : 0.442    ndcg@10 : 0.4859
Wed 11 Sep 2024 17:34:48 INFO  epoch 103 training [time: 688.58s, train loss: 2009.4126]
Wed 11 Sep 2024 17:34:48 INFO  epoch 103 evaluating [time: 0.15s, valid_score: 0.443500]
Wed 11 Sep 2024 17:34:48 INFO  valid result: 
hit@5 : 0.6055    hit@10 : 0.7377    ndcg@5 : 0.4435    ndcg@10 : 0.4867
Wed 11 Sep 2024 17:46:17 INFO  epoch 104 training [time: 688.61s, train loss: 2009.6785]
Wed 11 Sep 2024 17:46:17 INFO  epoch 104 evaluating [time: 0.14s, valid_score: 0.439700]
Wed 11 Sep 2024 17:46:17 INFO  valid result: 
hit@5 : 0.597    hit@10 : 0.7335    ndcg@5 : 0.4397    ndcg@10 : 0.4841
Wed 11 Sep 2024 17:57:46 INFO  epoch 105 training [time: 688.62s, train loss: 2008.7862]
Wed 11 Sep 2024 17:57:46 INFO  epoch 105 evaluating [time: 0.15s, valid_score: 0.440300]
Wed 11 Sep 2024 17:57:46 INFO  valid result: 
hit@5 : 0.6034    hit@10 : 0.7313    ndcg@5 : 0.4403    ndcg@10 : 0.4825
Wed 11 Sep 2024 18:09:15 INFO  epoch 106 training [time: 688.65s, train loss: 2008.8315]
Wed 11 Sep 2024 18:09:15 INFO  epoch 106 evaluating [time: 0.15s, valid_score: 0.445000]
Wed 11 Sep 2024 18:09:15 INFO  valid result: 
hit@5 : 0.6098    hit@10 : 0.7335    ndcg@5 : 0.445    ndcg@10 : 0.4851
Wed 11 Sep 2024 18:20:44 INFO  epoch 107 training [time: 688.84s, train loss: 2010.0760]
Wed 11 Sep 2024 18:20:44 INFO  epoch 107 evaluating [time: 0.14s, valid_score: 0.439800]
Wed 11 Sep 2024 18:20:44 INFO  valid result: 
hit@5 : 0.6055    hit@10 : 0.742    ndcg@5 : 0.4398    ndcg@10 : 0.4843
Wed 11 Sep 2024 18:32:13 INFO  epoch 108 training [time: 689.55s, train loss: 2008.5574]
Wed 11 Sep 2024 18:32:13 INFO  epoch 108 evaluating [time: 0.13s, valid_score: 0.436300]
Wed 11 Sep 2024 18:32:13 INFO  valid result: 
hit@5 : 0.5928    hit@10 : 0.742    ndcg@5 : 0.4363    ndcg@10 : 0.4848
Wed 11 Sep 2024 18:43:42 INFO  epoch 109 training [time: 688.64s, train loss: 2008.4265]
Wed 11 Sep 2024 18:43:42 INFO  epoch 109 evaluating [time: 0.13s, valid_score: 0.438600]
Wed 11 Sep 2024 18:43:42 INFO  valid result: 
hit@5 : 0.5991    hit@10 : 0.7399    ndcg@5 : 0.4386    ndcg@10 : 0.4847
Wed 11 Sep 2024 18:55:11 INFO  epoch 110 training [time: 689.16s, train loss: 2007.5641]
Wed 11 Sep 2024 18:55:12 INFO  epoch 110 evaluating [time: 0.14s, valid_score: 0.443900]
Wed 11 Sep 2024 18:55:12 INFO  valid result: 
hit@5 : 0.5991    hit@10 : 0.7356    ndcg@5 : 0.4439    ndcg@10 : 0.4886
Wed 11 Sep 2024 19:06:40 INFO  epoch 111 training [time: 688.67s, train loss: 2008.0305]
Wed 11 Sep 2024 19:06:40 INFO  epoch 111 evaluating [time: 0.14s, valid_score: 0.443100]
Wed 11 Sep 2024 19:06:40 INFO  valid result: 
hit@5 : 0.6077    hit@10 : 0.7292    ndcg@5 : 0.4431    ndcg@10 : 0.4828
Wed 11 Sep 2024 19:18:09 INFO  epoch 112 training [time: 688.73s, train loss: 2008.2159]
Wed 11 Sep 2024 19:18:09 INFO  epoch 112 evaluating [time: 0.14s, valid_score: 0.442500]
Wed 11 Sep 2024 19:18:09 INFO  valid result: 
hit@5 : 0.6119    hit@10 : 0.7335    ndcg@5 : 0.4425    ndcg@10 : 0.482
Wed 11 Sep 2024 19:29:38 INFO  epoch 113 training [time: 688.63s, train loss: 2008.0316]
Wed 11 Sep 2024 19:29:38 INFO  epoch 113 evaluating [time: 0.14s, valid_score: 0.439300]
Wed 11 Sep 2024 19:29:38 INFO  valid result: 
hit@5 : 0.597    hit@10 : 0.7399    ndcg@5 : 0.4393    ndcg@10 : 0.4862
Wed 11 Sep 2024 19:41:07 INFO  epoch 114 training [time: 688.68s, train loss: 2008.8755]
Wed 11 Sep 2024 19:41:07 INFO  epoch 114 evaluating [time: 0.14s, valid_score: 0.438400]
Wed 11 Sep 2024 19:41:07 INFO  valid result: 
hit@5 : 0.5949    hit@10 : 0.7335    ndcg@5 : 0.4384    ndcg@10 : 0.4837
Wed 11 Sep 2024 19:52:36 INFO  epoch 115 training [time: 688.89s, train loss: 2008.2952]
Wed 11 Sep 2024 19:52:36 INFO  epoch 115 evaluating [time: 0.15s, valid_score: 0.434900]
Wed 11 Sep 2024 19:52:36 INFO  valid result: 
hit@5 : 0.5906    hit@10 : 0.7356    ndcg@5 : 0.4349    ndcg@10 : 0.4822
Wed 11 Sep 2024 20:04:05 INFO  epoch 116 training [time: 688.62s, train loss: 2008.2513]
Wed 11 Sep 2024 20:04:05 INFO  epoch 116 evaluating [time: 0.14s, valid_score: 0.440700]
Wed 11 Sep 2024 20:04:05 INFO  valid result: 
hit@5 : 0.5991    hit@10 : 0.7441    ndcg@5 : 0.4407    ndcg@10 : 0.4886
Wed 11 Sep 2024 20:15:33 INFO  epoch 117 training [time: 688.55s, train loss: 2008.0113]
Wed 11 Sep 2024 20:15:33 INFO  epoch 117 evaluating [time: 0.14s, valid_score: 0.440600]
Wed 11 Sep 2024 20:15:33 INFO  valid result: 
hit@5 : 0.6034    hit@10 : 0.7377    ndcg@5 : 0.4406    ndcg@10 : 0.4841
Wed 11 Sep 2024 20:27:02 INFO  epoch 118 training [time: 688.56s, train loss: 2007.4554]
Wed 11 Sep 2024 20:27:02 INFO  epoch 118 evaluating [time: 0.15s, valid_score: 0.431300]
Wed 11 Sep 2024 20:27:02 INFO  valid result: 
hit@5 : 0.5906    hit@10 : 0.7271    ndcg@5 : 0.4313    ndcg@10 : 0.4759
Wed 11 Sep 2024 20:38:31 INFO  epoch 119 training [time: 688.59s, train loss: 2007.6163]
Wed 11 Sep 2024 20:38:31 INFO  epoch 119 evaluating [time: 0.14s, valid_score: 0.449100]
Wed 11 Sep 2024 20:38:31 INFO  valid result: 
hit@5 : 0.6183    hit@10 : 0.742    ndcg@5 : 0.4491    ndcg@10 : 0.4893
Wed 11 Sep 2024 20:49:59 INFO  epoch 120 training [time: 688.53s, train loss: 2007.4418]
Wed 11 Sep 2024 20:50:00 INFO  epoch 120 evaluating [time: 0.13s, valid_score: 0.436900]
Wed 11 Sep 2024 20:50:00 INFO  valid result: 
hit@5 : 0.6077    hit@10 : 0.7313    ndcg@5 : 0.4369    ndcg@10 : 0.4776
Wed 11 Sep 2024 21:01:28 INFO  epoch 121 training [time: 688.50s, train loss: 2007.0788]
Wed 11 Sep 2024 21:01:28 INFO  epoch 121 evaluating [time: 0.14s, valid_score: 0.439300]
Wed 11 Sep 2024 21:01:28 INFO  valid result: 
hit@5 : 0.6013    hit@10 : 0.7356    ndcg@5 : 0.4393    ndcg@10 : 0.4836
Wed 11 Sep 2024 21:12:57 INFO  epoch 122 training [time: 688.68s, train loss: 2007.3803]
Wed 11 Sep 2024 21:12:57 INFO  epoch 122 evaluating [time: 0.14s, valid_score: 0.442500]
Wed 11 Sep 2024 21:12:57 INFO  valid result: 
hit@5 : 0.6077    hit@10 : 0.7356    ndcg@5 : 0.4425    ndcg@10 : 0.4839
Wed 11 Sep 2024 21:24:26 INFO  epoch 123 training [time: 688.56s, train loss: 2007.1121]
Wed 11 Sep 2024 21:24:26 INFO  epoch 123 evaluating [time: 0.15s, valid_score: 0.436900]
Wed 11 Sep 2024 21:24:26 INFO  valid result: 
hit@5 : 0.597    hit@10 : 0.7292    ndcg@5 : 0.4369    ndcg@10 : 0.48
Wed 11 Sep 2024 21:35:55 INFO  epoch 124 training [time: 688.89s, train loss: 2007.7693]
Wed 11 Sep 2024 21:35:55 INFO  epoch 124 evaluating [time: 0.15s, valid_score: 0.435000]
Wed 11 Sep 2024 21:35:55 INFO  valid result: 
hit@5 : 0.597    hit@10 : 0.7271    ndcg@5 : 0.435    ndcg@10 : 0.4778
Wed 11 Sep 2024 21:47:24 INFO  epoch 125 training [time: 688.78s, train loss: 2006.5080]
Wed 11 Sep 2024 21:47:24 INFO  epoch 125 evaluating [time: 0.13s, valid_score: 0.445700]
Wed 11 Sep 2024 21:47:24 INFO  valid result: 
hit@5 : 0.6098    hit@10 : 0.7441    ndcg@5 : 0.4457    ndcg@10 : 0.4891
Wed 11 Sep 2024 21:58:53 INFO  epoch 126 training [time: 688.86s, train loss: 2006.5435]
Wed 11 Sep 2024 21:58:53 INFO  epoch 126 evaluating [time: 0.14s, valid_score: 0.444600]
Wed 11 Sep 2024 21:58:53 INFO  valid result: 
hit@5 : 0.6119    hit@10 : 0.7292    ndcg@5 : 0.4446    ndcg@10 : 0.4832
Wed 11 Sep 2024 22:10:21 INFO  epoch 127 training [time: 688.60s, train loss: 2006.7979]
Wed 11 Sep 2024 22:10:22 INFO  epoch 127 evaluating [time: 0.13s, valid_score: 0.438500]
Wed 11 Sep 2024 22:10:22 INFO  valid result: 
hit@5 : 0.6077    hit@10 : 0.7484    ndcg@5 : 0.4385    ndcg@10 : 0.4844
Wed 11 Sep 2024 22:21:50 INFO  epoch 128 training [time: 688.72s, train loss: 2006.8183]
Wed 11 Sep 2024 22:21:50 INFO  epoch 128 evaluating [time: 0.15s, valid_score: 0.445800]
Wed 11 Sep 2024 22:21:50 INFO  valid result: 
hit@5 : 0.6077    hit@10 : 0.7356    ndcg@5 : 0.4458    ndcg@10 : 0.4879
Wed 11 Sep 2024 22:33:20 INFO  epoch 129 training [time: 689.13s, train loss: 2006.6510]
Wed 11 Sep 2024 22:33:20 INFO  epoch 129 evaluating [time: 0.14s, valid_score: 0.441100]
Wed 11 Sep 2024 22:33:20 INFO  valid result: 
hit@5 : 0.6034    hit@10 : 0.7377    ndcg@5 : 0.4411    ndcg@10 : 0.4848
Wed 11 Sep 2024 22:44:48 INFO  epoch 130 training [time: 688.56s, train loss: 2006.3419]
Wed 11 Sep 2024 22:44:48 INFO  epoch 130 evaluating [time: 0.14s, valid_score: 0.437600]
Wed 11 Sep 2024 22:44:48 INFO  valid result: 
hit@5 : 0.5991    hit@10 : 0.7271    ndcg@5 : 0.4376    ndcg@10 : 0.4796
Wed 11 Sep 2024 22:56:17 INFO  epoch 131 training [time: 688.53s, train loss: 2006.0724]
Wed 11 Sep 2024 22:56:17 INFO  epoch 131 evaluating [time: 0.14s, valid_score: 0.438200]
Wed 11 Sep 2024 22:56:17 INFO  valid result: 
hit@5 : 0.5906    hit@10 : 0.7313    ndcg@5 : 0.4382    ndcg@10 : 0.4846
Wed 11 Sep 2024 23:07:45 INFO  epoch 132 training [time: 688.24s, train loss: 2006.8127]
Wed 11 Sep 2024 23:07:46 INFO  epoch 132 evaluating [time: 0.14s, valid_score: 0.440500]
Wed 11 Sep 2024 23:07:46 INFO  valid result: 
hit@5 : 0.597    hit@10 : 0.7356    ndcg@5 : 0.4405    ndcg@10 : 0.4856
Wed 11 Sep 2024 23:19:14 INFO  epoch 133 training [time: 688.69s, train loss: 2006.5780]
Wed 11 Sep 2024 23:19:14 INFO  epoch 133 evaluating [time: 0.14s, valid_score: 0.447400]
Wed 11 Sep 2024 23:19:14 INFO  valid result: 
hit@5 : 0.6077    hit@10 : 0.7335    ndcg@5 : 0.4474    ndcg@10 : 0.4887
Wed 11 Sep 2024 23:30:43 INFO  epoch 134 training [time: 688.74s, train loss: 2006.4033]
Wed 11 Sep 2024 23:30:43 INFO  epoch 134 evaluating [time: 0.15s, valid_score: 0.447300]
Wed 11 Sep 2024 23:30:43 INFO  valid result: 
hit@5 : 0.6055    hit@10 : 0.7377    ndcg@5 : 0.4473    ndcg@10 : 0.4901
Wed 11 Sep 2024 23:42:12 INFO  epoch 135 training [time: 688.62s, train loss: 2006.4353]
Wed 11 Sep 2024 23:42:12 INFO  epoch 135 evaluating [time: 0.13s, valid_score: 0.444800]
Wed 11 Sep 2024 23:42:12 INFO  valid result: 
hit@5 : 0.6162    hit@10 : 0.7228    ndcg@5 : 0.4448    ndcg@10 : 0.4804
Wed 11 Sep 2024 23:53:41 INFO  epoch 136 training [time: 688.63s, train loss: 2006.1027]
Wed 11 Sep 2024 23:53:41 INFO  epoch 136 evaluating [time: 0.14s, valid_score: 0.440200]
Wed 11 Sep 2024 23:53:41 INFO  valid result: 
hit@5 : 0.5991    hit@10 : 0.7441    ndcg@5 : 0.4402    ndcg@10 : 0.4875
Thu 12 Sep 2024 00:05:09 INFO  epoch 137 training [time: 688.49s, train loss: 2005.9703]
Thu 12 Sep 2024 00:05:09 INFO  epoch 137 evaluating [time: 0.15s, valid_score: 0.446100]
Thu 12 Sep 2024 00:05:09 INFO  valid result: 
hit@5 : 0.6098    hit@10 : 0.7441    ndcg@5 : 0.4461    ndcg@10 : 0.49
Thu 12 Sep 2024 00:16:38 INFO  epoch 138 training [time: 688.85s, train loss: 2005.9045]
Thu 12 Sep 2024 00:16:38 INFO  epoch 138 evaluating [time: 0.13s, valid_score: 0.433400]
Thu 12 Sep 2024 00:16:38 INFO  valid result: 
hit@5 : 0.597    hit@10 : 0.7271    ndcg@5 : 0.4334    ndcg@10 : 0.4762
Thu 12 Sep 2024 00:28:07 INFO  epoch 139 training [time: 688.79s, train loss: 2005.8397]
Thu 12 Sep 2024 00:28:07 INFO  epoch 139 evaluating [time: 0.14s, valid_score: 0.444600]
Thu 12 Sep 2024 00:28:07 INFO  valid result: 
hit@5 : 0.6077    hit@10 : 0.7335    ndcg@5 : 0.4446    ndcg@10 : 0.486
Thu 12 Sep 2024 00:39:36 INFO  epoch 140 training [time: 688.63s, train loss: 2004.8991]
Thu 12 Sep 2024 00:39:36 INFO  epoch 140 evaluating [time: 0.15s, valid_score: 0.443800]
Thu 12 Sep 2024 00:39:36 INFO  valid result: 
hit@5 : 0.6034    hit@10 : 0.7228    ndcg@5 : 0.4438    ndcg@10 : 0.4832
Thu 12 Sep 2024 00:51:05 INFO  epoch 141 training [time: 688.74s, train loss: 2005.6318]
Thu 12 Sep 2024 00:51:05 INFO  epoch 141 evaluating [time: 0.14s, valid_score: 0.444900]
Thu 12 Sep 2024 00:51:05 INFO  valid result: 
hit@5 : 0.6034    hit@10 : 0.7399    ndcg@5 : 0.4449    ndcg@10 : 0.4894
Thu 12 Sep 2024 01:02:34 INFO  epoch 142 training [time: 688.83s, train loss: 2005.1761]
Thu 12 Sep 2024 01:02:34 INFO  epoch 142 evaluating [time: 0.14s, valid_score: 0.445200]
Thu 12 Sep 2024 01:02:34 INFO  valid result: 
hit@5 : 0.6119    hit@10 : 0.742    ndcg@5 : 0.4452    ndcg@10 : 0.4877
Thu 12 Sep 2024 01:14:03 INFO  epoch 143 training [time: 688.83s, train loss: 2005.2376]
Thu 12 Sep 2024 01:14:03 INFO  epoch 143 evaluating [time: 0.14s, valid_score: 0.446200]
Thu 12 Sep 2024 01:14:03 INFO  valid result: 
hit@5 : 0.6077    hit@10 : 0.7399    ndcg@5 : 0.4462    ndcg@10 : 0.4895
Thu 12 Sep 2024 01:25:32 INFO  epoch 144 training [time: 689.38s, train loss: 2005.1026]
Thu 12 Sep 2024 01:25:33 INFO  epoch 144 evaluating [time: 0.14s, valid_score: 0.444000]
Thu 12 Sep 2024 01:25:33 INFO  valid result: 
hit@5 : 0.6055    hit@10 : 0.7441    ndcg@5 : 0.444    ndcg@10 : 0.4891
Thu 12 Sep 2024 01:37:01 INFO  epoch 145 training [time: 688.69s, train loss: 2005.2037]
Thu 12 Sep 2024 01:37:01 INFO  epoch 145 evaluating [time: 0.14s, valid_score: 0.440100]
Thu 12 Sep 2024 01:37:01 INFO  valid result: 
hit@5 : 0.5928    hit@10 : 0.7377    ndcg@5 : 0.4401    ndcg@10 : 0.4878
Thu 12 Sep 2024 01:48:30 INFO  epoch 146 training [time: 688.88s, train loss: 2004.7890]
Thu 12 Sep 2024 01:48:31 INFO  epoch 146 evaluating [time: 0.14s, valid_score: 0.444400]
Thu 12 Sep 2024 01:48:31 INFO  valid result: 
hit@5 : 0.6013    hit@10 : 0.7484    ndcg@5 : 0.4444    ndcg@10 : 0.4917
Thu 12 Sep 2024 01:59:59 INFO  epoch 147 training [time: 688.64s, train loss: 2005.1502]
Thu 12 Sep 2024 01:59:59 INFO  epoch 147 evaluating [time: 0.15s, valid_score: 0.451600]
Thu 12 Sep 2024 01:59:59 INFO  valid result: 
hit@5 : 0.6141    hit@10 : 0.7377    ndcg@5 : 0.4516    ndcg@10 : 0.4919
Thu 12 Sep 2024 02:00:00 INFO  Saving current: saved\UniSRec-Sep-10-2024_21-32-33.pth
Thu 12 Sep 2024 02:11:28 INFO  epoch 148 training [time: 688.58s, train loss: 2004.5999]
Thu 12 Sep 2024 02:11:28 INFO  epoch 148 evaluating [time: 0.14s, valid_score: 0.444800]
Thu 12 Sep 2024 02:11:28 INFO  valid result: 
hit@5 : 0.6119    hit@10 : 0.742    ndcg@5 : 0.4448    ndcg@10 : 0.4869
Thu 12 Sep 2024 02:22:57 INFO  epoch 149 training [time: 688.49s, train loss: 2004.9381]
Thu 12 Sep 2024 02:22:57 INFO  epoch 149 evaluating [time: 0.15s, valid_score: 0.444500]
Thu 12 Sep 2024 02:22:57 INFO  valid result: 
hit@5 : 0.6055    hit@10 : 0.7484    ndcg@5 : 0.4445    ndcg@10 : 0.491
Thu 12 Sep 2024 02:34:26 INFO  epoch 150 training [time: 688.79s, train loss: 2005.9334]
Thu 12 Sep 2024 02:34:26 INFO  epoch 150 evaluating [time: 0.13s, valid_score: 0.438300]
Thu 12 Sep 2024 02:34:26 INFO  valid result: 
hit@5 : 0.5949    hit@10 : 0.7271    ndcg@5 : 0.4383    ndcg@10 : 0.4818
Thu 12 Sep 2024 02:45:55 INFO  epoch 151 training [time: 689.26s, train loss: 2005.0118]
Thu 12 Sep 2024 02:45:55 INFO  epoch 151 evaluating [time: 0.14s, valid_score: 0.435500]
Thu 12 Sep 2024 02:45:55 INFO  valid result: 
hit@5 : 0.5928    hit@10 : 0.7356    ndcg@5 : 0.4355    ndcg@10 : 0.4828
Thu 12 Sep 2024 02:57:26 INFO  epoch 152 training [time: 690.29s, train loss: 2004.4707]
Thu 12 Sep 2024 02:57:26 INFO  epoch 152 evaluating [time: 0.14s, valid_score: 0.442800]
Thu 12 Sep 2024 02:57:26 INFO  valid result: 
hit@5 : 0.5991    hit@10 : 0.7313    ndcg@5 : 0.4428    ndcg@10 : 0.4866
Thu 12 Sep 2024 03:08:54 INFO  epoch 153 training [time: 688.55s, train loss: 2005.0556]
Thu 12 Sep 2024 03:08:55 INFO  epoch 153 evaluating [time: 0.15s, valid_score: 0.449100]
Thu 12 Sep 2024 03:08:55 INFO  valid result: 
hit@5 : 0.6119    hit@10 : 0.7505    ndcg@5 : 0.4491    ndcg@10 : 0.4945
Thu 12 Sep 2024 03:20:23 INFO  epoch 154 training [time: 688.79s, train loss: 2004.8802]
Thu 12 Sep 2024 03:20:23 INFO  epoch 154 evaluating [time: 0.14s, valid_score: 0.448400]
Thu 12 Sep 2024 03:20:23 INFO  valid result: 
hit@5 : 0.6119    hit@10 : 0.7292    ndcg@5 : 0.4484    ndcg@10 : 0.4865
Thu 12 Sep 2024 03:31:52 INFO  epoch 155 training [time: 688.80s, train loss: 2003.5167]
Thu 12 Sep 2024 03:31:52 INFO  epoch 155 evaluating [time: 0.15s, valid_score: 0.443700]
Thu 12 Sep 2024 03:31:52 INFO  valid result: 
hit@5 : 0.6077    hit@10 : 0.7356    ndcg@5 : 0.4437    ndcg@10 : 0.4856
Thu 12 Sep 2024 03:43:21 INFO  epoch 156 training [time: 688.85s, train loss: 2004.7767]
Thu 12 Sep 2024 03:43:21 INFO  epoch 156 evaluating [time: 0.14s, valid_score: 0.444400]
Thu 12 Sep 2024 03:43:21 INFO  valid result: 
hit@5 : 0.6098    hit@10 : 0.7292    ndcg@5 : 0.4444    ndcg@10 : 0.4835
Thu 12 Sep 2024 03:54:50 INFO  epoch 157 training [time: 688.81s, train loss: 2004.5910]
Thu 12 Sep 2024 03:54:50 INFO  epoch 157 evaluating [time: 0.14s, valid_score: 0.445100]
Thu 12 Sep 2024 03:54:50 INFO  valid result: 
hit@5 : 0.6119    hit@10 : 0.7313    ndcg@5 : 0.4451    ndcg@10 : 0.4844
Thu 12 Sep 2024 04:06:19 INFO  epoch 158 training [time: 688.70s, train loss: 2004.4987]
Thu 12 Sep 2024 04:06:19 INFO  epoch 158 evaluating [time: 0.14s, valid_score: 0.443100]
Thu 12 Sep 2024 04:06:19 INFO  valid result: 
hit@5 : 0.6119    hit@10 : 0.7356    ndcg@5 : 0.4431    ndcg@10 : 0.4833
Thu 12 Sep 2024 04:17:48 INFO  epoch 159 training [time: 688.68s, train loss: 2004.0660]
Thu 12 Sep 2024 04:17:48 INFO  epoch 159 evaluating [time: 0.13s, valid_score: 0.443500]
Thu 12 Sep 2024 04:17:48 INFO  valid result: 
hit@5 : 0.6077    hit@10 : 0.7377    ndcg@5 : 0.4435    ndcg@10 : 0.4858
Thu 12 Sep 2024 04:29:17 INFO  epoch 160 training [time: 688.54s, train loss: 2004.6239]
Thu 12 Sep 2024 04:29:17 INFO  epoch 160 evaluating [time: 0.14s, valid_score: 0.450600]
Thu 12 Sep 2024 04:29:17 INFO  valid result: 
hit@5 : 0.6141    hit@10 : 0.7292    ndcg@5 : 0.4506    ndcg@10 : 0.4887
Thu 12 Sep 2024 04:40:45 INFO  epoch 161 training [time: 688.60s, train loss: 2004.3842]
Thu 12 Sep 2024 04:40:46 INFO  epoch 161 evaluating [time: 0.15s, valid_score: 0.446800]
Thu 12 Sep 2024 04:40:46 INFO  valid result: 
hit@5 : 0.6162    hit@10 : 0.742    ndcg@5 : 0.4468    ndcg@10 : 0.4878
Thu 12 Sep 2024 04:52:14 INFO  epoch 162 training [time: 688.88s, train loss: 2004.3302]
Thu 12 Sep 2024 04:52:15 INFO  epoch 162 evaluating [time: 0.15s, valid_score: 0.449500]
Thu 12 Sep 2024 04:52:15 INFO  valid result: 
hit@5 : 0.6226    hit@10 : 0.742    ndcg@5 : 0.4495    ndcg@10 : 0.4889
Thu 12 Sep 2024 05:03:43 INFO  epoch 163 training [time: 688.69s, train loss: 2003.9148]
Thu 12 Sep 2024 05:03:43 INFO  epoch 163 evaluating [time: 0.14s, valid_score: 0.443700]
Thu 12 Sep 2024 05:03:43 INFO  valid result: 
hit@5 : 0.6034    hit@10 : 0.7356    ndcg@5 : 0.4437    ndcg@10 : 0.4867
Thu 12 Sep 2024 05:15:12 INFO  epoch 164 training [time: 688.63s, train loss: 2003.5081]
Thu 12 Sep 2024 05:15:12 INFO  epoch 164 evaluating [time: 0.14s, valid_score: 0.435400]
Thu 12 Sep 2024 05:15:12 INFO  valid result: 
hit@5 : 0.6034    hit@10 : 0.7249    ndcg@5 : 0.4354    ndcg@10 : 0.4748
Thu 12 Sep 2024 05:26:41 INFO  epoch 165 training [time: 688.64s, train loss: 2003.0901]
Thu 12 Sep 2024 05:26:41 INFO  epoch 165 evaluating [time: 0.14s, valid_score: 0.450000]
Thu 12 Sep 2024 05:26:41 INFO  valid result: 
hit@5 : 0.6141    hit@10 : 0.7441    ndcg@5 : 0.45    ndcg@10 : 0.4923
Thu 12 Sep 2024 05:38:10 INFO  epoch 166 training [time: 688.71s, train loss: 2004.2771]
Thu 12 Sep 2024 05:38:10 INFO  epoch 166 evaluating [time: 0.15s, valid_score: 0.446400]
Thu 12 Sep 2024 05:38:10 INFO  valid result: 
hit@5 : 0.6119    hit@10 : 0.7335    ndcg@5 : 0.4464    ndcg@10 : 0.486
Thu 12 Sep 2024 05:49:39 INFO  epoch 167 training [time: 688.65s, train loss: 2003.4260]
Thu 12 Sep 2024 05:49:39 INFO  epoch 167 evaluating [time: 0.15s, valid_score: 0.444900]
Thu 12 Sep 2024 05:49:39 INFO  valid result: 
hit@5 : 0.6119    hit@10 : 0.742    ndcg@5 : 0.4449    ndcg@10 : 0.4872
Thu 12 Sep 2024 06:01:07 INFO  epoch 168 training [time: 688.78s, train loss: 2003.7503]
Thu 12 Sep 2024 06:01:08 INFO  epoch 168 evaluating [time: 0.14s, valid_score: 0.448000]
Thu 12 Sep 2024 06:01:08 INFO  valid result: 
hit@5 : 0.6162    hit@10 : 0.7335    ndcg@5 : 0.448    ndcg@10 : 0.4867
Thu 12 Sep 2024 06:12:36 INFO  epoch 169 training [time: 688.61s, train loss: 2002.9050]
Thu 12 Sep 2024 06:12:36 INFO  epoch 169 evaluating [time: 0.14s, valid_score: 0.447000]
Thu 12 Sep 2024 06:12:36 INFO  valid result: 
hit@5 : 0.6119    hit@10 : 0.7463    ndcg@5 : 0.447    ndcg@10 : 0.4905
Thu 12 Sep 2024 06:24:05 INFO  epoch 170 training [time: 688.74s, train loss: 2003.8359]
Thu 12 Sep 2024 06:24:05 INFO  epoch 170 evaluating [time: 0.15s, valid_score: 0.438000]
Thu 12 Sep 2024 06:24:05 INFO  valid result: 
hit@5 : 0.5949    hit@10 : 0.7335    ndcg@5 : 0.438    ndcg@10 : 0.4832
Thu 12 Sep 2024 06:35:34 INFO  epoch 171 training [time: 689.16s, train loss: 2003.6808]
Thu 12 Sep 2024 06:35:35 INFO  epoch 171 evaluating [time: 0.13s, valid_score: 0.445100]
Thu 12 Sep 2024 06:35:35 INFO  valid result: 
hit@5 : 0.6013    hit@10 : 0.7484    ndcg@5 : 0.4451    ndcg@10 : 0.4931
Thu 12 Sep 2024 06:47:04 INFO  epoch 172 training [time: 689.17s, train loss: 2003.3716]
Thu 12 Sep 2024 06:47:04 INFO  epoch 172 evaluating [time: 0.16s, valid_score: 0.436500]
Thu 12 Sep 2024 06:47:04 INFO  valid result: 
hit@5 : 0.5949    hit@10 : 0.7249    ndcg@5 : 0.4365    ndcg@10 : 0.4792
Thu 12 Sep 2024 06:58:33 INFO  epoch 173 training [time: 688.80s, train loss: 2003.7843]
Thu 12 Sep 2024 06:58:33 INFO  epoch 173 evaluating [time: 0.14s, valid_score: 0.447000]
Thu 12 Sep 2024 06:58:33 INFO  valid result: 
hit@5 : 0.6141    hit@10 : 0.742    ndcg@5 : 0.447    ndcg@10 : 0.4888
Thu 12 Sep 2024 07:10:02 INFO  epoch 174 training [time: 688.79s, train loss: 2002.5147]
Thu 12 Sep 2024 07:10:02 INFO  epoch 174 evaluating [time: 0.14s, valid_score: 0.441600]
Thu 12 Sep 2024 07:10:02 INFO  valid result: 
hit@5 : 0.6119    hit@10 : 0.7313    ndcg@5 : 0.4416    ndcg@10 : 0.4804
Thu 12 Sep 2024 07:21:31 INFO  epoch 175 training [time: 688.82s, train loss: 2004.1044]
Thu 12 Sep 2024 07:21:31 INFO  epoch 175 evaluating [time: 0.13s, valid_score: 0.433700]
Thu 12 Sep 2024 07:21:31 INFO  valid result: 
hit@5 : 0.5906    hit@10 : 0.7228    ndcg@5 : 0.4337    ndcg@10 : 0.4778
Thu 12 Sep 2024 07:33:00 INFO  epoch 176 training [time: 688.92s, train loss: 2003.2011]
Thu 12 Sep 2024 07:33:00 INFO  epoch 176 evaluating [time: 0.13s, valid_score: 0.442200]
Thu 12 Sep 2024 07:33:00 INFO  valid result: 
hit@5 : 0.6055    hit@10 : 0.7313    ndcg@5 : 0.4422    ndcg@10 : 0.4836
Thu 12 Sep 2024 07:44:29 INFO  epoch 177 training [time: 688.75s, train loss: 2001.9813]
Thu 12 Sep 2024 07:44:29 INFO  epoch 177 evaluating [time: 0.14s, valid_score: 0.437500]
Thu 12 Sep 2024 07:44:29 INFO  valid result: 
hit@5 : 0.597    hit@10 : 0.7313    ndcg@5 : 0.4375    ndcg@10 : 0.4817
Thu 12 Sep 2024 07:55:58 INFO  epoch 178 training [time: 688.76s, train loss: 2003.0743]
Thu 12 Sep 2024 07:55:58 INFO  epoch 178 evaluating [time: 0.15s, valid_score: 0.444300]
Thu 12 Sep 2024 07:55:58 INFO  valid result: 
hit@5 : 0.6077    hit@10 : 0.7399    ndcg@5 : 0.4443    ndcg@10 : 0.4871
Thu 12 Sep 2024 08:07:27 INFO  epoch 179 training [time: 688.81s, train loss: 2002.8109]
Thu 12 Sep 2024 08:07:27 INFO  epoch 179 evaluating [time: 0.14s, valid_score: 0.439800]
Thu 12 Sep 2024 08:07:27 INFO  valid result: 
hit@5 : 0.6055    hit@10 : 0.7356    ndcg@5 : 0.4398    ndcg@10 : 0.4827
Thu 12 Sep 2024 08:18:55 INFO  epoch 180 training [time: 688.49s, train loss: 2003.0247]
Thu 12 Sep 2024 08:18:55 INFO  epoch 180 evaluating [time: 0.14s, valid_score: 0.441400]
Thu 12 Sep 2024 08:18:55 INFO  valid result: 
hit@5 : 0.597    hit@10 : 0.7313    ndcg@5 : 0.4414    ndcg@10 : 0.486
Thu 12 Sep 2024 08:30:24 INFO  epoch 181 training [time: 689.10s, train loss: 2001.6920]
Thu 12 Sep 2024 08:30:25 INFO  epoch 181 evaluating [time: 0.15s, valid_score: 0.444300]
Thu 12 Sep 2024 08:30:25 INFO  valid result: 
hit@5 : 0.6077    hit@10 : 0.7377    ndcg@5 : 0.4443    ndcg@10 : 0.4869
Thu 12 Sep 2024 08:41:53 INFO  epoch 182 training [time: 688.76s, train loss: 2002.7572]
Thu 12 Sep 2024 08:41:53 INFO  epoch 182 evaluating [time: 0.15s, valid_score: 0.449100]
Thu 12 Sep 2024 08:41:53 INFO  valid result: 
hit@5 : 0.6077    hit@10 : 0.7271    ndcg@5 : 0.4491    ndcg@10 : 0.4889
Thu 12 Sep 2024 08:53:22 INFO  epoch 183 training [time: 688.56s, train loss: 2002.4544]
Thu 12 Sep 2024 08:53:22 INFO  epoch 183 evaluating [time: 0.15s, valid_score: 0.443700]
Thu 12 Sep 2024 08:53:22 INFO  valid result: 
hit@5 : 0.6077    hit@10 : 0.742    ndcg@5 : 0.4437    ndcg@10 : 0.4874
Thu 12 Sep 2024 09:04:51 INFO  epoch 184 training [time: 688.67s, train loss: 2002.7614]
Thu 12 Sep 2024 09:04:51 INFO  epoch 184 evaluating [time: 0.14s, valid_score: 0.439100]
Thu 12 Sep 2024 09:04:51 INFO  valid result: 
hit@5 : 0.6055    hit@10 : 0.7335    ndcg@5 : 0.4391    ndcg@10 : 0.4806
Thu 12 Sep 2024 09:16:20 INFO  epoch 185 training [time: 688.81s, train loss: 2002.1072]
Thu 12 Sep 2024 09:16:20 INFO  epoch 185 evaluating [time: 0.14s, valid_score: 0.444800]
Thu 12 Sep 2024 09:16:20 INFO  valid result: 
hit@5 : 0.6119    hit@10 : 0.7377    ndcg@5 : 0.4448    ndcg@10 : 0.4859
Thu 12 Sep 2024 09:27:49 INFO  epoch 186 training [time: 688.87s, train loss: 2002.1525]
Thu 12 Sep 2024 09:27:49 INFO  epoch 186 evaluating [time: 0.14s, valid_score: 0.443800]
Thu 12 Sep 2024 09:27:49 INFO  valid result: 
hit@5 : 0.6098    hit@10 : 0.7335    ndcg@5 : 0.4438    ndcg@10 : 0.4841
Thu 12 Sep 2024 09:39:18 INFO  epoch 187 training [time: 688.84s, train loss: 2001.7187]
Thu 12 Sep 2024 09:39:18 INFO  epoch 187 evaluating [time: 0.14s, valid_score: 0.434800]
Thu 12 Sep 2024 09:39:18 INFO  valid result: 
hit@5 : 0.5906    hit@10 : 0.7271    ndcg@5 : 0.4348    ndcg@10 : 0.4797
Thu 12 Sep 2024 09:50:47 INFO  epoch 188 training [time: 688.89s, train loss: 2002.6840]
Thu 12 Sep 2024 09:50:47 INFO  epoch 188 evaluating [time: 0.15s, valid_score: 0.436900]
Thu 12 Sep 2024 09:50:47 INFO  valid result: 
hit@5 : 0.5928    hit@10 : 0.7292    ndcg@5 : 0.4369    ndcg@10 : 0.4816
Thu 12 Sep 2024 10:02:16 INFO  epoch 189 training [time: 688.70s, train loss: 2001.5447]
Thu 12 Sep 2024 10:02:16 INFO  epoch 189 evaluating [time: 0.15s, valid_score: 0.452200]
Thu 12 Sep 2024 10:02:16 INFO  valid result: 
hit@5 : 0.6119    hit@10 : 0.7335    ndcg@5 : 0.4522    ndcg@10 : 0.4922
Thu 12 Sep 2024 10:02:16 INFO  Saving current: saved\UniSRec-Sep-10-2024_21-32-33.pth
Thu 12 Sep 2024 10:13:45 INFO  epoch 190 training [time: 688.74s, train loss: 2002.3874]
Thu 12 Sep 2024 10:13:45 INFO  epoch 190 evaluating [time: 0.14s, valid_score: 0.450800]
Thu 12 Sep 2024 10:13:45 INFO  valid result: 
hit@5 : 0.6119    hit@10 : 0.7377    ndcg@5 : 0.4508    ndcg@10 : 0.492
Thu 12 Sep 2024 10:25:14 INFO  epoch 191 training [time: 689.35s, train loss: 2002.2594]
Thu 12 Sep 2024 10:25:15 INFO  epoch 191 evaluating [time: 0.15s, valid_score: 0.446300]
Thu 12 Sep 2024 10:25:15 INFO  valid result: 
hit@5 : 0.6119    hit@10 : 0.7335    ndcg@5 : 0.4463    ndcg@10 : 0.486
Thu 12 Sep 2024 10:36:43 INFO  epoch 192 training [time: 688.45s, train loss: 2002.1964]
Thu 12 Sep 2024 10:36:43 INFO  epoch 192 evaluating [time: 0.14s, valid_score: 0.444800]
Thu 12 Sep 2024 10:36:43 INFO  valid result: 
hit@5 : 0.6077    hit@10 : 0.7228    ndcg@5 : 0.4448    ndcg@10 : 0.4827
Thu 12 Sep 2024 10:48:12 INFO  epoch 193 training [time: 688.69s, train loss: 2001.4478]
Thu 12 Sep 2024 10:48:12 INFO  epoch 193 evaluating [time: 0.15s, valid_score: 0.440200]
Thu 12 Sep 2024 10:48:12 INFO  valid result: 
hit@5 : 0.6055    hit@10 : 0.7335    ndcg@5 : 0.4402    ndcg@10 : 0.4822
Thu 12 Sep 2024 10:59:41 INFO  epoch 194 training [time: 688.83s, train loss: 2001.8084]
Thu 12 Sep 2024 10:59:41 INFO  epoch 194 evaluating [time: 0.15s, valid_score: 0.445900]
Thu 12 Sep 2024 10:59:41 INFO  valid result: 
hit@5 : 0.6034    hit@10 : 0.7441    ndcg@5 : 0.4459    ndcg@10 : 0.4921
Thu 12 Sep 2024 11:11:10 INFO  epoch 195 training [time: 688.72s, train loss: 2002.2528]
Thu 12 Sep 2024 11:11:10 INFO  epoch 195 evaluating [time: 0.15s, valid_score: 0.432900]
Thu 12 Sep 2024 11:11:10 INFO  valid result: 
hit@5 : 0.5864    hit@10 : 0.7292    ndcg@5 : 0.4329    ndcg@10 : 0.4801
Thu 12 Sep 2024 11:22:39 INFO  epoch 196 training [time: 688.69s, train loss: 2001.3604]
Thu 12 Sep 2024 11:22:39 INFO  epoch 196 evaluating [time: 0.15s, valid_score: 0.443300]
Thu 12 Sep 2024 11:22:39 INFO  valid result: 
hit@5 : 0.6055    hit@10 : 0.7249    ndcg@5 : 0.4433    ndcg@10 : 0.4826
Thu 12 Sep 2024 11:34:08 INFO  epoch 197 training [time: 688.75s, train loss: 2001.5736]
Thu 12 Sep 2024 11:34:08 INFO  epoch 197 evaluating [time: 0.14s, valid_score: 0.448000]
Thu 12 Sep 2024 11:34:08 INFO  valid result: 
hit@5 : 0.6183    hit@10 : 0.7399    ndcg@5 : 0.448    ndcg@10 : 0.4877
Thu 12 Sep 2024 11:45:36 INFO  epoch 198 training [time: 688.79s, train loss: 2001.9087]
Thu 12 Sep 2024 11:45:37 INFO  epoch 198 evaluating [time: 0.14s, valid_score: 0.440500]
Thu 12 Sep 2024 11:45:37 INFO  valid result: 
hit@5 : 0.6034    hit@10 : 0.7313    ndcg@5 : 0.4405    ndcg@10 : 0.4826
Thu 12 Sep 2024 11:57:05 INFO  epoch 199 training [time: 688.72s, train loss: 2001.8417]
Thu 12 Sep 2024 11:57:05 INFO  epoch 199 evaluating [time: 0.14s, valid_score: 0.445900]
Thu 12 Sep 2024 11:57:05 INFO  valid result: 
hit@5 : 0.6098    hit@10 : 0.742    ndcg@5 : 0.4459    ndcg@10 : 0.4891
Thu 12 Sep 2024 12:08:34 INFO  epoch 200 training [time: 688.48s, train loss: 2001.7240]
Thu 12 Sep 2024 12:08:34 INFO  epoch 200 evaluating [time: 0.14s, valid_score: 0.438900]
Thu 12 Sep 2024 12:08:34 INFO  valid result: 
hit@5 : 0.6077    hit@10 : 0.7335    ndcg@5 : 0.4389    ndcg@10 : 0.4801
Thu 12 Sep 2024 12:20:03 INFO  epoch 201 training [time: 688.70s, train loss: 2001.6329]
Thu 12 Sep 2024 12:20:03 INFO  epoch 201 evaluating [time: 0.15s, valid_score: 0.445000]
Thu 12 Sep 2024 12:20:03 INFO  valid result: 
hit@5 : 0.6077    hit@10 : 0.7335    ndcg@5 : 0.445    ndcg@10 : 0.486
Thu 12 Sep 2024 12:31:32 INFO  epoch 202 training [time: 688.75s, train loss: 2001.2673]
Thu 12 Sep 2024 12:31:32 INFO  epoch 202 evaluating [time: 0.14s, valid_score: 0.440900]
Thu 12 Sep 2024 12:31:32 INFO  valid result: 
hit@5 : 0.5991    hit@10 : 0.7377    ndcg@5 : 0.4409    ndcg@10 : 0.4863
Thu 12 Sep 2024 12:43:01 INFO  epoch 203 training [time: 688.93s, train loss: 2001.5018]
Thu 12 Sep 2024 12:43:01 INFO  epoch 203 evaluating [time: 0.14s, valid_score: 0.444900]
Thu 12 Sep 2024 12:43:01 INFO  valid result: 
hit@5 : 0.6098    hit@10 : 0.7399    ndcg@5 : 0.4449    ndcg@10 : 0.4872
Thu 12 Sep 2024 12:54:30 INFO  epoch 204 training [time: 688.71s, train loss: 2001.7021]
Thu 12 Sep 2024 12:54:30 INFO  epoch 204 evaluating [time: 0.14s, valid_score: 0.446500]
Thu 12 Sep 2024 12:54:30 INFO  valid result: 
hit@5 : 0.6055    hit@10 : 0.7463    ndcg@5 : 0.4465    ndcg@10 : 0.4922
Thu 12 Sep 2024 13:05:58 INFO  epoch 205 training [time: 688.52s, train loss: 2001.8955]
Thu 12 Sep 2024 13:05:59 INFO  epoch 205 evaluating [time: 0.15s, valid_score: 0.445000]
Thu 12 Sep 2024 13:05:59 INFO  valid result: 
hit@5 : 0.6162    hit@10 : 0.742    ndcg@5 : 0.445    ndcg@10 : 0.4862
Thu 12 Sep 2024 13:17:27 INFO  epoch 206 training [time: 688.44s, train loss: 2000.6181]
Thu 12 Sep 2024 13:17:27 INFO  epoch 206 evaluating [time: 0.15s, valid_score: 0.448400]
Thu 12 Sep 2024 13:17:27 INFO  valid result: 
hit@5 : 0.6119    hit@10 : 0.7463    ndcg@5 : 0.4484    ndcg@10 : 0.4919
Thu 12 Sep 2024 13:28:56 INFO  epoch 207 training [time: 688.69s, train loss: 2001.0275]
Thu 12 Sep 2024 13:28:56 INFO  epoch 207 evaluating [time: 0.14s, valid_score: 0.445200]
Thu 12 Sep 2024 13:28:56 INFO  valid result: 
hit@5 : 0.6141    hit@10 : 0.7399    ndcg@5 : 0.4452    ndcg@10 : 0.4865
Thu 12 Sep 2024 13:40:25 INFO  epoch 208 training [time: 688.72s, train loss: 2000.3892]
Thu 12 Sep 2024 13:40:25 INFO  epoch 208 evaluating [time: 0.15s, valid_score: 0.437400]
Thu 12 Sep 2024 13:40:25 INFO  valid result: 
hit@5 : 0.5991    hit@10 : 0.7292    ndcg@5 : 0.4374    ndcg@10 : 0.4798
Thu 12 Sep 2024 13:51:53 INFO  epoch 209 training [time: 688.52s, train loss: 2001.0341]
Thu 12 Sep 2024 13:51:54 INFO  epoch 209 evaluating [time: 0.14s, valid_score: 0.444800]
Thu 12 Sep 2024 13:51:54 INFO  valid result: 
hit@5 : 0.6119    hit@10 : 0.7505    ndcg@5 : 0.4448    ndcg@10 : 0.4896
Thu 12 Sep 2024 14:03:22 INFO  epoch 210 training [time: 688.66s, train loss: 2001.3521]
Thu 12 Sep 2024 14:03:22 INFO  epoch 210 evaluating [time: 0.19s, valid_score: 0.442400]
Thu 12 Sep 2024 14:03:22 INFO  valid result: 
hit@5 : 0.6034    hit@10 : 0.7335    ndcg@5 : 0.4424    ndcg@10 : 0.4846
Thu 12 Sep 2024 14:14:51 INFO  epoch 211 training [time: 688.59s, train loss: 2001.1976]
Thu 12 Sep 2024 14:14:51 INFO  epoch 211 evaluating [time: 0.15s, valid_score: 0.438600]
Thu 12 Sep 2024 14:14:51 INFO  valid result: 
hit@5 : 0.6013    hit@10 : 0.7271    ndcg@5 : 0.4386    ndcg@10 : 0.4801
Thu 12 Sep 2024 14:26:20 INFO  epoch 212 training [time: 688.96s, train loss: 2000.9439]
Thu 12 Sep 2024 14:26:20 INFO  epoch 212 evaluating [time: 0.14s, valid_score: 0.440200]
Thu 12 Sep 2024 14:26:20 INFO  valid result: 
hit@5 : 0.6034    hit@10 : 0.7313    ndcg@5 : 0.4402    ndcg@10 : 0.4825
Thu 12 Sep 2024 14:37:49 INFO  epoch 213 training [time: 688.79s, train loss: 2001.7029]
Thu 12 Sep 2024 14:37:49 INFO  epoch 213 evaluating [time: 0.16s, valid_score: 0.448300]
Thu 12 Sep 2024 14:37:49 INFO  valid result: 
hit@5 : 0.6183    hit@10 : 0.7505    ndcg@5 : 0.4483    ndcg@10 : 0.4912
Thu 12 Sep 2024 14:49:18 INFO  epoch 214 training [time: 688.74s, train loss: 2000.4581]
Thu 12 Sep 2024 14:49:18 INFO  epoch 214 evaluating [time: 0.15s, valid_score: 0.435300]
Thu 12 Sep 2024 14:49:18 INFO  valid result: 
hit@5 : 0.597    hit@10 : 0.7228    ndcg@5 : 0.4353    ndcg@10 : 0.477
Thu 12 Sep 2024 15:00:47 INFO  epoch 215 training [time: 688.74s, train loss: 2001.2363]
Thu 12 Sep 2024 15:00:47 INFO  epoch 215 evaluating [time: 0.15s, valid_score: 0.442800]
Thu 12 Sep 2024 15:00:47 INFO  valid result: 
hit@5 : 0.6055    hit@10 : 0.7335    ndcg@5 : 0.4428    ndcg@10 : 0.4846
Thu 12 Sep 2024 15:12:16 INFO  epoch 216 training [time: 688.74s, train loss: 2000.7632]
Thu 12 Sep 2024 15:12:16 INFO  epoch 216 evaluating [time: 0.14s, valid_score: 0.441300]
Thu 12 Sep 2024 15:12:16 INFO  valid result: 
hit@5 : 0.5991    hit@10 : 0.7356    ndcg@5 : 0.4413    ndcg@10 : 0.4865
Thu 12 Sep 2024 15:23:45 INFO  epoch 217 training [time: 688.76s, train loss: 2000.0725]
Thu 12 Sep 2024 15:23:45 INFO  epoch 217 evaluating [time: 0.14s, valid_score: 0.444300]
Thu 12 Sep 2024 15:23:45 INFO  valid result: 
hit@5 : 0.6055    hit@10 : 0.7335    ndcg@5 : 0.4443    ndcg@10 : 0.4862
Thu 12 Sep 2024 15:35:14 INFO  epoch 218 training [time: 688.73s, train loss: 2000.8175]
Thu 12 Sep 2024 15:35:14 INFO  epoch 218 evaluating [time: 0.14s, valid_score: 0.437300]
Thu 12 Sep 2024 15:35:14 INFO  valid result: 
hit@5 : 0.5949    hit@10 : 0.7207    ndcg@5 : 0.4373    ndcg@10 : 0.4789
Thu 12 Sep 2024 15:46:43 INFO  epoch 219 training [time: 688.89s, train loss: 2001.4573]
Thu 12 Sep 2024 15:46:43 INFO  epoch 219 evaluating [time: 0.13s, valid_score: 0.437000]
Thu 12 Sep 2024 15:46:43 INFO  valid result: 
hit@5 : 0.5991    hit@10 : 0.7356    ndcg@5 : 0.437    ndcg@10 : 0.4817
Thu 12 Sep 2024 15:58:12 INFO  epoch 220 training [time: 688.91s, train loss: 2000.6025]
Thu 12 Sep 2024 15:58:12 INFO  epoch 220 evaluating [time: 0.15s, valid_score: 0.447700]
Thu 12 Sep 2024 15:58:12 INFO  valid result: 
hit@5 : 0.6119    hit@10 : 0.742    ndcg@5 : 0.4477    ndcg@10 : 0.4904
Thu 12 Sep 2024 16:09:41 INFO  epoch 221 training [time: 688.76s, train loss: 2000.2493]
Thu 12 Sep 2024 16:09:41 INFO  epoch 221 evaluating [time: 0.14s, valid_score: 0.444700]
Thu 12 Sep 2024 16:09:41 INFO  valid result: 
hit@5 : 0.5991    hit@10 : 0.7463    ndcg@5 : 0.4447    ndcg@10 : 0.4929
Thu 12 Sep 2024 16:21:09 INFO  epoch 222 training [time: 688.72s, train loss: 2000.2209]
Thu 12 Sep 2024 16:21:10 INFO  epoch 222 evaluating [time: 0.14s, valid_score: 0.438600]
Thu 12 Sep 2024 16:21:10 INFO  valid result: 
hit@5 : 0.6013    hit@10 : 0.7249    ndcg@5 : 0.4386    ndcg@10 : 0.4794
Thu 12 Sep 2024 16:32:38 INFO  epoch 223 training [time: 688.85s, train loss: 2000.2292]
Thu 12 Sep 2024 16:32:39 INFO  epoch 223 evaluating [time: 0.15s, valid_score: 0.443900]
Thu 12 Sep 2024 16:32:39 INFO  valid result: 
hit@5 : 0.6119    hit@10 : 0.7271    ndcg@5 : 0.4439    ndcg@10 : 0.4819
Thu 12 Sep 2024 16:44:07 INFO  epoch 224 training [time: 688.84s, train loss: 2000.5840]
Thu 12 Sep 2024 16:44:08 INFO  epoch 224 evaluating [time: 0.15s, valid_score: 0.441300]
Thu 12 Sep 2024 16:44:08 INFO  valid result: 
hit@5 : 0.6013    hit@10 : 0.7399    ndcg@5 : 0.4413    ndcg@10 : 0.4865
Thu 12 Sep 2024 16:55:37 INFO  epoch 225 training [time: 689.40s, train loss: 2000.0469]
Thu 12 Sep 2024 16:55:37 INFO  epoch 225 evaluating [time: 0.15s, valid_score: 0.442900]
Thu 12 Sep 2024 16:55:37 INFO  valid result: 
hit@5 : 0.6098    hit@10 : 0.7356    ndcg@5 : 0.4429    ndcg@10 : 0.4844
Thu 12 Sep 2024 17:07:06 INFO  epoch 226 training [time: 688.78s, train loss: 2000.4295]
Thu 12 Sep 2024 17:07:06 INFO  epoch 226 evaluating [time: 0.14s, valid_score: 0.439900]
Thu 12 Sep 2024 17:07:06 INFO  valid result: 
hit@5 : 0.6055    hit@10 : 0.7313    ndcg@5 : 0.4399    ndcg@10 : 0.4806
Thu 12 Sep 2024 17:18:35 INFO  epoch 227 training [time: 688.85s, train loss: 2000.3916]
Thu 12 Sep 2024 17:18:35 INFO  epoch 227 evaluating [time: 0.15s, valid_score: 0.439500]
Thu 12 Sep 2024 17:18:35 INFO  valid result: 
hit@5 : 0.6034    hit@10 : 0.7292    ndcg@5 : 0.4395    ndcg@10 : 0.4814
Thu 12 Sep 2024 17:30:04 INFO  epoch 228 training [time: 688.82s, train loss: 2000.2113]
Thu 12 Sep 2024 17:30:04 INFO  epoch 228 evaluating [time: 0.13s, valid_score: 0.440000]
Thu 12 Sep 2024 17:30:04 INFO  valid result: 
hit@5 : 0.597    hit@10 : 0.7377    ndcg@5 : 0.44    ndcg@10 : 0.4861
Thu 12 Sep 2024 17:41:33 INFO  epoch 229 training [time: 688.91s, train loss: 2000.5051]
Thu 12 Sep 2024 17:41:33 INFO  epoch 229 evaluating [time: 0.13s, valid_score: 0.450600]
Thu 12 Sep 2024 17:41:33 INFO  valid result: 
hit@5 : 0.6119    hit@10 : 0.7356    ndcg@5 : 0.4506    ndcg@10 : 0.4908
Thu 12 Sep 2024 17:53:02 INFO  epoch 230 training [time: 689.16s, train loss: 2000.1758]
Thu 12 Sep 2024 17:53:02 INFO  epoch 230 evaluating [time: 0.14s, valid_score: 0.436800]
Thu 12 Sep 2024 17:53:02 INFO  valid result: 
hit@5 : 0.5949    hit@10 : 0.742    ndcg@5 : 0.4368    ndcg@10 : 0.4849
Thu 12 Sep 2024 18:04:32 INFO  epoch 231 training [time: 689.05s, train loss: 2000.0383]
Thu 12 Sep 2024 18:04:32 INFO  epoch 231 evaluating [time: 0.14s, valid_score: 0.444000]
Thu 12 Sep 2024 18:04:32 INFO  valid result: 
hit@5 : 0.6141    hit@10 : 0.7399    ndcg@5 : 0.444    ndcg@10 : 0.485
Thu 12 Sep 2024 18:16:01 INFO  epoch 232 training [time: 689.22s, train loss: 1999.9253]
Thu 12 Sep 2024 18:16:01 INFO  epoch 232 evaluating [time: 0.15s, valid_score: 0.442900]
Thu 12 Sep 2024 18:16:01 INFO  valid result: 
hit@5 : 0.6055    hit@10 : 0.7335    ndcg@5 : 0.4429    ndcg@10 : 0.4848
Thu 12 Sep 2024 18:27:30 INFO  epoch 233 training [time: 689.41s, train loss: 1999.0824]
Thu 12 Sep 2024 18:27:31 INFO  epoch 233 evaluating [time: 0.14s, valid_score: 0.439800]
Thu 12 Sep 2024 18:27:31 INFO  valid result: 
hit@5 : 0.6013    hit@10 : 0.7271    ndcg@5 : 0.4398    ndcg@10 : 0.4809
Thu 12 Sep 2024 18:39:00 INFO  epoch 234 training [time: 689.03s, train loss: 2000.4811]
Thu 12 Sep 2024 18:39:00 INFO  epoch 234 evaluating [time: 0.14s, valid_score: 0.434700]
Thu 12 Sep 2024 18:39:00 INFO  valid result: 
hit@5 : 0.597    hit@10 : 0.7377    ndcg@5 : 0.4347    ndcg@10 : 0.4808
Thu 12 Sep 2024 18:50:29 INFO  epoch 235 training [time: 688.86s, train loss: 2000.4115]
Thu 12 Sep 2024 18:50:29 INFO  epoch 235 evaluating [time: 0.15s, valid_score: 0.445100]
Thu 12 Sep 2024 18:50:29 INFO  valid result: 
hit@5 : 0.6098    hit@10 : 0.7377    ndcg@5 : 0.4451    ndcg@10 : 0.4869
Thu 12 Sep 2024 19:01:57 INFO  epoch 236 training [time: 688.66s, train loss: 2000.1622]
Thu 12 Sep 2024 19:01:58 INFO  epoch 236 evaluating [time: 0.15s, valid_score: 0.444600]
Thu 12 Sep 2024 19:01:58 INFO  valid result: 
hit@5 : 0.6034    hit@10 : 0.7335    ndcg@5 : 0.4446    ndcg@10 : 0.4874
Thu 12 Sep 2024 19:13:26 INFO  epoch 237 training [time: 688.84s, train loss: 1999.1072]
Thu 12 Sep 2024 19:13:27 INFO  epoch 237 evaluating [time: 0.14s, valid_score: 0.445300]
Thu 12 Sep 2024 19:13:27 INFO  valid result: 
hit@5 : 0.6034    hit@10 : 0.7441    ndcg@5 : 0.4453    ndcg@10 : 0.4914
Thu 12 Sep 2024 19:24:56 INFO  epoch 238 training [time: 689.09s, train loss: 2000.2640]
Thu 12 Sep 2024 19:24:56 INFO  epoch 238 evaluating [time: 0.14s, valid_score: 0.448200]
Thu 12 Sep 2024 19:24:56 INFO  valid result: 
hit@5 : 0.6077    hit@10 : 0.7335    ndcg@5 : 0.4482    ndcg@10 : 0.4896
Thu 12 Sep 2024 19:36:24 INFO  epoch 239 training [time: 688.53s, train loss: 2000.2015]
Thu 12 Sep 2024 19:36:25 INFO  epoch 239 evaluating [time: 0.14s, valid_score: 0.441800]
Thu 12 Sep 2024 19:36:25 INFO  valid result: 
hit@5 : 0.6034    hit@10 : 0.7399    ndcg@5 : 0.4418    ndcg@10 : 0.4863
Thu 12 Sep 2024 19:47:53 INFO  epoch 240 training [time: 688.84s, train loss: 1999.3697]
Thu 12 Sep 2024 19:47:54 INFO  epoch 240 evaluating [time: 0.14s, valid_score: 0.434200]
Thu 12 Sep 2024 19:47:54 INFO  valid result: 
hit@5 : 0.5906    hit@10 : 0.7228    ndcg@5 : 0.4342    ndcg@10 : 0.478
Thu 12 Sep 2024 19:59:22 INFO  epoch 241 training [time: 688.53s, train loss: 1999.4657]
Thu 12 Sep 2024 19:59:22 INFO  epoch 241 evaluating [time: 0.14s, valid_score: 0.445100]
Thu 12 Sep 2024 19:59:22 INFO  valid result: 
hit@5 : 0.6034    hit@10 : 0.7377    ndcg@5 : 0.4451    ndcg@10 : 0.489
Thu 12 Sep 2024 20:10:51 INFO  epoch 242 training [time: 688.76s, train loss: 1999.9132]
Thu 12 Sep 2024 20:10:51 INFO  epoch 242 evaluating [time: 0.14s, valid_score: 0.447100]
Thu 12 Sep 2024 20:10:51 INFO  valid result: 
hit@5 : 0.6141    hit@10 : 0.7335    ndcg@5 : 0.4471    ndcg@10 : 0.4862
Thu 12 Sep 2024 20:22:20 INFO  epoch 243 training [time: 688.84s, train loss: 1999.6098]
Thu 12 Sep 2024 20:22:20 INFO  epoch 243 evaluating [time: 0.15s, valid_score: 0.443000]
Thu 12 Sep 2024 20:22:20 INFO  valid result: 
hit@5 : 0.6013    hit@10 : 0.7356    ndcg@5 : 0.443    ndcg@10 : 0.487
Thu 12 Sep 2024 20:33:49 INFO  epoch 244 training [time: 688.76s, train loss: 1999.1201]
Thu 12 Sep 2024 20:33:49 INFO  epoch 244 evaluating [time: 0.15s, valid_score: 0.447200]
Thu 12 Sep 2024 20:33:49 INFO  valid result: 
hit@5 : 0.6141    hit@10 : 0.7377    ndcg@5 : 0.4472    ndcg@10 : 0.488
Thu 12 Sep 2024 20:45:18 INFO  epoch 245 training [time: 689.13s, train loss: 2000.7030]
Thu 12 Sep 2024 20:45:18 INFO  epoch 245 evaluating [time: 0.15s, valid_score: 0.445700]
Thu 12 Sep 2024 20:45:18 INFO  valid result: 
hit@5 : 0.6077    hit@10 : 0.7377    ndcg@5 : 0.4457    ndcg@10 : 0.488
Thu 12 Sep 2024 20:56:47 INFO  epoch 246 training [time: 688.82s, train loss: 1999.8866]
Thu 12 Sep 2024 20:56:47 INFO  epoch 246 evaluating [time: 0.15s, valid_score: 0.438100]
Thu 12 Sep 2024 20:56:47 INFO  valid result: 
hit@5 : 0.597    hit@10 : 0.7356    ndcg@5 : 0.4381    ndcg@10 : 0.4838
Thu 12 Sep 2024 21:08:16 INFO  epoch 247 training [time: 688.61s, train loss: 1999.7384]
Thu 12 Sep 2024 21:08:16 INFO  epoch 247 evaluating [time: 0.15s, valid_score: 0.441500]
Thu 12 Sep 2024 21:08:16 INFO  valid result: 
hit@5 : 0.6098    hit@10 : 0.7335    ndcg@5 : 0.4415    ndcg@10 : 0.482
Thu 12 Sep 2024 21:19:45 INFO  epoch 248 training [time: 688.64s, train loss: 1998.8663]
Thu 12 Sep 2024 21:19:45 INFO  epoch 248 evaluating [time: 0.15s, valid_score: 0.437500]
Thu 12 Sep 2024 21:19:45 INFO  valid result: 
hit@5 : 0.6034    hit@10 : 0.7399    ndcg@5 : 0.4375    ndcg@10 : 0.4821
Thu 12 Sep 2024 21:31:14 INFO  epoch 249 training [time: 688.61s, train loss: 1998.8824]
Thu 12 Sep 2024 21:31:14 INFO  epoch 249 evaluating [time: 0.14s, valid_score: 0.441600]
Thu 12 Sep 2024 21:31:14 INFO  valid result: 
hit@5 : 0.6077    hit@10 : 0.7207    ndcg@5 : 0.4416    ndcg@10 : 0.4783
Thu 12 Sep 2024 21:42:42 INFO  epoch 250 training [time: 688.51s, train loss: 1998.8635]
Thu 12 Sep 2024 21:42:42 INFO  epoch 250 evaluating [time: 0.14s, valid_score: 0.438100]
Thu 12 Sep 2024 21:42:42 INFO  valid result: 
hit@5 : 0.5991    hit@10 : 0.7356    ndcg@5 : 0.4381    ndcg@10 : 0.4829
Thu 12 Sep 2024 21:54:11 INFO  epoch 251 training [time: 688.59s, train loss: 1999.4013]
Thu 12 Sep 2024 21:54:11 INFO  epoch 251 evaluating [time: 0.13s, valid_score: 0.443600]
Thu 12 Sep 2024 21:54:11 INFO  valid result: 
hit@5 : 0.6055    hit@10 : 0.7313    ndcg@5 : 0.4436    ndcg@10 : 0.4853
Thu 12 Sep 2024 22:05:40 INFO  epoch 252 training [time: 688.47s, train loss: 1999.5167]
Thu 12 Sep 2024 22:05:40 INFO  epoch 252 evaluating [time: 0.14s, valid_score: 0.440300]
Thu 12 Sep 2024 22:05:40 INFO  valid result: 
hit@5 : 0.5991    hit@10 : 0.7399    ndcg@5 : 0.4403    ndcg@10 : 0.4864
Thu 12 Sep 2024 22:17:08 INFO  epoch 253 training [time: 688.75s, train loss: 1999.7106]
Thu 12 Sep 2024 22:17:09 INFO  epoch 253 evaluating [time: 0.14s, valid_score: 0.443000]
Thu 12 Sep 2024 22:17:09 INFO  valid result: 
hit@5 : 0.6119    hit@10 : 0.7292    ndcg@5 : 0.443    ndcg@10 : 0.481
Thu 12 Sep 2024 22:28:38 INFO  epoch 254 training [time: 689.32s, train loss: 1999.2170]
Thu 12 Sep 2024 22:28:38 INFO  epoch 254 evaluating [time: 0.14s, valid_score: 0.434300]
Thu 12 Sep 2024 22:28:38 INFO  valid result: 
hit@5 : 0.597    hit@10 : 0.7271    ndcg@5 : 0.4343    ndcg@10 : 0.4769
Thu 12 Sep 2024 22:40:07 INFO  epoch 255 training [time: 688.74s, train loss: 1999.0808]
Thu 12 Sep 2024 22:40:07 INFO  epoch 255 evaluating [time: 0.14s, valid_score: 0.441400]
Thu 12 Sep 2024 22:40:07 INFO  valid result: 
hit@5 : 0.6098    hit@10 : 0.7356    ndcg@5 : 0.4414    ndcg@10 : 0.4823
Thu 12 Sep 2024 22:51:35 INFO  epoch 256 training [time: 688.46s, train loss: 1999.3764]
Thu 12 Sep 2024 22:51:36 INFO  epoch 256 evaluating [time: 0.15s, valid_score: 0.442500]
Thu 12 Sep 2024 22:51:36 INFO  valid result: 
hit@5 : 0.6098    hit@10 : 0.7207    ndcg@5 : 0.4425    ndcg@10 : 0.4792
Thu 12 Sep 2024 23:03:04 INFO  epoch 257 training [time: 688.57s, train loss: 1999.4400]
Thu 12 Sep 2024 23:03:04 INFO  epoch 257 evaluating [time: 0.15s, valid_score: 0.438200]
Thu 12 Sep 2024 23:03:04 INFO  valid result: 
hit@5 : 0.597    hit@10 : 0.7249    ndcg@5 : 0.4382    ndcg@10 : 0.4806
Thu 12 Sep 2024 23:14:33 INFO  epoch 258 training [time: 688.74s, train loss: 1998.7698]
Thu 12 Sep 2024 23:14:33 INFO  epoch 258 evaluating [time: 0.15s, valid_score: 0.434400]
Thu 12 Sep 2024 23:14:33 INFO  valid result: 
hit@5 : 0.5949    hit@10 : 0.7292    ndcg@5 : 0.4344    ndcg@10 : 0.4792
Thu 12 Sep 2024 23:26:02 INFO  epoch 259 training [time: 688.52s, train loss: 1999.4677]
Thu 12 Sep 2024 23:26:02 INFO  epoch 259 evaluating [time: 0.14s, valid_score: 0.449800]
Thu 12 Sep 2024 23:26:02 INFO  valid result: 
hit@5 : 0.6162    hit@10 : 0.7356    ndcg@5 : 0.4498    ndcg@10 : 0.4889
Thu 12 Sep 2024 23:37:30 INFO  epoch 260 training [time: 688.44s, train loss: 1999.1869]
Thu 12 Sep 2024 23:37:30 INFO  epoch 260 evaluating [time: 0.15s, valid_score: 0.434500]
Thu 12 Sep 2024 23:37:30 INFO  valid result: 
hit@5 : 0.5991    hit@10 : 0.7292    ndcg@5 : 0.4345    ndcg@10 : 0.477
Thu 12 Sep 2024 23:48:59 INFO  epoch 261 training [time: 688.55s, train loss: 1998.3150]
Thu 12 Sep 2024 23:48:59 INFO  epoch 261 evaluating [time: 0.14s, valid_score: 0.445800]
Thu 12 Sep 2024 23:48:59 INFO  valid result: 
hit@5 : 0.6162    hit@10 : 0.7356    ndcg@5 : 0.4458    ndcg@10 : 0.4849
Fri 13 Sep 2024 00:00:28 INFO  epoch 262 training [time: 688.57s, train loss: 1998.3812]
Fri 13 Sep 2024 00:00:28 INFO  epoch 262 evaluating [time: 0.15s, valid_score: 0.440700]
Fri 13 Sep 2024 00:00:28 INFO  valid result: 
hit@5 : 0.6055    hit@10 : 0.742    ndcg@5 : 0.4407    ndcg@10 : 0.485
Fri 13 Sep 2024 00:11:56 INFO  epoch 263 training [time: 688.56s, train loss: 1998.8109]
Fri 13 Sep 2024 00:11:57 INFO  epoch 263 evaluating [time: 0.15s, valid_score: 0.447100]
Fri 13 Sep 2024 00:11:57 INFO  valid result: 
hit@5 : 0.6162    hit@10 : 0.7377    ndcg@5 : 0.4471    ndcg@10 : 0.4873
Fri 13 Sep 2024 00:23:25 INFO  epoch 264 training [time: 688.67s, train loss: 1998.7625]
Fri 13 Sep 2024 00:23:25 INFO  epoch 264 evaluating [time: 0.13s, valid_score: 0.434200]
Fri 13 Sep 2024 00:23:25 INFO  valid result: 
hit@5 : 0.5864    hit@10 : 0.7249    ndcg@5 : 0.4342    ndcg@10 : 0.4792
Fri 13 Sep 2024 00:34:54 INFO  epoch 265 training [time: 688.68s, train loss: 1997.9347]
Fri 13 Sep 2024 00:34:54 INFO  epoch 265 evaluating [time: 0.15s, valid_score: 0.435700]
Fri 13 Sep 2024 00:34:54 INFO  valid result: 
hit@5 : 0.5928    hit@10 : 0.7271    ndcg@5 : 0.4357    ndcg@10 : 0.4802
Fri 13 Sep 2024 00:46:23 INFO  epoch 266 training [time: 688.73s, train loss: 1998.9312]
Fri 13 Sep 2024 00:46:23 INFO  epoch 266 evaluating [time: 0.15s, valid_score: 0.447600]
Fri 13 Sep 2024 00:46:23 INFO  valid result: 
hit@5 : 0.6077    hit@10 : 0.7356    ndcg@5 : 0.4476    ndcg@10 : 0.4899
Fri 13 Sep 2024 00:57:52 INFO  epoch 267 training [time: 688.60s, train loss: 1998.3214]
Fri 13 Sep 2024 00:57:52 INFO  epoch 267 evaluating [time: 0.15s, valid_score: 0.433500]
Fri 13 Sep 2024 00:57:52 INFO  valid result: 
hit@5 : 0.5928    hit@10 : 0.7399    ndcg@5 : 0.4335    ndcg@10 : 0.4818
Fri 13 Sep 2024 01:09:21 INFO  epoch 268 training [time: 688.74s, train loss: 1998.5809]
Fri 13 Sep 2024 01:09:21 INFO  epoch 268 evaluating [time: 0.13s, valid_score: 0.447300]
Fri 13 Sep 2024 01:09:21 INFO  valid result: 
hit@5 : 0.6141    hit@10 : 0.7335    ndcg@5 : 0.4473    ndcg@10 : 0.4865
Fri 13 Sep 2024 01:20:50 INFO  epoch 269 training [time: 689.09s, train loss: 1998.6167]
Fri 13 Sep 2024 01:20:50 INFO  epoch 269 evaluating [time: 0.14s, valid_score: 0.435500]
Fri 13 Sep 2024 01:20:50 INFO  valid result: 
hit@5 : 0.5906    hit@10 : 0.7377    ndcg@5 : 0.4355    ndcg@10 : 0.4843
Fri 13 Sep 2024 01:32:19 INFO  epoch 270 training [time: 688.56s, train loss: 1998.8310]
Fri 13 Sep 2024 01:32:19 INFO  epoch 270 evaluating [time: 0.15s, valid_score: 0.447300]
Fri 13 Sep 2024 01:32:19 INFO  valid result: 
hit@5 : 0.6141    hit@10 : 0.7356    ndcg@5 : 0.4473    ndcg@10 : 0.4871
Fri 13 Sep 2024 01:43:47 INFO  epoch 271 training [time: 688.51s, train loss: 1998.6898]
Fri 13 Sep 2024 01:43:47 INFO  epoch 271 evaluating [time: 0.14s, valid_score: 0.446100]
Fri 13 Sep 2024 01:43:47 INFO  valid result: 
hit@5 : 0.6119    hit@10 : 0.742    ndcg@5 : 0.4461    ndcg@10 : 0.4887
Fri 13 Sep 2024 01:55:16 INFO  epoch 272 training [time: 688.41s, train loss: 1998.4212]
Fri 13 Sep 2024 01:55:16 INFO  epoch 272 evaluating [time: 0.13s, valid_score: 0.444300]
Fri 13 Sep 2024 01:55:16 INFO  valid result: 
hit@5 : 0.6098    hit@10 : 0.7292    ndcg@5 : 0.4443    ndcg@10 : 0.4836
Fri 13 Sep 2024 02:06:45 INFO  epoch 273 training [time: 688.53s, train loss: 1998.1461]
Fri 13 Sep 2024 02:06:45 INFO  epoch 273 evaluating [time: 0.15s, valid_score: 0.435600]
Fri 13 Sep 2024 02:06:45 INFO  valid result: 
hit@5 : 0.5949    hit@10 : 0.7207    ndcg@5 : 0.4356    ndcg@10 : 0.4772
Fri 13 Sep 2024 02:18:14 INFO  epoch 274 training [time: 688.90s, train loss: 1998.4049]
Fri 13 Sep 2024 02:18:14 INFO  epoch 274 evaluating [time: 0.13s, valid_score: 0.438700]
Fri 13 Sep 2024 02:18:14 INFO  valid result: 
hit@5 : 0.6055    hit@10 : 0.7377    ndcg@5 : 0.4387    ndcg@10 : 0.482
Fri 13 Sep 2024 02:29:43 INFO  epoch 275 training [time: 688.96s, train loss: 1997.6996]
Fri 13 Sep 2024 02:29:43 INFO  epoch 275 evaluating [time: 0.15s, valid_score: 0.440100]
Fri 13 Sep 2024 02:29:43 INFO  valid result: 
hit@5 : 0.6034    hit@10 : 0.7335    ndcg@5 : 0.4401    ndcg@10 : 0.4835
Fri 13 Sep 2024 02:41:11 INFO  epoch 276 training [time: 688.54s, train loss: 1998.1849]
Fri 13 Sep 2024 02:41:12 INFO  epoch 276 evaluating [time: 0.13s, valid_score: 0.446200]
Fri 13 Sep 2024 02:41:12 INFO  valid result: 
hit@5 : 0.6119    hit@10 : 0.7463    ndcg@5 : 0.4462    ndcg@10 : 0.4894
Fri 13 Sep 2024 02:52:40 INFO  epoch 277 training [time: 688.54s, train loss: 1998.0610]
Fri 13 Sep 2024 02:52:40 INFO  epoch 277 evaluating [time: 0.15s, valid_score: 0.451400]
Fri 13 Sep 2024 02:52:40 INFO  valid result: 
hit@5 : 0.6141    hit@10 : 0.7484    ndcg@5 : 0.4514    ndcg@10 : 0.4951
Fri 13 Sep 2024 03:04:09 INFO  epoch 278 training [time: 688.67s, train loss: 1999.3071]
Fri 13 Sep 2024 03:04:09 INFO  epoch 278 evaluating [time: 0.14s, valid_score: 0.434100]
Fri 13 Sep 2024 03:04:09 INFO  valid result: 
hit@5 : 0.597    hit@10 : 0.7228    ndcg@5 : 0.4341    ndcg@10 : 0.4753
Fri 13 Sep 2024 03:15:38 INFO  epoch 279 training [time: 688.62s, train loss: 1998.6345]
Fri 13 Sep 2024 03:15:38 INFO  epoch 279 evaluating [time: 0.13s, valid_score: 0.444500]
Fri 13 Sep 2024 03:15:38 INFO  valid result: 
hit@5 : 0.6098    hit@10 : 0.7313    ndcg@5 : 0.4445    ndcg@10 : 0.4843
Fri 13 Sep 2024 03:27:06 INFO  epoch 280 training [time: 688.50s, train loss: 1998.1327]
Fri 13 Sep 2024 03:27:07 INFO  epoch 280 evaluating [time: 0.16s, valid_score: 0.443400]
Fri 13 Sep 2024 03:27:07 INFO  valid result: 
hit@5 : 0.6098    hit@10 : 0.7313    ndcg@5 : 0.4434    ndcg@10 : 0.4829
Fri 13 Sep 2024 03:38:35 INFO  epoch 281 training [time: 688.54s, train loss: 1997.9949]
Fri 13 Sep 2024 03:38:35 INFO  epoch 281 evaluating [time: 0.15s, valid_score: 0.439300]
Fri 13 Sep 2024 03:38:35 INFO  valid result: 
hit@5 : 0.5991    hit@10 : 0.7228    ndcg@5 : 0.4393    ndcg@10 : 0.4802
Fri 13 Sep 2024 03:50:04 INFO  epoch 282 training [time: 688.68s, train loss: 1998.4846]
Fri 13 Sep 2024 03:50:04 INFO  epoch 282 evaluating [time: 0.15s, valid_score: 0.445700]
Fri 13 Sep 2024 03:50:04 INFO  valid result: 
hit@5 : 0.6141    hit@10 : 0.7399    ndcg@5 : 0.4457    ndcg@10 : 0.4869
Fri 13 Sep 2024 04:01:33 INFO  epoch 283 training [time: 688.76s, train loss: 1998.2613]
Fri 13 Sep 2024 04:01:33 INFO  epoch 283 evaluating [time: 0.15s, valid_score: 0.436800]
Fri 13 Sep 2024 04:01:33 INFO  valid result: 
hit@5 : 0.6013    hit@10 : 0.7271    ndcg@5 : 0.4368    ndcg@10 : 0.4783
Fri 13 Sep 2024 04:13:01 INFO  epoch 284 training [time: 688.39s, train loss: 1997.2662]
Fri 13 Sep 2024 04:13:02 INFO  epoch 284 evaluating [time: 0.15s, valid_score: 0.438900]
Fri 13 Sep 2024 04:13:02 INFO  valid result: 
hit@5 : 0.5991    hit@10 : 0.7249    ndcg@5 : 0.4389    ndcg@10 : 0.4803
Fri 13 Sep 2024 04:24:30 INFO  epoch 285 training [time: 688.65s, train loss: 1998.2028]
Fri 13 Sep 2024 04:24:30 INFO  epoch 285 evaluating [time: 0.15s, valid_score: 0.444300]
Fri 13 Sep 2024 04:24:30 INFO  valid result: 
hit@5 : 0.6098    hit@10 : 0.7377    ndcg@5 : 0.4443    ndcg@10 : 0.4864
Fri 13 Sep 2024 04:35:59 INFO  epoch 286 training [time: 688.57s, train loss: 1998.0920]
Fri 13 Sep 2024 04:35:59 INFO  epoch 286 evaluating [time: 0.14s, valid_score: 0.440300]
Fri 13 Sep 2024 04:35:59 INFO  valid result: 
hit@5 : 0.5991    hit@10 : 0.7399    ndcg@5 : 0.4403    ndcg@10 : 0.4862
Fri 13 Sep 2024 04:47:28 INFO  epoch 287 training [time: 688.50s, train loss: 1998.0199]
Fri 13 Sep 2024 04:47:28 INFO  epoch 287 evaluating [time: 0.14s, valid_score: 0.450400]
Fri 13 Sep 2024 04:47:28 INFO  valid result: 
hit@5 : 0.6183    hit@10 : 0.7313    ndcg@5 : 0.4504    ndcg@10 : 0.4875
Fri 13 Sep 2024 04:58:57 INFO  epoch 288 training [time: 688.85s, train loss: 1997.9764]
Fri 13 Sep 2024 04:58:57 INFO  epoch 288 evaluating [time: 0.15s, valid_score: 0.444100]
Fri 13 Sep 2024 04:58:57 INFO  valid result: 
hit@5 : 0.6119    hit@10 : 0.7399    ndcg@5 : 0.4441    ndcg@10 : 0.4861
Fri 13 Sep 2024 05:10:25 INFO  epoch 289 training [time: 688.63s, train loss: 1998.0435]
Fri 13 Sep 2024 05:10:26 INFO  epoch 289 evaluating [time: 0.14s, valid_score: 0.445600]
Fri 13 Sep 2024 05:10:26 INFO  valid result: 
hit@5 : 0.6098    hit@10 : 0.742    ndcg@5 : 0.4456    ndcg@10 : 0.4888
Fri 13 Sep 2024 05:21:54 INFO  epoch 290 training [time: 688.69s, train loss: 1997.5389]
Fri 13 Sep 2024 05:21:54 INFO  epoch 290 evaluating [time: 0.14s, valid_score: 0.446300]
Fri 13 Sep 2024 05:21:54 INFO  valid result: 
hit@5 : 0.6034    hit@10 : 0.7335    ndcg@5 : 0.4463    ndcg@10 : 0.4893
Fri 13 Sep 2024 05:33:23 INFO  epoch 291 training [time: 688.66s, train loss: 1998.5389]
Fri 13 Sep 2024 05:33:23 INFO  epoch 291 evaluating [time: 0.14s, valid_score: 0.444300]
Fri 13 Sep 2024 05:33:23 INFO  valid result: 
hit@5 : 0.6098    hit@10 : 0.7633    ndcg@5 : 0.4443    ndcg@10 : 0.4937
Fri 13 Sep 2024 05:44:52 INFO  epoch 292 training [time: 688.62s, train loss: 1997.6923]
Fri 13 Sep 2024 05:44:52 INFO  epoch 292 evaluating [time: 0.14s, valid_score: 0.441000]
Fri 13 Sep 2024 05:44:52 INFO  valid result: 
hit@5 : 0.5991    hit@10 : 0.7399    ndcg@5 : 0.441    ndcg@10 : 0.4865
Fri 13 Sep 2024 05:56:21 INFO  epoch 293 training [time: 688.70s, train loss: 1997.9799]
Fri 13 Sep 2024 05:56:21 INFO  epoch 293 evaluating [time: 0.14s, valid_score: 0.448000]
Fri 13 Sep 2024 05:56:21 INFO  valid result: 
hit@5 : 0.6247    hit@10 : 0.742    ndcg@5 : 0.448    ndcg@10 : 0.4863
Fri 13 Sep 2024 06:07:49 INFO  epoch 294 training [time: 688.58s, train loss: 1998.8739]
Fri 13 Sep 2024 06:07:50 INFO  epoch 294 evaluating [time: 0.15s, valid_score: 0.444900]
Fri 13 Sep 2024 06:07:50 INFO  valid result: 
hit@5 : 0.6098    hit@10 : 0.7377    ndcg@5 : 0.4449    ndcg@10 : 0.4867
Fri 13 Sep 2024 06:19:18 INFO  epoch 295 training [time: 688.60s, train loss: 1997.4372]
Fri 13 Sep 2024 06:19:18 INFO  epoch 295 evaluating [time: 0.15s, valid_score: 0.437500]
Fri 13 Sep 2024 06:19:18 INFO  valid result: 
hit@5 : 0.597    hit@10 : 0.7271    ndcg@5 : 0.4375    ndcg@10 : 0.4807
Fri 13 Sep 2024 06:30:47 INFO  epoch 296 training [time: 689.13s, train loss: 1997.9193]
Fri 13 Sep 2024 06:30:48 INFO  epoch 296 evaluating [time: 0.14s, valid_score: 0.446900]
Fri 13 Sep 2024 06:30:48 INFO  valid result: 
hit@5 : 0.6098    hit@10 : 0.7356    ndcg@5 : 0.4469    ndcg@10 : 0.4883
Fri 13 Sep 2024 06:42:17 INFO  epoch 297 training [time: 688.90s, train loss: 1998.0300]
Fri 13 Sep 2024 06:42:17 INFO  epoch 297 evaluating [time: 0.13s, valid_score: 0.442000]
Fri 13 Sep 2024 06:42:17 INFO  valid result: 
hit@5 : 0.6013    hit@10 : 0.7463    ndcg@5 : 0.442    ndcg@10 : 0.4894
Fri 13 Sep 2024 06:53:46 INFO  epoch 298 training [time: 688.85s, train loss: 1997.4692]
Fri 13 Sep 2024 06:53:46 INFO  epoch 298 evaluating [time: 0.15s, valid_score: 0.435800]
Fri 13 Sep 2024 06:53:46 INFO  valid result: 
hit@5 : 0.5928    hit@10 : 0.7313    ndcg@5 : 0.4358    ndcg@10 : 0.4814
Fri 13 Sep 2024 07:05:16 INFO  epoch 299 training [time: 690.19s, train loss: 1998.1566]
Fri 13 Sep 2024 07:05:16 INFO  epoch 299 evaluating [time: 0.14s, valid_score: 0.440900]
Fri 13 Sep 2024 07:05:16 INFO  valid result: 
hit@5 : 0.6055    hit@10 : 0.7399    ndcg@5 : 0.4409    ndcg@10 : 0.4846
Fri 13 Sep 2024 07:05:16 INFO  Loading model structure and parameters from saved\UniSRec-Sep-10-2024_21-32-33.pth
Fri 13 Sep 2024 07:05:16 INFO  best valid : OrderedDict({'hit@5': 0.6119, 'hit@10': 0.7335, 'ndcg@5': 0.4522, 'ndcg@10': 0.4922})
Fri 13 Sep 2024 07:05:16 INFO  test result: OrderedDict({'hit@5': 0.162, 'hit@10': 0.3475, 'ndcg@5': 0.095, 'ndcg@10': 0.154})
